<?xml version="1.0" encoding="UTF-8"?>
<!-- Generated by org.testng.reporters.JUnitReportReporter -->
<testsuite hostname="DESKTOP-B2BGAG6" failures="0" tests="2" name="CBS_Branch_Loan_GoldLoan.Loan_Clousure_EMI_Type" time="13.564" errors="0" timestamp="2025-05-17T13:51:57 IST" skipped="0">
  <testcase classname="CBS_Branch_Loan_GoldLoan.Loan_Clousure_EMI_Type" name="Loan_Clousure_EMI_Type_Navigation" time="13.557"/>
  <testcase classname="CBS_Branch_Loan_GoldLoan.Loan_Clousure_EMI_Type" name="Loan_Clousure_EMI_Type_Actions" time="0.007"/>
</testsuite> <!-- CBS_Branch_Loan_GoldLoan.Loan_Clousure_EMI_Type -->
