<?xml version="1.0" encoding="UTF-8"?>
<!-- Generated by org.testng.reporters.JUnitReportReporter -->
<testsuite hostname="DESKTOP-DF4USC7" failures="0" tests="3" name="CBS_Branch_Transactions.Fund_Deposit" time="0.005" errors="0" timestamp="2025-12-27T17:01:44 IST" skipped="3">
  <testcase classname="CBS_Branch_Transactions.Fund_Deposit" name="fundDeposit" time="0.001">
    <skipped/>
  </testcase> <!-- fundDeposit -->
  <testcase classname="CBS_Branch_Transactions.Fund_Deposit" name="approveVoucher" time="0.002">
    <skipped/>
  </testcase> <!-- approveVoucher -->
  <testcase classname="CBS_Branch_Transactions.Fund_Deposit" name="fundDeposit_ForBalanceCheckAfterDeposit" time="0.002">
    <skipped/>
  </testcase> <!-- fundDeposit_ForBalanceCheckAfterDeposit -->
</testsuite> <!-- CBS_Branch_Transactions.Fund_Deposit -->
