<?xml version="1.0" encoding="UTF-8"?>
<!-- Generated by org.testng.reporters.JUnitReportReporter -->
<testsuite hostname="DESKTOP-DF4USC7" failures="0" tests="3" name="CBS_Branch_CreditServiceCenter.Add_Credit_Service_Center_And_View_Credit_Request" time="0.021" errors="0" timestamp="2025-12-27T17:01:44 IST" skipped="3">
  <testcase classname="CBS_Branch_CreditServiceCenter.Add_Credit_Service_Center_And_View_Credit_Request" name="Add_Credit_Service_Center_Navigation" time="0.003">
    <skipped/>
  </testcase> <!-- Add_Credit_Service_Center_Navigation -->
  <testcase classname="CBS_Branch_CreditServiceCenter.Add_Credit_Service_Center_And_View_Credit_Request" name="Add_Credit_Service_Center_Actions" time="0.017">
    <skipped/>
  </testcase> <!-- Add_Credit_Service_Center_Actions -->
  <testcase classname="CBS_Branch_CreditServiceCenter.Add_Credit_Service_Center_And_View_Credit_Request" name="view_Credit_Request" time="0.001">
    <skipped/>
  </testcase> <!-- view_Credit_Request -->
</testsuite> <!-- CBS_Branch_CreditServiceCenter.Add_Credit_Service_Center_And_View_Credit_Request -->
