<?xml version="1.0" encoding="UTF-8"?>
<!-- Generated by org.testng.reporters.JUnitReportReporter -->
<testsuite hostname="DESKTOP-DF4USC7" failures="0" tests="2" name="CBS_Branch_CoreBankingService_LoanOnDeposit.LoanAccountOpeningANDSearch" time="0.016" errors="0" timestamp="2025-12-27T17:01:44 IST" skipped="2">
  <testcase classname="CBS_Branch_CoreBankingService_LoanOnDeposit.LoanAccountOpeningANDSearch" name="Loan_AccountOpening" time="0.014">
    <skipped/>
  </testcase> <!-- Loan_AccountOpening -->
  <testcase classname="CBS_Branch_CoreBankingService_LoanOnDeposit.LoanAccountOpeningANDSearch" name="viewAccount" time="0.002">
    <skipped/>
  </testcase> <!-- viewAccount -->
</testsuite> <!-- CBS_Branch_CoreBankingService_LoanOnDeposit.LoanAccountOpeningANDSearch -->
