<?xml version="1.0" encoding="UTF-8"?>
<!-- Generated by org.testng.reporters.JUnitReportReporter -->
<testsuite hostname="DESKTOP-B2BGAG6" failures="0" tests="2" name="CBS_Branch_CoreBankingService_FixedDeposit.Pay_Maturity" time="27.034" errors="0" timestamp="2025-05-15T16:55:23 IST" skipped="0">
  <testcase classname="CBS_Branch_CoreBankingService_FixedDeposit.Pay_Maturity" name="PayMaturity_Navigation" time="8.217"/>
  <testcase classname="CBS_Branch_CoreBankingService_FixedDeposit.Pay_Maturity" name="payMaturityActions" time="18.817"/>
</testsuite> <!-- CBS_Branch_CoreBankingService_FixedDeposit.Pay_Maturity -->
