<?xml version="1.0" encoding="UTF-8"?>
<!-- Generated by org.testng.reporters.JUnitReportReporter -->
<testsuite hostname="DESKTOP-B2BGAG6" failures="0" tests="1" name="CBS_Branch_CoreBankingService_SharePayment.View_ShareReport" time="26.525" errors="0" timestamp="2025-10-10T16:55:30 IST" skipped="0">
  <testcase classname="CBS_Branch_CoreBankingService_SharePayment.View_ShareReport" name="viewShareReport" time="26.525"/>
</testsuite> <!-- CBS_Branch_CoreBankingService_SharePayment.View_ShareReport -->
