<?xml version="1.0" encoding="UTF-8"?>
<!-- Generated by org.testng.reporters.JUnitReportReporter -->
<testsuite hostname="DESKTOP-B2BGAG6" failures="0" tests="2" name="CBS_Branch_CoreBankingService_MIS.MIS_AccountOpeningANDSearch" time="63.402" errors="0" timestamp="2025-09-12T18:17:58 IST" skipped="0">
  <testcase classname="CBS_Branch_CoreBankingService_MIS.MIS_AccountOpeningANDSearch" name="accountOpening" time="35.222"/>
  <testcase classname="CBS_Branch_CoreBankingService_MIS.MIS_AccountOpeningANDSearch" name="viewMISAccount" time="28.180"/>
</testsuite> <!-- CBS_Branch_CoreBankingService_MIS.MIS_AccountOpeningANDSearch -->
