<?xml version="1.0" encoding="UTF-8"?>
<!-- Generated by org.testng.reporters.JUnitReportReporter -->
<testsuite hostname="DESKTOP-B2BGAG6" failures="0" tests="2" name="CBS_Branch_Loan_Loan.Apply_Loan" time="46.790" errors="0" timestamp="2025-05-23T12:03:18 IST" skipped="0">
  <testcase classname="CBS_Branch_Loan_Loan.Apply_Loan" name="Apply_Loan_Navigation" time="7.752"/>
  <testcase classname="CBS_Branch_Loan_Loan.Apply_Loan" name="ApplyLoan_Actions" time="39.038"/>
</testsuite> <!-- CBS_Branch_Loan_Loan.Apply_Loan -->
