<?xml version="1.0" encoding="UTF-8"?>
<!-- Generated by org.testng.reporters.JUnitReportReporter -->
<testsuite hostname="DESKTOP-DF4USC7" failures="0" tests="5" name="CBS_Branch_CoreBankingService_CurrentAccount.CAOpening_View_Ledger_FLOW" time="0.008" errors="0" timestamp="2025-12-27T17:01:44 IST" skipped="5">
  <testcase classname="CBS_Branch_CoreBankingService_CurrentAccount.CAOpening_View_Ledger_FLOW" name="currentAccountOpening" time="0.002">
    <skipped/>
  </testcase> <!-- currentAccountOpening -->
  <testcase classname="CBS_Branch_CoreBankingService_CurrentAccount.CAOpening_View_Ledger_FLOW" name="ViewAccount" time="0.003">
    <skipped/>
  </testcase> <!-- ViewAccount -->
  <testcase classname="CBS_Branch_CoreBankingService_CurrentAccount.CAOpening_View_Ledger_FLOW" name="addFund" time="0.001">
    <skipped/>
  </testcase> <!-- addFund -->
  <testcase classname="CBS_Branch_CoreBankingService_CurrentAccount.CAOpening_View_Ledger_FLOW" name="viewCALedger" time="0.001">
    <skipped/>
  </testcase> <!-- viewCALedger -->
  <testcase classname="CBS_Branch_CoreBankingService_CurrentAccount.CAOpening_View_Ledger_FLOW" name="closedAccount" time="0.001">
    <skipped/>
  </testcase> <!-- closedAccount -->
</testsuite> <!-- CBS_Branch_CoreBankingService_CurrentAccount.CAOpening_View_Ledger_FLOW -->
