<?xml version="1.0" encoding="UTF-8"?>
<!-- Generated by org.testng.reporters.JUnitReportReporter -->
<testsuite hostname="DESKTOP-DF4USC7" failures="0" tests="2" name="CBS_Branch_CoreBankingService_SavingAccount.Closure_SB_Accounts" time="0.005" errors="0" timestamp="2025-12-27T17:01:44 IST" skipped="2">
  <testcase classname="CBS_Branch_CoreBankingService_SavingAccount.Closure_SB_Accounts" name="Closure_SB" time="0.001">
    <skipped/>
  </testcase> <!-- Closure_SB -->
  <testcase classname="CBS_Branch_CoreBankingService_SavingAccount.Closure_SB_Accounts" name="checkAccountStatus" time="0.004">
    <skipped/>
  </testcase> <!-- checkAccountStatus -->
</testsuite> <!-- CBS_Branch_CoreBankingService_SavingAccount.Closure_SB_Accounts -->
