<?xml version="1.0" encoding="UTF-8"?>
<!-- Generated by org.testng.reporters.JUnitReportReporter -->
<testsuite hostname="DESKTOP-DF4USC7" failures="0" tests="2" name="CBS_Branch_Loan_GoldLoan.View_Gold_Loan_Details" time="0.012" errors="0" timestamp="2025-12-27T17:01:44 IST" skipped="2">
  <testcase classname="CBS_Branch_Loan_GoldLoan.View_Gold_Loan_Details" name="View_Gold_Loan_Details_Navigation" time="0.012">
    <skipped/>
  </testcase> <!-- View_Gold_Loan_Details_Navigation -->
  <testcase classname="CBS_Branch_Loan_GoldLoan.View_Gold_Loan_Details" name="View_Gold_Loan_Details_Actions" time="0.000">
    <skipped/>
  </testcase> <!-- View_Gold_Loan_Details_Actions -->
</testsuite> <!-- CBS_Branch_Loan_GoldLoan.View_Gold_Loan_Details -->
