<?xml version="1.0" encoding="UTF-8"?>
<!-- Generated by org.testng.reporters.JUnitReportReporter -->
<testsuite hostname="DESKTOP-B2BGAG6" failures="0" tests="1" name="CBS_Branch_Loan_GoldLoan.Disbursement_Gold_Loan_Applications" time="11.936" errors="0" timestamp="2025-05-17T12:51:52 IST" skipped="0">
  <testcase classname="CBS_Branch_Loan_GoldLoan.Disbursement_Gold_Loan_Applications" name="Disbursement_Gold_Loan_Applications_Navigation" time="11.936"/>
</testsuite> <!-- CBS_Branch_Loan_GoldLoan.Disbursement_Gold_Loan_Applications -->
