<?xml version="1.0" encoding="UTF-8"?>
<!-- Generated by org.testng.reporters.JUnitReportReporter -->
<testsuite hostname="DESKTOP-DF4USC7" failures="0" tests="3" name="CBS_Branch_CoreBankingService_RD.Pay_Maturity" time="0.009" errors="0" timestamp="2025-12-27T17:01:44 IST" skipped="3">
  <testcase classname="CBS_Branch_CoreBankingService_RD.Pay_Maturity" name="PayMaturity" time="0.007">
    <skipped/>
  </testcase> <!-- PayMaturity -->
  <testcase classname="CBS_Branch_CoreBankingService_RD.Pay_Maturity" name="voucherAccept" time="0.001">
    <skipped/>
  </testcase> <!-- voucherAccept -->
  <testcase classname="CBS_Branch_CoreBankingService_RD.Pay_Maturity" name="checkReport" time="0.001">
    <skipped/>
  </testcase> <!-- checkReport -->
</testsuite> <!-- CBS_Branch_CoreBankingService_RD.Pay_Maturity -->
