<?xml version="1.0" encoding="UTF-8"?>
<!-- Generated by org.testng.reporters.JUnitReportReporter -->
<testsuite hostname="DESKTOP-DF4USC7" failures="0" tests="6" name="CBS_Branch_CoreBankingServices_PigmyDeposit.Pigmy_Open_Search_PreMature_Ledger" time="0.110" errors="0" timestamp="2025-12-27T17:01:44 IST" skipped="6">
  <testcase classname="CBS_Branch_CoreBankingServices_PigmyDeposit.Pigmy_Open_Search_PreMature_Ledger" name="Pigmy_AccountOpening" time="0.093">
    <skipped/>
  </testcase> <!-- Pigmy_AccountOpening -->
  <testcase classname="CBS_Branch_CoreBankingServices_PigmyDeposit.Pigmy_Open_Search_PreMature_Ledger" name="renewalPigmy" time="0.007">
    <skipped/>
  </testcase> <!-- renewalPigmy -->
  <testcase classname="CBS_Branch_CoreBankingServices_PigmyDeposit.Pigmy_Open_Search_PreMature_Ledger" name="viewPigmy" time="0.001">
    <skipped/>
  </testcase> <!-- viewPigmy -->
  <testcase classname="CBS_Branch_CoreBankingServices_PigmyDeposit.Pigmy_Open_Search_PreMature_Ledger" name="preMaturedPigmy" time="0.005">
    <skipped/>
  </testcase> <!-- preMaturedPigmy -->
  <testcase classname="CBS_Branch_CoreBankingServices_PigmyDeposit.Pigmy_Open_Search_PreMature_Ledger" name="acceptPreMaturityVoucher" time="0.004">
    <skipped/>
  </testcase> <!-- acceptPreMaturityVoucher -->
  <testcase classname="CBS_Branch_CoreBankingServices_PigmyDeposit.Pigmy_Open_Search_PreMature_Ledger" name="pigmyLedger" time="0.000">
    <skipped/>
  </testcase> <!-- pigmyLedger -->
</testsuite> <!-- CBS_Branch_CoreBankingServices_PigmyDeposit.Pigmy_Open_Search_PreMature_Ledger -->
