<?xml version="1.0" encoding="UTF-8"?>
<!-- Generated by org.testng.reporters.JUnitReportReporter -->
<testsuite hostname="DESKTOP-DF4USC7" failures="0" tests="2" name="CBS_Branch_Loan_IndividualLoan.Disburse_Loan" time="0.001" errors="0" timestamp="2025-12-27T17:01:44 IST" skipped="2">
  <testcase classname="CBS_Branch_Loan_IndividualLoan.Disburse_Loan" name="disburseLoan" time="0.001">
    <skipped/>
  </testcase> <!-- disburseLoan -->
  <testcase classname="CBS_Branch_Loan_IndividualLoan.Disburse_Loan" name="approveVoucher" time="0.000">
    <skipped/>
  </testcase> <!-- approveVoucher -->
</testsuite> <!-- CBS_Branch_Loan_IndividualLoan.Disburse_Loan -->
