<?xml version="1.0" encoding="UTF-8"?>
<!-- Generated by org.testng.reporters.JUnitReportReporter -->
<testsuite hostname="DESKTOP-DF4USC7" failures="0" tests="1" name="CBS_Branch_Loan_GoldLoan.Create_GoldLoan_ReducingROI" time="0.002" errors="0" timestamp="2025-12-27T17:01:44 IST" skipped="1">
  <testcase classname="CBS_Branch_Loan_GoldLoan.Create_GoldLoan_ReducingROI" name="createGoldLoan_FlatROI" time="0.002">
    <skipped/>
  </testcase> <!-- createGoldLoan_FlatROI -->
</testsuite> <!-- CBS_Branch_Loan_GoldLoan.Create_GoldLoan_ReducingROI -->
