<?xml version="1.0" encoding="UTF-8"?>
<!-- Generated by org.testng.reporters.JUnitReportReporter -->
<testsuite hostname="DESKTOP-B2BGAG6" failures="0" tests="1" name="CBS_Branch_CoreBankingService_LoanOnDeposit.LoanAccountOpeningANDSearch" time="15.840" errors="0" timestamp="2025-06-26T17:22:58 IST" skipped="0">
  <testcase classname="CBS_Branch_CoreBankingService_LoanOnDeposit.LoanAccountOpeningANDSearch" name="viewAccount" time="15.840"/>
</testsuite> <!-- CBS_Branch_CoreBankingService_LoanOnDeposit.LoanAccountOpeningANDSearch -->
