<?xml version="1.0" encoding="UTF-8"?>
<!-- Generated by org.testng.reporters.JUnitReportReporter -->
<testsuite hostname="DESKTOP-DF4USC7" failures="0" tests="4" name="CBS_Branch_CoreBankingService_SavingAccount.SB_Calulator" time="0.012" errors="0" timestamp="2025-12-27T17:01:44 IST" skipped="4">
  <testcase classname="CBS_Branch_CoreBankingService_SavingAccount.SB_Calulator" name="SB_Calculator_Deposit" time="0.010">
    <skipped/>
  </testcase> <!-- SB_Calculator_Deposit -->
  <testcase classname="CBS_Branch_CoreBankingService_SavingAccount.SB_Calulator" name="calculator_Withdraw" time="0.001">
    <skipped/>
  </testcase> <!-- calculator_Withdraw -->
  <testcase classname="CBS_Branch_CoreBankingService_SavingAccount.SB_Calulator" name="clearAll" time="0.001">
    <skipped/>
  </testcase> <!-- clearAll -->
  <testcase classname="CBS_Branch_CoreBankingService_SavingAccount.SB_Calulator" name="calculations" time="0.000">
    <skipped/>
  </testcase> <!-- calculations -->
</testsuite> <!-- CBS_Branch_CoreBankingService_SavingAccount.SB_Calulator -->
