<?xml version="1.0" encoding="UTF-8"?>
<!-- Generated by org.testng.reporters.JUnitReportReporter -->
<testsuite hostname="DESKTOP-DF4USC7" failures="0" tests="3" name="CBS_Branch_CoreBankingService_SharePayment.share_Payment" time="0.000" errors="0" timestamp="2025-12-27T17:01:44 IST" skipped="3">
  <testcase classname="CBS_Branch_CoreBankingService_SharePayment.share_Payment" name="shareDepositNavigation" time="0.000">
    <skipped/>
  </testcase> <!-- shareDepositNavigation -->
  <testcase classname="CBS_Branch_CoreBankingService_SharePayment.share_Payment" name="checkVoucher" time="0.000">
    <skipped/>
  </testcase> <!-- checkVoucher -->
  <testcase classname="CBS_Branch_CoreBankingService_SharePayment.share_Payment" name="viewShareReport" time="0.000">
    <skipped/>
  </testcase> <!-- viewShareReport -->
</testsuite> <!-- CBS_Branch_CoreBankingService_SharePayment.share_Payment -->
