<?xml version="1.0" encoding="UTF-8"?>
<!-- Generated by org.testng.reporters.JUnitReportReporter -->
<testsuite hostname="DESKTOP-DF4USC7" failures="0" tests="3" name="CBS_Branch_CoreBankingServices_PigmyDeposit.Pigmy_PayMaturity" time="0.044" errors="0" timestamp="2025-12-27T17:01:44 IST" skipped="3">
  <testcase classname="CBS_Branch_CoreBankingServices_PigmyDeposit.Pigmy_PayMaturity" name="pigmyMaturity" time="0.033">
    <skipped/>
  </testcase> <!-- pigmyMaturity -->
  <testcase classname="CBS_Branch_CoreBankingServices_PigmyDeposit.Pigmy_PayMaturity" name="accpetMaturityVoucher" time="0.001">
    <skipped/>
  </testcase> <!-- accpetMaturityVoucher -->
  <testcase classname="CBS_Branch_CoreBankingServices_PigmyDeposit.Pigmy_PayMaturity" name="checkReport" time="0.010">
    <skipped/>
  </testcase> <!-- checkReport -->
</testsuite> <!-- CBS_Branch_CoreBankingServices_PigmyDeposit.Pigmy_PayMaturity -->
