<?xml version="1.0" encoding="UTF-8"?>
<!-- Generated by org.testng.reporters.JUnitReportReporter -->
<testsuite hostname="DESKTOP-DF4USC7" failures="0" tests="7" name="CBS_Branch_CoreBankingService_RD.RDOpen_Search_Prematured_Ledger" time="20.026" errors="1" timestamp="2025-12-23T17:12:32 IST" skipped="6">
  <testcase classname="CBS_Branch_CoreBankingService_RD.RDOpen_Search_Prematured_Ledger" name="RDOpening" time="20.025">
    <error message="empty String" type="java.lang.NumberFormatException">
      <![CDATA[java.lang.NumberFormatException: empty String
at java.base/jdk.internal.math.FloatingDecimal.readJavaFormatString(FloatingDecimal.java:1842)
at java.base/jdk.internal.math.FloatingDecimal.parseDouble(FloatingDecimal.java:110)
at java.base/java.lang.Double.parseDouble(Double.java:792)
at CBS_Branch_CoreBankingService_RD.RDOpen_Search_Prematured_Ledger.RDOpening(RDOpen_Search_Prematured_Ledger.java:100)
at java.base/jdk.internal.reflect.DirectMethodHandleAccessor.invoke(DirectMethodHandleAccessor.java:103)
at java.base/java.lang.reflect.Method.invoke(Method.java:580)
at org.testng.internal.invokers.MethodInvocationHelper.invokeMethod(MethodInvocationHelper.java:141)
at org.testng.internal.invokers.TestInvoker.invokeMethod(TestInvoker.java:686)
at org.testng.internal.invokers.TestInvoker.invokeTestMethod(TestInvoker.java:230)
at org.testng.internal.invokers.MethodRunner.runInSequence(MethodRunner.java:63)
at org.testng.internal.invokers.TestInvoker$MethodInvocationAgent.invoke(TestInvoker.java:992)
at org.testng.internal.invokers.TestInvoker.invokeTestMethods(TestInvoker.java:203)
at org.testng.internal.invokers.TestMethodWorker.invokeTestMethods(TestMethodWorker.java:154)
at org.testng.internal.invokers.TestMethodWorker.run(TestMethodWorker.java:134)
at java.base/java.util.ArrayList.forEach(ArrayList.java:1596)
at org.testng.TestRunner.privateRun(TestRunner.java:739)
at org.testng.TestRunner.run(TestRunner.java:614)
at org.testng.SuiteRunner.runTest(SuiteRunner.java:421)
at org.testng.SuiteRunner.runSequentially(SuiteRunner.java:413)
at org.testng.SuiteRunner.privateRun(SuiteRunner.java:373)
at org.testng.SuiteRunner.run(SuiteRunner.java:312)
at org.testng.SuiteRunnerWorker.runSuite(SuiteRunnerWorker.java:52)
at org.testng.SuiteRunnerWorker.run(SuiteRunnerWorker.java:95)
at org.testng.TestNG.runSuitesSequentially(TestNG.java:1274)
at org.testng.TestNG.runSuitesLocally(TestNG.java:1208)
at org.testng.TestNG.runSuites(TestNG.java:1112)
at org.testng.TestNG.run(TestNG.java:1079)
at org.testng.remote.AbstractRemoteTestNG.run(AbstractRemoteTestNG.java:115)
at org.testng.remote.RemoteTestNG.initAndRun(RemoteTestNG.java:293)
at org.testng.remote.RemoteTestNG.main(RemoteTestNG.java:91)
]]>
    </error>
  </testcase> <!-- RDOpening -->
  <testcase classname="CBS_Branch_CoreBankingService_RD.RDOpen_Search_Prematured_Ledger" name="Calculations" time="0.000">
    <skipped/>
  </testcase> <!-- Calculations -->
  <testcase classname="CBS_Branch_CoreBankingService_RD.RDOpen_Search_Prematured_Ledger" name="renewalRD" time="0.001">
    <skipped/>
  </testcase> <!-- renewalRD -->
  <testcase classname="CBS_Branch_CoreBankingService_RD.RDOpen_Search_Prematured_Ledger" name="ViewRD" time="0.000">
    <skipped/>
  </testcase> <!-- ViewRD -->
  <testcase classname="CBS_Branch_CoreBankingService_RD.RDOpen_Search_Prematured_Ledger" name="preMaturedRD" time="0.000">
    <skipped/>
  </testcase> <!-- preMaturedRD -->
  <testcase classname="CBS_Branch_CoreBankingService_RD.RDOpen_Search_Prematured_Ledger" name="PreMaturedVoucherApprove" time="0.000">
    <skipped/>
  </testcase> <!-- PreMaturedVoucherApprove -->
  <testcase classname="CBS_Branch_CoreBankingService_RD.RDOpen_Search_Prematured_Ledger" name="RDAccountledger" time="0.000">
    <skipped/>
  </testcase> <!-- RDAccountledger -->
</testsuite> <!-- CBS_Branch_CoreBankingService_RD.RDOpen_Search_Prematured_Ledger -->
