<?xml version="1.0" encoding="UTF-8"?>
<!-- Generated by org.testng.reporters.JUnitReportReporter -->
<testsuite hostname="DESKTOP-B2BGAG6" failures="0" tests="5" name="CBS_Branch_CoreBankingService_SavingAccount.SB_OpeningANDSearchANDLedger" time="0.015" errors="1" timestamp="2025-11-18T17:05:59 IST" skipped="4">
  <testcase classname="CBS_Branch_CoreBankingService_SavingAccount.SB_OpeningANDSearchANDLedger" name="createSBAccount" time="0.015">
    <error message="Cannot invoke &quot;org.openqa.selenium.WebDriver.navigate()&quot; because &quot;this.driver&quot; is null" type="java.lang.NullPointerException">
      <![CDATA[java.lang.NullPointerException: Cannot invoke "org.openqa.selenium.WebDriver.navigate()" because "this.driver" is null
at CBS_Branch_CoreBankingService_SavingAccount.SB_AccountOpening.SB_Account(SB_AccountOpening.java:55)
at CBS_Branch_CoreBankingService_SavingAccount.SB_OpeningANDSearchANDLedger.createSBAccount(SB_OpeningANDSearchANDLedger.java:36)
at java.base/jdk.internal.reflect.DirectMethodHandleAccessor.invoke(DirectMethodHandleAccessor.java:103)
at java.base/java.lang.reflect.Method.invoke(Method.java:580)
at org.testng.internal.invokers.MethodInvocationHelper.invokeMethod(MethodInvocationHelper.java:141)
at org.testng.internal.invokers.TestInvoker.invokeMethod(TestInvoker.java:686)
at org.testng.internal.invokers.TestInvoker.invokeTestMethod(TestInvoker.java:230)
at org.testng.internal.invokers.MethodRunner.runInSequence(MethodRunner.java:63)
at org.testng.internal.invokers.TestInvoker$MethodInvocationAgent.invoke(TestInvoker.java:992)
at org.testng.internal.invokers.TestInvoker.invokeTestMethods(TestInvoker.java:203)
at org.testng.internal.invokers.TestMethodWorker.invokeTestMethods(TestMethodWorker.java:154)
at org.testng.internal.invokers.TestMethodWorker.run(TestMethodWorker.java:134)
at java.base/java.util.ArrayList.forEach(ArrayList.java:1596)
at org.testng.TestRunner.privateRun(TestRunner.java:739)
at org.testng.TestRunner.run(TestRunner.java:614)
at org.testng.SuiteRunner.runTest(SuiteRunner.java:421)
at org.testng.SuiteRunner.runSequentially(SuiteRunner.java:413)
at org.testng.SuiteRunner.privateRun(SuiteRunner.java:373)
at org.testng.SuiteRunner.run(SuiteRunner.java:312)
at org.testng.SuiteRunnerWorker.runSuite(SuiteRunnerWorker.java:52)
at org.testng.SuiteRunnerWorker.run(SuiteRunnerWorker.java:95)
at org.testng.TestNG.runSuitesSequentially(TestNG.java:1274)
at org.testng.TestNG.runSuitesLocally(TestNG.java:1208)
at org.testng.TestNG.runSuites(TestNG.java:1112)
at org.testng.TestNG.run(TestNG.java:1079)
at org.testng.remote.AbstractRemoteTestNG.run(AbstractRemoteTestNG.java:115)
at org.testng.remote.RemoteTestNG.initAndRun(RemoteTestNG.java:293)
at org.testng.remote.RemoteTestNG.main(RemoteTestNG.java:91)
]]>
    </error>
  </testcase> <!-- createSBAccount -->
  <testcase classname="CBS_Branch_CoreBankingService_SavingAccount.SB_OpeningANDSearchANDLedger" name="searchSBAccount" time="0.000">
    <skipped/>
  </testcase> <!-- searchSBAccount -->
  <testcase classname="CBS_Branch_CoreBankingService_SavingAccount.SB_OpeningANDSearchANDLedger" name="addFund" time="0.000">
    <skipped/>
  </testcase> <!-- addFund -->
  <testcase classname="CBS_Branch_CoreBankingService_SavingAccount.SB_OpeningANDSearchANDLedger" name="viewSBLedger" time="0.000">
    <skipped/>
  </testcase> <!-- viewSBLedger -->
  <testcase classname="CBS_Branch_CoreBankingService_SavingAccount.SB_OpeningANDSearchANDLedger" name="CloseSBAccount" time="0.000">
    <skipped/>
  </testcase> <!-- CloseSBAccount -->
</testsuite> <!-- CBS_Branch_CoreBankingService_SavingAccount.SB_OpeningANDSearchANDLedger -->
