<?xml version="1.0" encoding="UTF-8"?>
<!-- Generated by org.testng.reporters.JUnitReportReporter -->
<testsuite hostname="DESKTOP-B2BGAG6" failures="0" tests="2" name="CBS_Branch_CoreBankingServices_PigmyDeposit.Pigmy_Calculator" time="38.825" errors="0" timestamp="2025-11-17T12:18:17 IST" skipped="0">
  <testcase classname="CBS_Branch_CoreBankingServices_PigmyDeposit.Pigmy_Calculator" name="Pigmy_Calculator_Navigation" time="38.786"/>
  <testcase classname="CBS_Branch_CoreBankingServices_PigmyDeposit.Pigmy_Calculator" name="pigmyCalculations" time="0.039"/>
</testsuite> <!-- CBS_Branch_CoreBankingServices_PigmyDeposit.Pigmy_Calculator -->
