<?xml version="1.0" encoding="UTF-8"?>
<!-- Generated by org.testng.reporters.JUnitReportReporter -->
<testsuite hostname="DESKTOP-DF4USC7" failures="0" tests="1" name="CBS_Branch_CoreBankingService_LoanOnDeposit.LD_Receive_Payment" time="0.155" errors="0" timestamp="2025-12-27T17:01:44 IST" skipped="1">
  <testcase classname="CBS_Branch_CoreBankingService_LoanOnDeposit.LD_Receive_Payment" name="LDReceivePayment" time="0.155">
    <skipped/>
  </testcase> <!-- LDReceivePayment -->
</testsuite> <!-- CBS_Branch_CoreBankingService_LoanOnDeposit.LD_Receive_Payment -->
