<?xml version="1.0" encoding="UTF-8"?>
<!-- Generated by org.testng.reporters.JUnitReportReporter -->
<testsuite hostname="DESKTOP-DF4USC7" failures="0" tests="5" name="CBS_Branch_CoreBankingService_SavingAccount.SB_OpeningANDSearchANDLedger" time="0.031" errors="0" timestamp="2025-12-27T17:01:44 IST" skipped="5">
  <testcase classname="CBS_Branch_CoreBankingService_SavingAccount.SB_OpeningANDSearchANDLedger" name="createSBAccount" time="0.031">
    <skipped/>
  </testcase> <!-- createSBAccount -->
  <testcase classname="CBS_Branch_CoreBankingService_SavingAccount.SB_OpeningANDSearchANDLedger" name="searchSBAccount" time="0.000">
    <skipped/>
  </testcase> <!-- searchSBAccount -->
  <testcase classname="CBS_Branch_CoreBankingService_SavingAccount.SB_OpeningANDSearchANDLedger" name="addFund" time="0.000">
    <skipped/>
  </testcase> <!-- addFund -->
  <testcase classname="CBS_Branch_CoreBankingService_SavingAccount.SB_OpeningANDSearchANDLedger" name="viewSBLedger" time="0.000">
    <skipped/>
  </testcase> <!-- viewSBLedger -->
  <testcase classname="CBS_Branch_CoreBankingService_SavingAccount.SB_OpeningANDSearchANDLedger" name="CloseSBAccount" time="0.000">
    <skipped/>
  </testcase> <!-- CloseSBAccount -->
</testsuite> <!-- CBS_Branch_CoreBankingService_SavingAccount.SB_OpeningANDSearchANDLedger -->
