<?xml version="1.0" encoding="UTF-8"?>
<!-- Generated by org.testng.reporters.JUnitReportReporter -->
<testsuite hostname="DESKTOP-B2BGAG6" failures="0" tests="4" name="CBS_Branch_Transactions.Fund_Deposit_InternalTransfer" time="139.194" errors="0" timestamp="2025-10-04T19:52:05 IST" skipped="0">
  <testcase classname="CBS_Branch_Transactions.Fund_Deposit_InternalTransfer" name="fundDeposit_ForBalanceCheck1" time="21.508"/>
  <testcase classname="CBS_Branch_Transactions.Fund_Deposit_InternalTransfer" name="Fund_Deposit_IT" time="56.566"/>
  <testcase classname="CBS_Branch_Transactions.Fund_Deposit_InternalTransfer" name="checkRequestInVoucher" time="44.936"/>
  <testcase classname="CBS_Branch_Transactions.Fund_Deposit_InternalTransfer" name="fundDeposit_ForBalanceCheck2" time="16.184"/>
</testsuite> <!-- CBS_Branch_Transactions.Fund_Deposit_InternalTransfer -->
