<?xml version="1.0" encoding="UTF-8"?>
<!-- Generated by org.testng.reporters.JUnitReportReporter -->
<testsuite hostname="DESKTOP-DF4USC7" failures="0" tests="3" name="CBS_Branch_CoreBankingService_SharePayment.Share_Deposit" time="0.003" errors="0" timestamp="2025-12-27T17:01:44 IST" skipped="3">
  <testcase classname="CBS_Branch_CoreBankingService_SharePayment.Share_Deposit" name="shareDeposit" time="0.001">
    <skipped/>
  </testcase> <!-- shareDeposit -->
  <testcase classname="CBS_Branch_CoreBankingService_SharePayment.Share_Deposit" name="checkVoucher" time="0.001">
    <skipped/>
  </testcase> <!-- checkVoucher -->
  <testcase classname="CBS_Branch_CoreBankingService_SharePayment.Share_Deposit" name="viewShareReport" time="0.001">
    <skipped/>
  </testcase> <!-- viewShareReport -->
</testsuite> <!-- CBS_Branch_CoreBankingService_SharePayment.Share_Deposit -->
