<?xml version="1.0" encoding="UTF-8"?>
<!-- Generated by org.testng.reporters.JUnitReportReporter -->
<testsuite hostname="DESKTOP-DF4USC7" failures="0" tests="2" name="CBS_Branch_CoreBankingService_RD.RD_Calculator" time="0.008" errors="0" timestamp="2025-12-27T17:01:44 IST" skipped="2">
  <testcase classname="CBS_Branch_CoreBankingService_RD.RD_Calculator" name="RD_Calculator_Actions" time="0.003">
    <skipped/>
  </testcase> <!-- RD_Calculator_Actions -->
  <testcase classname="CBS_Branch_CoreBankingService_RD.RD_Calculator" name="Calculations" time="0.005">
    <skipped/>
  </testcase> <!-- Calculations -->
</testsuite> <!-- CBS_Branch_CoreBankingService_RD.RD_Calculator -->
