<?xml version="1.0" encoding="UTF-8"?>
<!-- Generated by org.testng.reporters.JUnitReportReporter -->
<testsuite hostname="DESKTOP-B2BGAG6" failures="0" tests="4" name="CBS_Branch_CoreBankingService_SavingAccount.SB_Calulator" time="35.670" errors="1" timestamp="2025-11-11T17:26:59 IST" skipped="0">
  <testcase classname="CBS_Branch_CoreBankingService_SavingAccount.SB_Calulator" name="SB_Calculator_Deposit" time="19.074"/>
  <testcase classname="CBS_Branch_CoreBankingService_SavingAccount.SB_Calulator" name="calculator_Withdraw" time="15.444"/>
  <testcase classname="CBS_Branch_CoreBankingService_SavingAccount.SB_Calulator" name="calculations" time="0.008"/>
  <testcase classname="CBS_Branch_CoreBankingService_SavingAccount.SB_Calulator" name="clearAll" time="1.144">
    <error message="element click intercepted: Element &lt;button onclick=&quot;clearAllEntries()&quot; class=&quot;text-sm flex items-center px-3 py-1 rounded bg-red-50 text-red-600 hover:bg-red-100 transition-colors&quot;&gt;...&lt;/button&gt; is not clickable at point (1265, 16). Other element would receive the click: &lt;button type=&quot;submit&quot; class=&quot;flex w-full items-center gap-3 rounded-md btn-red&quot; style=&quot;background:var(--primary)&quot;&gt;...&lt;/button&gt;
  (Session info: chrome=142.0.7444.135)
Build info: version: &#039;4.34.0&#039;, revision: &#039;707dcb4246*&#039;
System info: os.name: &#039;Windows 10&#039;, os.arch: &#039;amd64&#039;, os.version: &#039;10.0&#039;, java.version: &#039;21.0.6&#039;
Driver info: org.openqa.selenium.chrome.ChromeDriver
Command: [2d989b3db5d7ab4faeb55f31d4ba29bb, clickElement {id=f.94CD6159FBCC5159BF4A7F20AAA17DA7.d.C0E4F74ABD7221FADFF09194E99F5B27.e.157}]
Capabilities {acceptInsecureCerts: false, browserName: chrome, browserVersion: 142.0.7444.135, chrome: {chromedriverVersion: 142.0.7444.61 (9884f628acbc..., userDataDir: C:\Users\Shree\AppData\Loca...}, fedcm:accounts: true, goog:chromeOptions: {debuggerAddress: localhost:59947}, goog:processID: 71428, networkConnectionEnabled: false, pageLoadStrategy: normal, platformName: windows, proxy: Proxy(), se:cdp: ws://localhost:59947/devtoo..., se:cdpVersion: 142.0.7444.135, setWindowRect: true, strictFileInteractability: false, timeouts: {implicit: 0, pageLoad: 300000, script: 30000}, unhandledPromptBehavior: dismiss and notify, webauthn:extension:credBlob: true, webauthn:extension:largeBlob: true, webauthn:extension:minPinLength: true, webauthn:extension:prf: true, webauthn:virtualAuthenticators: true}
Element: [[ChromeDriver: chrome on windows (2d989b3db5d7ab4faeb55f31d4ba29bb)] -&gt; xpath: /html[1]/body[1]/main[1]/div[1]/div[2]/div[2]/div[1]/div[1]/div[1]/button[1]]
Session ID: 2d989b3db5d7ab4faeb55f31d4ba29bb" type="org.openqa.selenium.ElementClickInterceptedException">
      <![CDATA[org.openqa.selenium.ElementClickInterceptedException: element click intercepted: Element <button onclick="clearAllEntries()" class="text-sm flex items-center px-3 py-1 rounded bg-red-50 text-red-600 hover:bg-red-100 transition-colors">...</button> is not clickable at point (1265, 16). Other element would receive the click: <button type="submit" class="flex w-full items-center gap-3 rounded-md btn-red" style="background:var(--primary)">...</button>
  (Session info: chrome=142.0.7444.135)
Build info: version: '4.34.0', revision: '707dcb4246*'
System info: os.name: 'Windows 10', os.arch: 'amd64', os.version: '10.0', java.version: '21.0.6'
Driver info: org.openqa.selenium.chrome.ChromeDriver
Command: [2d989b3db5d7ab4faeb55f31d4ba29bb, clickElement {id=f.94CD6159FBCC5159BF4A7F20AAA17DA7.d.C0E4F74ABD7221FADFF09194E99F5B27.e.157}]
Capabilities {acceptInsecureCerts: false, browserName: chrome, browserVersion: 142.0.7444.135, chrome: {chromedriverVersion: 142.0.7444.61 (9884f628acbc..., userDataDir: C:\Users\Shree\AppData\Loca...}, fedcm:accounts: true, goog:chromeOptions: {debuggerAddress: localhost:59947}, goog:processID: 71428, networkConnectionEnabled: false, pageLoadStrategy: normal, platformName: windows, proxy: Proxy(), se:cdp: ws://localhost:59947/devtoo..., se:cdpVersion: 142.0.7444.135, setWindowRect: true, strictFileInteractability: false, timeouts: {implicit: 0, pageLoad: 300000, script: 30000}, unhandledPromptBehavior: dismiss and notify, webauthn:extension:credBlob: true, webauthn:extension:largeBlob: true, webauthn:extension:minPinLength: true, webauthn:extension:prf: true, webauthn:virtualAuthenticators: true}
Element: [[ChromeDriver: chrome on windows (2d989b3db5d7ab4faeb55f31d4ba29bb)] -> xpath: /html[1]/body[1]/main[1]/div[1]/div[2]/div[2]/div[1]/div[1]/div[1]/button[1]]
Session ID: 2d989b3db5d7ab4faeb55f31d4ba29bb
at java.base/jdk.internal.reflect.DirectConstructorHandleAccessor.newInstance(DirectConstructorHandleAccessor.java:62)
at java.base/java.lang.reflect.Constructor.newInstanceWithCaller(Constructor.java:502)
at java.base/java.lang.reflect.Constructor.newInstance(Constructor.java:486)
at org.openqa.selenium.remote.ErrorCodec.decode(ErrorCodec.java:167)
at org.openqa.selenium.remote.codec.w3c.W3CHttpResponseCodec.decode(W3CHttpResponseCodec.java:138)
at org.openqa.selenium.remote.codec.w3c.W3CHttpResponseCodec.decode(W3CHttpResponseCodec.java:50)
at org.openqa.selenium.remote.HttpCommandExecutor.execute(HttpCommandExecutor.java:215)
at org.openqa.selenium.remote.service.DriverCommandExecutor.invokeExecute(DriverCommandExecutor.java:216)
at org.openqa.selenium.remote.service.DriverCommandExecutor.execute(DriverCommandExecutor.java:174)
at org.openqa.selenium.remote.RemoteWebDriver.execute(RemoteWebDriver.java:544)
at org.openqa.selenium.remote.RemoteWebElement.execute(RemoteWebElement.java:223)
at org.openqa.selenium.remote.RemoteWebElement.click(RemoteWebElement.java:76)
at CBS_Branch_CoreBankingService_SavingAccount.SB_Calulator.clearAll(SB_Calulator.java:165)
at java.base/jdk.internal.reflect.DirectMethodHandleAccessor.invoke(DirectMethodHandleAccessor.java:103)
at java.base/java.lang.reflect.Method.invoke(Method.java:580)
at org.testng.internal.invokers.MethodInvocationHelper.invokeMethod(MethodInvocationHelper.java:141)
at org.testng.internal.invokers.TestInvoker.invokeMethod(TestInvoker.java:686)
at org.testng.internal.invokers.TestInvoker.invokeTestMethod(TestInvoker.java:230)
at org.testng.internal.invokers.MethodRunner.runInSequence(MethodRunner.java:63)
at org.testng.internal.invokers.TestInvoker$MethodInvocationAgent.invoke(TestInvoker.java:992)
at org.testng.internal.invokers.TestInvoker.invokeTestMethods(TestInvoker.java:203)
at org.testng.internal.invokers.TestMethodWorker.invokeTestMethods(TestMethodWorker.java:154)
at org.testng.internal.invokers.TestMethodWorker.run(TestMethodWorker.java:134)
at java.base/java.util.ArrayList.forEach(ArrayList.java:1596)
at org.testng.TestRunner.privateRun(TestRunner.java:739)
at org.testng.TestRunner.run(TestRunner.java:614)
at org.testng.SuiteRunner.runTest(SuiteRunner.java:421)
at org.testng.SuiteRunner.runSequentially(SuiteRunner.java:413)
at org.testng.SuiteRunner.privateRun(SuiteRunner.java:373)
at org.testng.SuiteRunner.run(SuiteRunner.java:312)
at org.testng.SuiteRunnerWorker.runSuite(SuiteRunnerWorker.java:52)
at org.testng.SuiteRunnerWorker.run(SuiteRunnerWorker.java:95)
at org.testng.TestNG.runSuitesSequentially(TestNG.java:1274)
at org.testng.TestNG.runSuitesLocally(TestNG.java:1208)
at org.testng.TestNG.runSuites(TestNG.java:1112)
at org.testng.TestNG.run(TestNG.java:1079)
at org.testng.remote.AbstractRemoteTestNG.run(AbstractRemoteTestNG.java:115)
at org.testng.remote.RemoteTestNG.initAndRun(RemoteTestNG.java:293)
at org.testng.remote.RemoteTestNG.main(RemoteTestNG.java:91)
]]>
    </error>
  </testcase> <!-- clearAll -->
</testsuite> <!-- CBS_Branch_CoreBankingService_SavingAccount.SB_Calulator -->
