<?xml version="1.0" encoding="UTF-8"?>
<!-- Generated by org.testng.reporters.JUnitReportReporter -->
<testsuite hostname="DESKTOP-B2BGAG6" failures="0" tests="1" name="CBS_Branch_CoreBankingService_RecurringDeposit.Pay_Maturity" time="19.030" errors="0" timestamp="2025-05-16T12:16:33 IST" skipped="0">
  <testcase classname="CBS_Branch_CoreBankingService_RecurringDeposit.Pay_Maturity" name="Pay_Maturity_Navigation" time="19.030"/>
</testsuite> <!-- CBS_Branch_CoreBankingService_RecurringDeposit.Pay_Maturity -->
