<?xml version="1.0" encoding="UTF-8"?>
<!-- Generated by org.testng.reporters.JUnitReportReporter -->
<testsuite hostname="DESKTOP-DF4USC7" failures="0" tests="1" name="CBS_Branch_Loan_IndividualLoan.Apply_Loan_Reducing_ROI" time="0.001" errors="0" timestamp="2025-12-27T17:01:44 IST" skipped="1">
  <testcase classname="CBS_Branch_Loan_IndividualLoan.Apply_Loan_Reducing_ROI" name="Apply_Individual" time="0.001">
    <skipped/>
  </testcase> <!-- Apply_Individual -->
</testsuite> <!-- CBS_Branch_Loan_IndividualLoan.Apply_Loan_Reducing_ROI -->
