<?xml version="1.0" encoding="UTF-8"?>
<!-- Generated by org.testng.reporters.JUnitReportReporter -->
<testsuite hostname="DESKTOP-B2BGAG6" failures="0" tests="3" name="CBS_Branch_CoreBankingService_SavingAccount.Virtual_Account_Cycle" time="57.658" errors="0" timestamp="2025-10-10T12:43:09 IST" skipped="0">
  <testcase classname="CBS_Branch_CoreBankingService_SavingAccount.Virtual_Account_Cycle" name="VirtualACRRequest" time="29.880"/>
  <testcase classname="CBS_Branch_CoreBankingService_SavingAccount.Virtual_Account_Cycle" name="virtualAccountRequest" time="27.769"/>
  <testcase classname="CBS_Branch_CoreBankingService_SavingAccount.Virtual_Account_Cycle" name="virtualACStatus" time="0.009"/>
</testsuite> <!-- CBS_Branch_CoreBankingService_SavingAccount.Virtual_Account_Cycle -->
