<?xml version="1.0" encoding="UTF-8"?>
<!-- Generated by org.testng.reporters.JUnitReportReporter -->
<testsuite hostname="DESKTOP-B2BGAG6" failures="0" tests="2" name="CBS_Branch_Loan_IndividualLoan.Loan_Calculator" time="39.079" errors="0" timestamp="2025-05-27T14:53:20 IST" skipped="0">
  <testcase classname="CBS_Branch_Loan_IndividualLoan.Loan_Calculator" name="Loan_Calculator_Navigation" time="10.674"/>
  <testcase classname="CBS_Branch_Loan_IndividualLoan.Loan_Calculator" name="Loan_Details" time="28.405"/>
</testsuite> <!-- CBS_Branch_Loan_IndividualLoan.Loan_Calculator -->
