<?xml version="1.0" encoding="UTF-8"?>
<!-- Generated by org.testng.reporters.JUnitReportReporter -->
<testsuite hostname="DESKTOP-DF4USC7" failures="0" tests="3" name="CBS_Branch_Transactions.Fund_Withdrawal" time="0.001" errors="0" timestamp="2025-12-27T17:01:44 IST" skipped="3">
  <testcase classname="CBS_Branch_Transactions.Fund_Withdrawal" name="Fund_Withdrawal_Navigation" time="0.000">
    <skipped/>
  </testcase> <!-- Fund_Withdrawal_Navigation -->
  <testcase classname="CBS_Branch_Transactions.Fund_Withdrawal" name="checkRequestInVoucher" time="0.000">
    <skipped/>
  </testcase> <!-- checkRequestInVoucher -->
  <testcase classname="CBS_Branch_Transactions.Fund_Withdrawal" name="fundDeposit_ForBalanceCheck2" time="0.001">
    <skipped/>
  </testcase> <!-- fundDeposit_ForBalanceCheck2 -->
</testsuite> <!-- CBS_Branch_Transactions.Fund_Withdrawal -->
