<?xml version="1.0" encoding="UTF-8"?>
<!-- Generated by org.testng.reporters.JUnitReportReporter -->
<testsuite hostname="DESKTOP-B2BGAG6" failures="0" tests="1" name="CBS_Branch_CoreBankingService_SavingAccount.Search_SB_Accounts" time="38.492" errors="0" timestamp="2025-11-18T17:13:05 IST" skipped="0">
  <testcase classname="CBS_Branch_CoreBankingService_SavingAccount.Search_SB_Accounts" name="Search_SBAccount" time="38.492"/>
</testsuite> <!-- CBS_Branch_CoreBankingService_SavingAccount.Search_SB_Accounts -->
