<?xml version="1.0" encoding="UTF-8"?>
<!-- Generated by org.testng.reporters.JUnitReportReporter -->
<testsuite hostname="DESKTOP-DF4USC7" failures="0" tests="2" name="CBS_Branch_Loan_GoldLoan.Receive_EMI_Payment" time="0.001" errors="0" timestamp="2025-12-27T17:01:44 IST" skipped="2">
  <testcase classname="CBS_Branch_Loan_GoldLoan.Receive_EMI_Payment" name="Receive_EMI_Payment_Navigation" time="0.001">
    <skipped/>
  </testcase> <!-- Receive_EMI_Payment_Navigation -->
  <testcase classname="CBS_Branch_Loan_GoldLoan.Receive_EMI_Payment" name="Receive_EMI_Payment_Actions" time="0.000">
    <skipped/>
  </testcase> <!-- Receive_EMI_Payment_Actions -->
</testsuite> <!-- CBS_Branch_Loan_GoldLoan.Receive_EMI_Payment -->
