<?xml version="1.0" encoding="UTF-8"?>
<!-- Generated by org.testng.reporters.JUnitReportReporter -->
<testsuite hostname="DESKTOP-DF4USC7" failures="0" tests="4" name="CBS_Branch_Transactions.Fund_Deposit_InternalTransfer" time="0.024" errors="0" timestamp="2025-12-27T17:01:44 IST" skipped="4">
  <testcase classname="CBS_Branch_Transactions.Fund_Deposit_InternalTransfer" name="fundDeposit_ForBalanceCheck1" time="0.001">
    <skipped/>
  </testcase> <!-- fundDeposit_ForBalanceCheck1 -->
  <testcase classname="CBS_Branch_Transactions.Fund_Deposit_InternalTransfer" name="Fund_Deposit_IT" time="0.007">
    <skipped/>
  </testcase> <!-- Fund_Deposit_IT -->
  <testcase classname="CBS_Branch_Transactions.Fund_Deposit_InternalTransfer" name="checkRequestInVoucher" time="0.015">
    <skipped/>
  </testcase> <!-- checkRequestInVoucher -->
  <testcase classname="CBS_Branch_Transactions.Fund_Deposit_InternalTransfer" name="fundDeposit_ForBalanceCheck2" time="0.001">
    <skipped/>
  </testcase> <!-- fundDeposit_ForBalanceCheck2 -->
</testsuite> <!-- CBS_Branch_Transactions.Fund_Deposit_InternalTransfer -->
