<?xml version="1.0" encoding="UTF-8"?>
<!-- Generated by org.testng.reporters.JUnitReportReporter -->
<testsuite hostname="DESKTOP-DF4USC7" failures="0" tests="1" name="CBS_Branch_CoreBankingService_SharePayment.View_ShareReport" time="0.003" errors="0" timestamp="2025-12-27T17:01:44 IST" skipped="1">
  <testcase classname="CBS_Branch_CoreBankingService_SharePayment.View_ShareReport" name="viewShareReport" time="0.003">
    <skipped/>
  </testcase> <!-- viewShareReport -->
</testsuite> <!-- CBS_Branch_CoreBankingService_SharePayment.View_ShareReport -->
