<?xml version="1.0" encoding="UTF-8"?>
<!-- Generated by org.testng.reporters.JUnitReportReporter -->
<testsuite hostname="DESKTOP-B2BGAG6" failures="0" tests="6" name="CBS_Branch_CoreBankingService_SavingAccount.SB_Opening" time="32.872" errors="0" timestamp="2025-05-14T16:40:25 IST" skipped="0">
  <testcase classname="CBS_Branch_CoreBankingService_SavingAccount.SB_Opening" name="SB_Account" time="5.802"/>
  <testcase classname="CBS_Branch_CoreBankingService_SavingAccount.SB_Opening" name="DepositAndAccountTypeDetails" time="12.790"/>
  <testcase classname="CBS_Branch_CoreBankingService_SavingAccount.SB_Opening" name="DepositorDetails" time="3.260"/>
  <testcase classname="CBS_Branch_CoreBankingService_SavingAccount.SB_Opening" name="NomineeDetails" time="3.572"/>
  <testcase classname="CBS_Branch_CoreBankingService_SavingAccount.SB_Opening" name="referredDetails" time="3.238"/>
  <testcase classname="CBS_Branch_CoreBankingService_SavingAccount.SB_Opening" name="SubmitButton" time="4.210"/>
</testsuite> <!-- CBS_Branch_CoreBankingService_SavingAccount.SB_Opening -->
