<?xml version="1.0" encoding="UTF-8"?>
<!-- Generated by org.testng.reporters.JUnitReportReporter -->
<testsuite hostname="DESKTOP-B2BGAG6" failures="0" tests="2" name="CBS_Branch_CoreBankingService_FixedDeposit.FD_Calculator" time="28.223" errors="0" timestamp="2025-10-13T18:59:26 IST" skipped="0">
  <testcase classname="CBS_Branch_CoreBankingService_FixedDeposit.FD_Calculator" name="FDCalculator" time="28.220"/>
  <testcase classname="CBS_Branch_CoreBankingService_FixedDeposit.FD_Calculator" name="calcultion" time="0.003"/>
</testsuite> <!-- CBS_Branch_CoreBankingService_FixedDeposit.FD_Calculator -->
