<?xml version="1.0" encoding="UTF-8"?>
<!-- Generated by org.testng.reporters.JUnitReportReporter -->
<testsuite hostname="DESKTOP-DF4USC7" failures="0" tests="2" name="CBS_Branch_Transactions.Fund_Withdrawal_NeftRequest" time="0.010" errors="0" timestamp="2025-12-27T17:01:44 IST" skipped="2">
  <testcase classname="CBS_Branch_Transactions.Fund_Withdrawal_NeftRequest" name="FundWithdrawal" time="0.003">
    <skipped/>
  </testcase> <!-- FundWithdrawal -->
  <testcase classname="CBS_Branch_Transactions.Fund_Withdrawal_NeftRequest" name="checkNEFTRequest" time="0.007">
    <skipped/>
  </testcase> <!-- checkNEFTRequest -->
</testsuite> <!-- CBS_Branch_Transactions.Fund_Withdrawal_NeftRequest -->
