<?xml version="1.0" encoding="UTF-8"?>
<!-- Generated by org.testng.reporters.JUnitReportReporter -->
<testsuite hostname="DESKTOP-B2BGAG6" failures="0" tests="2" name="CBS_Branch_CoreBankingService_CurrentAccount.Clouser_Current_Account" time="72.741" errors="0" timestamp="2025-11-12T13:07:33 IST" skipped="0">
  <testcase classname="CBS_Branch_CoreBankingService_CurrentAccount.Clouser_Current_Account" name="Clouser_Current_Account_Navigation" time="39.472"/>
  <testcase classname="CBS_Branch_CoreBankingService_CurrentAccount.Clouser_Current_Account" name="checkAccountStatus" time="33.269"/>
</testsuite> <!-- CBS_Branch_CoreBankingService_CurrentAccount.Clouser_Current_Account -->
