<?xml version="1.0" encoding="UTF-8"?>
<!-- Generated by org.testng.reporters.JUnitReportReporter -->
<testsuite hostname="DESKTOP-B2BGAG6" failures="0" tests="4" name="CBS_Branch_CoreBankingService_FD.FD_OpeningANDView" time="112.849" errors="0" timestamp="2025-11-12T19:07:08 IST" skipped="0">
  <testcase classname="CBS_Branch_CoreBankingService_FD.FD_OpeningANDView" name="FD_Account" time="19.958"/>
  <testcase classname="CBS_Branch_CoreBankingService_FD.FD_OpeningANDView" name="FDcalculations" time="12.412"/>
  <testcase classname="CBS_Branch_CoreBankingService_FD.FD_OpeningANDView" name="transferMoneyToFDAC" time="32.900"/>
  <testcase classname="CBS_Branch_CoreBankingService_FD.FD_OpeningANDView" name="acceptTransferVoucher" time="47.579"/>
</testsuite> <!-- CBS_Branch_CoreBankingService_FD.FD_OpeningANDView -->
