<?xml version="1.0" encoding="UTF-8"?>
<!-- Generated by org.testng.reporters.JUnitReportReporter -->
<testsuite hostname="DESKTOP-B2BGAG6" failures="0" tests="8" name="CBS_Branch_CoreBankingService_FixedDeposit.FD_Opening" time="80.618" errors="0" timestamp="2025-05-15T16:11:45 IST" skipped="0">
  <testcase classname="CBS_Branch_CoreBankingService_FixedDeposit.FD_Opening" name="FD_Account" time="8.362"/>
  <testcase classname="CBS_Branch_CoreBankingService_FixedDeposit.FD_Opening" name="DepositAccountTypeDetails" time="9.588"/>
  <testcase classname="CBS_Branch_CoreBankingService_FixedDeposit.FD_Opening" name="DepositorDetails" time="3.180"/>
  <testcase classname="CBS_Branch_CoreBankingService_FixedDeposit.FD_Opening" name="DepositDetails" time="12.567"/>
  <testcase classname="CBS_Branch_CoreBankingService_FixedDeposit.FD_Opening" name="maturityDetails" time="21.896"/>
  <testcase classname="CBS_Branch_CoreBankingService_FixedDeposit.FD_Opening" name="NomineeDetails" time="18.744"/>
  <testcase classname="CBS_Branch_CoreBankingService_FixedDeposit.FD_Opening" name="ReferredDetails" time="3.138"/>
  <testcase classname="CBS_Branch_CoreBankingService_FixedDeposit.FD_Opening" name="SubmitApplication" time="3.143"/>
</testsuite> <!-- CBS_Branch_CoreBankingService_FixedDeposit.FD_Opening -->
