<?xml version="1.0" encoding="UTF-8"?>
<!-- Generated by org.testng.reporters.JUnitReportReporter -->
<testsuite hostname="DESKTOP-B2BGAG6" failures="0" tests="2" name="CBS_Branch_Transactions.Loan_Disbursement" time="27.815" errors="0" timestamp="2025-05-20T16:00:00 IST" skipped="0">
  <testcase classname="CBS_Branch_Transactions.Loan_Disbursement" name="Loan_Disbursement_Navigation" time="6.441"/>
  <testcase classname="CBS_Branch_Transactions.Loan_Disbursement" name="Loan_Disbursement_Actions" time="21.374"/>
</testsuite> <!-- CBS_Branch_Transactions.Loan_Disbursement -->
