<?xml version="1.0" encoding="UTF-8"?>
<!-- Generated by org.testng.reporters.JUnitReportReporter -->
<testsuite hostname="DESKTOP-DF4USC7" failures="0" tests="3" name="CBS_Branch_CoreBankingService_FD.FD_PayMaturity" time="0.005" errors="0" timestamp="2025-12-27T17:01:44 IST" skipped="3">
  <testcase classname="CBS_Branch_CoreBankingService_FD.FD_PayMaturity" name="PayMaturity" time="0.001">
    <skipped/>
  </testcase> <!-- PayMaturity -->
  <testcase classname="CBS_Branch_CoreBankingService_FD.FD_PayMaturity" name="vocherAccept" time="0.001">
    <skipped/>
  </testcase> <!-- vocherAccept -->
  <testcase classname="CBS_Branch_CoreBankingService_FD.FD_PayMaturity" name="checkReport" time="0.003">
    <skipped/>
  </testcase> <!-- checkReport -->
</testsuite> <!-- CBS_Branch_CoreBankingService_FD.FD_PayMaturity -->
