<?xml version="1.0" encoding="UTF-8"?>
<!-- Generated by org.testng.reporters.JUnitReportReporter -->
<testsuite hostname="DESKTOP-B2BGAG6" failures="0" tests="8" name="CBS_Branch_CoreBankingService_FD.FD_AccountOpening_Search_PreMatured_Ledger" time="187.830" errors="0" timestamp="2025-12-09T18:12:51 IST" skipped="0">
  <testcase classname="CBS_Branch_CoreBankingService_FD.FD_AccountOpening_Search_PreMatured_Ledger" name="FD_AccountOpening" time="31.734"/>
  <testcase classname="CBS_Branch_CoreBankingService_FD.FD_AccountOpening_Search_PreMatured_Ledger" name="FDcalculations" time="2.647"/>
  <testcase classname="CBS_Branch_CoreBankingService_FD.FD_AccountOpening_Search_PreMatured_Ledger" name="transferMoneyToFDAC" time="15.534"/>
  <testcase classname="CBS_Branch_CoreBankingService_FD.FD_AccountOpening_Search_PreMatured_Ledger" name="acceptTransferVoucher" time="37.424"/>
  <testcase classname="CBS_Branch_CoreBankingService_FD.FD_AccountOpening_Search_PreMatured_Ledger" name="SearchAccount" time="24.409"/>
  <testcase classname="CBS_Branch_CoreBankingService_FD.FD_AccountOpening_Search_PreMatured_Ledger" name="FDPrematurity" time="25.330"/>
  <testcase classname="CBS_Branch_CoreBankingService_FD.FD_AccountOpening_Search_PreMatured_Ledger" name="acceptPreMaturedVoucher" time="33.307"/>
  <testcase classname="CBS_Branch_CoreBankingService_FD.FD_AccountOpening_Search_PreMatured_Ledger" name="FDLedger" time="17.445"/>
</testsuite> <!-- CBS_Branch_CoreBankingService_FD.FD_AccountOpening_Search_PreMatured_Ledger -->
