<?xml version="1.0" encoding="UTF-8"?>
<!-- Generated by org.testng.reporters.JUnitReportReporter -->
<testsuite hostname="DESKTOP-DF4USC7" failures="0" tests="2" name="CBS_Branch_Transactions.Renewals" time="0.002" errors="0" timestamp="2025-12-27T17:01:44 IST" skipped="2">
  <testcase classname="CBS_Branch_Transactions.Renewals" name="RenewalsActions_ForTransactionModule" time="0.001">
    <skipped/>
  </testcase> <!-- RenewalsActions_ForTransactionModule -->
  <testcase classname="CBS_Branch_Transactions.Renewals" name="Renewals_Actions" time="0.001">
    <skipped/>
  </testcase> <!-- Renewals_Actions -->
</testsuite> <!-- CBS_Branch_Transactions.Renewals -->
