<?xml version="1.0" encoding="UTF-8"?>
<!-- Generated by org.testng.reporters.JUnitReportReporter -->
<testsuite hostname="DESKTOP-B2BGAG6" failures="0" tests="1" name="CBS_Branch_CoreBankingServices_PigmyDeposit.Pigmy_Calculation" time="0.035" errors="0" timestamp="2025-10-14T13:54:52 IST" skipped="0">
  <testcase classname="CBS_Branch_CoreBankingServices_PigmyDeposit.Pigmy_Calculation" name="PigmyCalculationsss" time="0.035"/>
</testsuite> <!-- CBS_Branch_CoreBankingServices_PigmyDeposit.Pigmy_Calculation -->
