<?xml version="1.0" encoding="UTF-8"?>
<!-- Generated by org.testng.reporters.JUnitReportReporter -->
<testsuite hostname="DESKTOP-B2BGAG6" failures="0" tests="1" name="CBS_Branch_CoreBankingService_CurrentAccount.Search_Current_Account" time="31.761" errors="0" timestamp="2025-11-12T11:52:54 IST" skipped="0">
  <testcase classname="CBS_Branch_CoreBankingService_CurrentAccount.Search_Current_Account" name="Search_Current_AC" time="31.761"/>
</testsuite> <!-- CBS_Branch_CoreBankingService_CurrentAccount.Search_Current_Account -->
