<?xml version="1.0" encoding="UTF-8"?>
<!-- Generated by org.testng.reporters.JUnitReportReporter -->
<testsuite hostname="DESKTOP-DF4USC7" failures="0" tests="21" name="CBS_Branch_Loan_IndividualLoan.Pending_Loan_For_Approval" time="0.092" errors="0" timestamp="2025-12-27T17:01:44 IST" skipped="21">
  <testcase classname="CBS_Branch_Loan_IndividualLoan.Pending_Loan_For_Approval" name="Pending_Loan_For_Approval_Navigation" time="0.001">
    <skipped/>
  </testcase> <!-- Pending_Loan_For_Approval_Navigation -->
  <testcase classname="CBS_Branch_Loan_IndividualLoan.Pending_Loan_For_Approval" name="Pending_Loan_For_Approval_Actions" time="0.002">
    <skipped/>
  </testcase> <!-- Pending_Loan_For_Approval_Actions -->
  <testcase classname="CBS_Branch_Loan_IndividualLoan.Pending_Loan_For_Approval" name="ApplicationInfo" time="0.001">
    <skipped/>
  </testcase> <!-- ApplicationInfo -->
  <testcase classname="CBS_Branch_Loan_IndividualLoan.Pending_Loan_For_Approval" name="Co_Application" time="0.000">
    <skipped/>
  </testcase> <!-- Co_Application -->
  <testcase classname="CBS_Branch_Loan_IndividualLoan.Pending_Loan_For_Approval" name="uploadDocument" time="0.000">
    <skipped/>
  </testcase> <!-- uploadDocument -->
  <testcase classname="CBS_Branch_Loan_IndividualLoan.Pending_Loan_For_Approval" name="PDC_NACH_Details1" time="0.011">
    <skipped/>
  </testcase> <!-- PDC_NACH_Details1 -->
  <testcase classname="CBS_Branch_Loan_IndividualLoan.Pending_Loan_For_Approval" name="Bank_Account" time="0.001">
    <skipped/>
  </testcase> <!-- Bank_Account -->
  <testcase classname="CBS_Branch_Loan_IndividualLoan.Pending_Loan_For_Approval" name="ExistingLoan" time="0.001">
    <skipped/>
  </testcase> <!-- ExistingLoan -->
  <testcase classname="CBS_Branch_Loan_IndividualLoan.Pending_Loan_For_Approval" name="CreditCardDetails" time="0.001">
    <skipped/>
  </testcase> <!-- CreditCardDetails -->
  <testcase classname="CBS_Branch_Loan_IndividualLoan.Pending_Loan_For_Approval" name="ReferenceDetails" time="0.003">
    <skipped/>
  </testcase> <!-- ReferenceDetails -->
  <testcase classname="CBS_Branch_Loan_IndividualLoan.Pending_Loan_For_Approval" name="collateralDetails" time="0.001">
    <skipped/>
  </testcase> <!-- collateralDetails -->
  <testcase classname="CBS_Branch_Loan_IndividualLoan.Pending_Loan_For_Approval" name="insuranceDetails" time="0.001">
    <skipped/>
  </testcase> <!-- insuranceDetails -->
  <testcase classname="CBS_Branch_Loan_IndividualLoan.Pending_Loan_For_Approval" name="vehicalDetails" time="0.004">
    <skipped/>
  </testcase> <!-- vehicalDetails -->
  <testcase classname="CBS_Branch_Loan_IndividualLoan.Pending_Loan_For_Approval" name="CIBILVerfication" time="0.001">
    <skipped/>
  </testcase> <!-- CIBILVerfication -->
  <testcase classname="CBS_Branch_Loan_IndividualLoan.Pending_Loan_For_Approval" name="AddressVerification" time="0.038">
    <skipped/>
  </testcase> <!-- AddressVerification -->
  <testcase classname="CBS_Branch_Loan_IndividualLoan.Pending_Loan_For_Approval" name="DocumentVerification" time="0.022">
    <skipped/>
  </testcase> <!-- DocumentVerification -->
  <testcase classname="CBS_Branch_Loan_IndividualLoan.Pending_Loan_For_Approval" name="printDouments" time="0.001">
    <skipped/>
  </testcase> <!-- printDouments -->
  <testcase classname="CBS_Branch_Loan_IndividualLoan.Pending_Loan_For_Approval" name="PaymentSetting" time="0.001">
    <skipped/>
  </testcase> <!-- PaymentSetting -->
  <testcase classname="CBS_Branch_Loan_IndividualLoan.Pending_Loan_For_Approval" name="addProductDetails" time="0.001">
    <skipped/>
  </testcase> <!-- addProductDetails -->
  <testcase classname="CBS_Branch_Loan_IndividualLoan.Pending_Loan_For_Approval" name="NavigateToAdmin" time="0.001">
    <skipped/>
  </testcase> <!-- NavigateToAdmin -->
  <testcase classname="CBS_Branch_Loan_IndividualLoan.Pending_Loan_For_Approval" name="ApprovePendingLoan" time="0.000">
    <skipped/>
  </testcase> <!-- ApprovePendingLoan -->
</testsuite> <!-- CBS_Branch_Loan_IndividualLoan.Pending_Loan_For_Approval -->
