<?xml version="1.0" encoding="UTF-8"?>
<!-- Generated by org.testng.reporters.JUnitReportReporter -->
<testsuite hostname="DESKTOP-B2BGAG6" failures="0" tests="1" name="CBS_Branch_CoreBankingService_SharePayment.Nominee_To_Share_Associate" time="29.073" errors="0" timestamp="2025-10-10T17:34:39 IST" skipped="0">
  <testcase classname="CBS_Branch_CoreBankingService_SharePayment.Nominee_To_Share_Associate" name="NomineeToShareAssociate" time="29.073"/>
</testsuite> <!-- CBS_Branch_CoreBankingService_SharePayment.Nominee_To_Share_Associate -->
