<?xml version="1.0" encoding="UTF-8"?>
<!-- Generated by org.testng.reporters.JUnitReportReporter -->
<testsuite hostname="DESKTOP-B2BGAG6" failures="0" tests="2" name="CBS_Branch_CoreBankingService_RecurringDeposit.RD_Opening_View" time="72.141" errors="0" timestamp="2025-09-10T12:44:56 IST" skipped="0">
  <testcase classname="CBS_Branch_CoreBankingService_RecurringDeposit.RD_Opening_View" name="RD_Opening" time="43.993"/>
  <testcase classname="CBS_Branch_CoreBankingService_RecurringDeposit.RD_Opening_View" name="checkAccountCreated" time="28.148"/>
</testsuite> <!-- CBS_Branch_CoreBankingService_RecurringDeposit.RD_Opening_View -->
