<?xml version="1.0" encoding="UTF-8"?>
<!-- Generated by org.testng.reporters.JUnitReportReporter -->
<testsuite hostname="DESKTOP-DF4USC7" failures="0" tests="24" name="CBS_Branch_Loan_IndividualLoan.LoanCycle_Create_ViewApproval" time="0.144" errors="0" timestamp="2025-12-27T17:01:44 IST" skipped="24">
  <testcase classname="CBS_Branch_Loan_IndividualLoan.LoanCycle_Create_ViewApproval" name="ApplyIndivdualLoan" time="0.004">
    <skipped/>
  </testcase> <!-- ApplyIndivdualLoan -->
  <testcase classname="CBS_Branch_Loan_IndividualLoan.LoanCycle_Create_ViewApproval" name="viewApplyLoan" time="0.001">
    <skipped/>
  </testcase> <!-- viewApplyLoan -->
  <testcase classname="CBS_Branch_Loan_IndividualLoan.LoanCycle_Create_ViewApproval" name="Pending_Loan_For_Approval_Actions" time="0.001">
    <skipped/>
  </testcase> <!-- Pending_Loan_For_Approval_Actions -->
  <testcase classname="CBS_Branch_Loan_IndividualLoan.LoanCycle_Create_ViewApproval" name="ApplicationInfo" time="0.009">
    <skipped/>
  </testcase> <!-- ApplicationInfo -->
  <testcase classname="CBS_Branch_Loan_IndividualLoan.LoanCycle_Create_ViewApproval" name="Co_Application" time="0.001">
    <skipped/>
  </testcase> <!-- Co_Application -->
  <testcase classname="CBS_Branch_Loan_IndividualLoan.LoanCycle_Create_ViewApproval" name="uploadDocument" time="0.002">
    <skipped/>
  </testcase> <!-- uploadDocument -->
  <testcase classname="CBS_Branch_Loan_IndividualLoan.LoanCycle_Create_ViewApproval" name="PDC_NACH_Details1" time="0.001">
    <skipped/>
  </testcase> <!-- PDC_NACH_Details1 -->
  <testcase classname="CBS_Branch_Loan_IndividualLoan.LoanCycle_Create_ViewApproval" name="Bank_Account" time="0.004">
    <skipped/>
  </testcase> <!-- Bank_Account -->
  <testcase classname="CBS_Branch_Loan_IndividualLoan.LoanCycle_Create_ViewApproval" name="ExistingLoan" time="0.001">
    <skipped/>
  </testcase> <!-- ExistingLoan -->
  <testcase classname="CBS_Branch_Loan_IndividualLoan.LoanCycle_Create_ViewApproval" name="CreditCardDetails" time="0.001">
    <skipped/>
  </testcase> <!-- CreditCardDetails -->
  <testcase classname="CBS_Branch_Loan_IndividualLoan.LoanCycle_Create_ViewApproval" name="ReferenceDetails" time="0.003">
    <skipped/>
  </testcase> <!-- ReferenceDetails -->
  <testcase classname="CBS_Branch_Loan_IndividualLoan.LoanCycle_Create_ViewApproval" name="collateralDetails" time="0.013">
    <skipped/>
  </testcase> <!-- collateralDetails -->
  <testcase classname="CBS_Branch_Loan_IndividualLoan.LoanCycle_Create_ViewApproval" name="insuranceDetails" time="0.030">
    <skipped/>
  </testcase> <!-- insuranceDetails -->
  <testcase classname="CBS_Branch_Loan_IndividualLoan.LoanCycle_Create_ViewApproval" name="vehicalDetails" time="0.003">
    <skipped/>
  </testcase> <!-- vehicalDetails -->
  <testcase classname="CBS_Branch_Loan_IndividualLoan.LoanCycle_Create_ViewApproval" name="CIBILVerfication" time="0.019">
    <skipped/>
  </testcase> <!-- CIBILVerfication -->
  <testcase classname="CBS_Branch_Loan_IndividualLoan.LoanCycle_Create_ViewApproval" name="AddressVerification" time="0.005">
    <skipped/>
  </testcase> <!-- AddressVerification -->
  <testcase classname="CBS_Branch_Loan_IndividualLoan.LoanCycle_Create_ViewApproval" name="DocumentVerification" time="0.032">
    <skipped/>
  </testcase> <!-- DocumentVerification -->
  <testcase classname="CBS_Branch_Loan_IndividualLoan.LoanCycle_Create_ViewApproval" name="printDouments" time="0.003">
    <skipped/>
  </testcase> <!-- printDouments -->
  <testcase classname="CBS_Branch_Loan_IndividualLoan.LoanCycle_Create_ViewApproval" name="PaymentSetting" time="0.001">
    <skipped/>
  </testcase> <!-- PaymentSetting -->
  <testcase classname="CBS_Branch_Loan_IndividualLoan.LoanCycle_Create_ViewApproval" name="addProductDetails" time="0.003">
    <skipped/>
  </testcase> <!-- addProductDetails -->
  <testcase classname="CBS_Branch_Loan_IndividualLoan.LoanCycle_Create_ViewApproval" name="NavigateToAdmin" time="0.001">
    <skipped/>
  </testcase> <!-- NavigateToAdmin -->
  <testcase classname="CBS_Branch_Loan_IndividualLoan.LoanCycle_Create_ViewApproval" name="ApprovePendingLoan" time="0.003">
    <skipped/>
  </testcase> <!-- ApprovePendingLoan -->
  <testcase classname="CBS_Branch_Loan_IndividualLoan.LoanCycle_Create_ViewApproval" name="LoginInToBranchAgain" time="0.002">
    <skipped/>
  </testcase> <!-- LoginInToBranchAgain -->
  <testcase classname="CBS_Branch_Loan_IndividualLoan.LoanCycle_Create_ViewApproval" name="disburseLoan" time="0.001">
    <skipped/>
  </testcase> <!-- disburseLoan -->
</testsuite> <!-- CBS_Branch_Loan_IndividualLoan.LoanCycle_Create_ViewApproval -->
