<?xml version="1.0" encoding="UTF-8"?>
<!-- Generated by org.testng.reporters.JUnitReportReporter -->
<testsuite hostname="DESKTOP-DF4USC7" failures="0" tests="5" name="CBS_Branch_Loan_GoldLoan.ViewGoldLoanApplication" time="0.060" errors="0" timestamp="2025-12-27T17:01:44 IST" skipped="5">
  <testcase classname="CBS_Branch_Loan_GoldLoan.ViewGoldLoanApplication" name="viewGoldLoanApplication" time="0.024">
    <skipped/>
  </testcase> <!-- viewGoldLoanApplication -->
  <testcase classname="CBS_Branch_Loan_GoldLoan.ViewGoldLoanApplication" name="ApplicationInfo" time="0.004">
    <skipped/>
  </testcase> <!-- ApplicationInfo -->
  <testcase classname="CBS_Branch_Loan_GoldLoan.ViewGoldLoanApplication" name="AddItemsInfo" time="0.001">
    <skipped/>
  </testcase> <!-- AddItemsInfo -->
  <testcase classname="CBS_Branch_Loan_GoldLoan.ViewGoldLoanApplication" name="SendForApproval" time="0.005">
    <skipped/>
  </testcase> <!-- SendForApproval -->
  <testcase classname="CBS_Branch_Loan_GoldLoan.ViewGoldLoanApplication" name="checkApproval" time="0.026">
    <skipped/>
  </testcase> <!-- checkApproval -->
</testsuite> <!-- CBS_Branch_Loan_GoldLoan.ViewGoldLoanApplication -->
