<?xml version="1.0" encoding="UTF-8"?>
<!-- Generated by org.testng.reporters.JUnitReportReporter -->
<testsuite hostname="DESKTOP-B2BGAG6" failures="0" tests="5" name="CBS_Branch_CoreBankingService_FD.FD_Account_Opening" time="97.140" errors="0" timestamp="2025-12-04T16:28:11 IST" skipped="0">
  <testcase classname="CBS_Branch_CoreBankingService_FD.FD_Account_Opening" name="FD_AccountOpening" time="19.471"/>
  <testcase classname="CBS_Branch_CoreBankingService_FD.FD_Account_Opening" name="FDcalculations" time="2.622"/>
  <testcase classname="CBS_Branch_CoreBankingService_FD.FD_Account_Opening" name="transferMoneyToFDAC" time="15.694"/>
  <testcase classname="CBS_Branch_CoreBankingService_FD.FD_Account_Opening" name="acceptTransferVoucher" time="35.138"/>
  <testcase classname="CBS_Branch_CoreBankingService_FD.FD_Account_Opening" name="SearchAccount" time="24.215"/>
</testsuite> <!-- CBS_Branch_CoreBankingService_FD.FD_Account_Opening -->
