<?xml version="1.0" encoding="UTF-8"?>
<!-- Generated by org.testng.reporters.JUnitReportReporter -->
<testsuite hostname="DESKTOP-B2BGAG6" failures="0" tests="4" name="CBS_Branch_CoreBankingService_CurrentAccount.CAOpening_View_Ledger" time="232.475" errors="0" timestamp="2025-11-12T13:54:01 IST" skipped="0">
  <testcase classname="CBS_Branch_CoreBankingService_CurrentAccount.CAOpening_View_Ledger" name="ViewAccount" time="33.710"/>
  <testcase classname="CBS_Branch_CoreBankingService_CurrentAccount.CAOpening_View_Ledger" name="addFund" time="110.740"/>
  <testcase classname="CBS_Branch_CoreBankingService_CurrentAccount.CAOpening_View_Ledger" name="viewCALedger" time="25.428"/>
  <testcase classname="CBS_Branch_CoreBankingService_CurrentAccount.CAOpening_View_Ledger" name="closedAccount" time="62.597"/>
</testsuite> <!-- CBS_Branch_CoreBankingService_CurrentAccount.CAOpening_View_Ledger -->
