<?xml version="1.0" encoding="UTF-8"?>
<!-- Generated by org.testng.reporters.JUnitReportReporter -->
<testsuite hostname="DESKTOP-B2BGAG6" failures="0" tests="1" name="CBS_Branch_CoreBankingService_CurrentAccount.Current_Ledger" time="27.666" errors="0" timestamp="2025-11-12T12:39:12 IST" skipped="0">
  <testcase classname="CBS_Branch_CoreBankingService_CurrentAccount.Current_Ledger" name="currentLedger" time="27.666"/>
</testsuite> <!-- CBS_Branch_CoreBankingService_CurrentAccount.Current_Ledger -->
