<?xml version="1.0" encoding="UTF-8"?>
<!-- Generated by org.testng.reporters.JUnitReportReporter -->
<testsuite hostname="DESKTOP-DF4USC7" failures="0" tests="2" name="CBS_Branch_CoreBankingService_CurrentAccount.Clouser_Current_Account" time="0.003" errors="0" timestamp="2025-12-27T17:01:44 IST" skipped="2">
  <testcase classname="CBS_Branch_CoreBankingService_CurrentAccount.Clouser_Current_Account" name="ClouserCurrentAccount" time="0.002">
    <skipped/>
  </testcase> <!-- ClouserCurrentAccount -->
  <testcase classname="CBS_Branch_CoreBankingService_CurrentAccount.Clouser_Current_Account" name="checkAccountStatus" time="0.001">
    <skipped/>
  </testcase> <!-- checkAccountStatus -->
</testsuite> <!-- CBS_Branch_CoreBankingService_CurrentAccount.Clouser_Current_Account -->
