<?xml version="1.0" encoding="UTF-8"?>
<!-- Generated by org.testng.reporters.JUnitReportReporter -->
<testsuite hostname="DESKTOP-DF4USC7" failures="0" tests="2" name="CBS_Branch_CoreBankingService_SavingAccount.SB_AccountOpening" time="0.002" errors="0" timestamp="2025-12-27T17:01:44 IST" skipped="2">
  <testcase classname="CBS_Branch_CoreBankingService_SavingAccount.SB_AccountOpening" name="SB_Account" time="0.001">
    <skipped/>
  </testcase> <!-- SB_Account -->
  <testcase classname="CBS_Branch_CoreBankingService_SavingAccount.SB_AccountOpening" name="SearchSB" time="0.001">
    <skipped/>
  </testcase> <!-- SearchSB -->
</testsuite> <!-- CBS_Branch_CoreBankingService_SavingAccount.SB_AccountOpening -->
