<?xml version="1.0" encoding="UTF-8"?>
<!-- Generated by org.testng.reporters.JUnitReportReporter -->
<testsuite hostname="DESKTOP-B2BGAG6" failures="0" tests="2" name="CBS_Branch_CoreBankingService_RecurringDeposit.RD_Calculator" time="28.299" errors="0" timestamp="2025-10-13T12:45:10 IST" skipped="0">
  <testcase classname="CBS_Branch_CoreBankingService_RecurringDeposit.RD_Calculator" name="RD_Calculator_Actions" time="27.767"/>
  <testcase classname="CBS_Branch_CoreBankingService_RecurringDeposit.RD_Calculator" name="Calculations" time="0.532"/>
</testsuite> <!-- CBS_Branch_CoreBankingService_RecurringDeposit.RD_Calculator -->
