<?xml version="1.0" encoding="UTF-8"?>
<!-- Generated by org.testng.reporters.JUnitReportReporter -->
<testsuite hostname="DESKTOP-B2BGAG6" failures="0" tests="2" name="CBS_Branch_CoreBankingService_RD.RD_Calculator" time="25.782" errors="0" timestamp="2025-11-10T13:42:12 IST" skipped="0">
  <testcase classname="CBS_Branch_CoreBankingService_RD.RD_Calculator" name="RD_Calculator_Actions" time="25.777"/>
  <testcase classname="CBS_Branch_CoreBankingService_RD.RD_Calculator" name="Calculations" time="0.005"/>
</testsuite> <!-- CBS_Branch_CoreBankingService_RD.RD_Calculator -->
