<?xml version="1.0" encoding="UTF-8"?>
<!-- Generated by org.testng.reporters.JUnitReportReporter -->
<testsuite hostname="DESKTOP-B2BGAG6" failures="0" tests="3" name="CBS_Branch_Transactions.Fund_Withdrawal" time="112.447" errors="0" timestamp="2025-10-06T14:06:44 IST" skipped="0">
  <testcase classname="CBS_Branch_Transactions.Fund_Withdrawal" name="Fund_Withdrawal_Navigation" time="51.833"/>
  <testcase classname="CBS_Branch_Transactions.Fund_Withdrawal" name="checkRequestInVoucher" time="44.528"/>
  <testcase classname="CBS_Branch_Transactions.Fund_Withdrawal" name="fundDeposit_ForBalanceCheck2" time="16.086"/>
</testsuite> <!-- CBS_Branch_Transactions.Fund_Withdrawal -->
