<?xml version="1.0" encoding="UTF-8"?>
<!-- Generated by org.testng.reporters.JUnitReportReporter -->
<testsuite hostname="DESKTOP-B2BGAG6" failures="0" tests="3" name="CBS_Branch_Transactions.AccountTransaction" time="38.631" errors="0" timestamp="2025-05-20T12:06:38 IST" skipped="0">
  <testcase classname="CBS_Branch_Transactions.AccountTransaction" name="AccountTransaction_Navigation" time="5.930"/>
  <testcase classname="CBS_Branch_Transactions.AccountTransaction" name="SearchTransaction" time="13.871"/>
  <testcase classname="CBS_Branch_Transactions.AccountTransaction" name="RejectTransaction" time="18.830"/>
</testsuite> <!-- CBS_Branch_Transactions.AccountTransaction -->
