<?xml version="1.0" encoding="UTF-8"?>
<!-- Generated by org.testng.reporters.JUnitReportReporter -->
<testsuite hostname="DESKTOP-B2BGAG6" failures="0" tests="2" name="CBS_Branch_CoreBankingService_FD.FD_Calculator" time="22.377" errors="0" timestamp="2025-11-17T12:02:19 IST" skipped="0">
  <testcase classname="CBS_Branch_CoreBankingService_FD.FD_Calculator" name="FDCalculator" time="22.370"/>
  <testcase classname="CBS_Branch_CoreBankingService_FD.FD_Calculator" name="calcultion" time="0.007"/>
</testsuite> <!-- CBS_Branch_CoreBankingService_FD.FD_Calculator -->
