<?xml version="1.0" encoding="UTF-8"?>
<!-- Generated by org.testng.reporters.JUnitReportReporter -->
<testsuite hostname="DESKTOP-DF4USC7" failures="0" tests="1" name="CBS_Branch_CoreBankingService_OD.Closer_OD_Account" time="0.000" errors="0" timestamp="2025-12-27T17:01:44 IST" skipped="1">
  <testcase classname="CBS_Branch_CoreBankingService_OD.Closer_OD_Account" name="ClosureODAccount" time="0.000">
    <skipped/>
  </testcase> <!-- ClosureODAccount -->
</testsuite> <!-- CBS_Branch_CoreBankingService_OD.Closer_OD_Account -->
