<?xml version="1.0" encoding="UTF-8"?>
<!-- Generated by org.testng.reporters.JUnitReportReporter -->
<testsuite hostname="DESKTOP-DF4USC7" failures="0" tests="2" name="CBS_Branch_CoreBankingServices_PigmyDeposit.Pigmy_Calculator" time="0.018" errors="0" timestamp="2025-12-27T17:01:44 IST" skipped="2">
  <testcase classname="CBS_Branch_CoreBankingServices_PigmyDeposit.Pigmy_Calculator" name="Pigmy_Calculator_Navigation" time="0.013">
    <skipped/>
  </testcase> <!-- Pigmy_Calculator_Navigation -->
  <testcase classname="CBS_Branch_CoreBankingServices_PigmyDeposit.Pigmy_Calculator" name="pigmyCalculations" time="0.005">
    <skipped/>
  </testcase> <!-- pigmyCalculations -->
</testsuite> <!-- CBS_Branch_CoreBankingServices_PigmyDeposit.Pigmy_Calculator -->
