<?xml version="1.0" encoding="UTF-8"?>
<!-- Generated by org.testng.reporters.JUnitReportReporter -->
<testsuite hostname="DESKTOP-DF4USC7" failures="0" tests="2" name="CBS_Branch_Loan_GoldLoan.Loan_Clousure_EMI_Type" time="0.003" errors="0" timestamp="2025-12-27T17:01:44 IST" skipped="2">
  <testcase classname="CBS_Branch_Loan_GoldLoan.Loan_Clousure_EMI_Type" name="Loan_Clousure_EMI_Type_Navigation" time="0.001">
    <skipped/>
  </testcase> <!-- Loan_Clousure_EMI_Type_Navigation -->
  <testcase classname="CBS_Branch_Loan_GoldLoan.Loan_Clousure_EMI_Type" name="Loan_Clousure_EMI_Type_Actions" time="0.002">
    <skipped/>
  </testcase> <!-- Loan_Clousure_EMI_Type_Actions -->
</testsuite> <!-- CBS_Branch_Loan_GoldLoan.Loan_Clousure_EMI_Type -->
