<?xml version="1.0" encoding="UTF-8"?>
<!-- Generated by org.testng.reporters.JUnitReportReporter -->
<testsuite hostname="DESKTOP-DF4USC7" failures="0" tests="1" name="CBS_Branch_Transactions.Interest_Plan_Setup" time="0.001" errors="0" timestamp="2025-12-27T17:01:44 IST" skipped="1">
  <testcase classname="CBS_Branch_Transactions.Interest_Plan_Setup" name="interestPlanSetup" time="0.001">
    <skipped/>
  </testcase> <!-- interestPlanSetup -->
</testsuite> <!-- CBS_Branch_Transactions.Interest_Plan_Setup -->
