<?xml version="1.0" encoding="UTF-8"?>
<!-- Generated by org.testng.reporters.JUnitReportReporter -->
<testsuite hostname="DESKTOP-DF4USC7" failures="0" tests="1" name="CBS_Branch_Loan_GoldLoan.Disbursement_Gold_Loan_Applications" time="0.019" errors="0" timestamp="2025-12-27T17:01:44 IST" skipped="1">
  <testcase classname="CBS_Branch_Loan_GoldLoan.Disbursement_Gold_Loan_Applications" name="Disbursement_Gold_Loan_Applications_Actions" time="0.019">
    <skipped/>
  </testcase> <!-- Disbursement_Gold_Loan_Applications_Actions -->
</testsuite> <!-- CBS_Branch_Loan_GoldLoan.Disbursement_Gold_Loan_Applications -->
