<?xml version="1.0" encoding="UTF-8"?>
<!-- Generated by org.testng.reporters.JUnitReportReporter -->
<testsuite hostname="DESKTOP-DF4USC7" failures="0" tests="3" name="CBS_Branch_CoreBankingService_MIS.MIS_PayMaturity" time="0.019" errors="0" timestamp="2025-12-27T17:01:44 IST" skipped="3">
  <testcase classname="CBS_Branch_CoreBankingService_MIS.MIS_PayMaturity" name="MISpayMaturity" time="0.001">
    <skipped/>
  </testcase> <!-- MISpayMaturity -->
  <testcase classname="CBS_Branch_CoreBankingService_MIS.MIS_PayMaturity" name="acceptVoucher" time="0.002">
    <skipped/>
  </testcase> <!-- acceptVoucher -->
  <testcase classname="CBS_Branch_CoreBankingService_MIS.MIS_PayMaturity" name="MISledger" time="0.016">
    <skipped/>
  </testcase> <!-- MISledger -->
</testsuite> <!-- CBS_Branch_CoreBankingService_MIS.MIS_PayMaturity -->
