<?xml version="1.0" encoding="UTF-8"?>
<!-- Generated by org.testng.reporters.JUnitReportReporter -->
<testsuite hostname="DESKTOP-DF4USC7" failures="0" tests="5" name="CBS_Branch_Loan_GoldLoan.View_GoldLoan_ApplicationsAutoCheckingOnly" time="0.025" errors="0" timestamp="2025-12-27T17:01:44 IST" skipped="5">
  <testcase classname="CBS_Branch_Loan_GoldLoan.View_GoldLoan_ApplicationsAutoCheckingOnly" name="ViewGoldLoanApplications_Navigation" time="0.019">
    <skipped/>
  </testcase> <!-- ViewGoldLoanApplications_Navigation -->
  <testcase classname="CBS_Branch_Loan_GoldLoan.View_GoldLoan_ApplicationsAutoCheckingOnly" name="ViewGoldLoanApplications_actions" time="0.001">
    <skipped/>
  </testcase> <!-- ViewGoldLoanApplications_actions -->
  <testcase classname="CBS_Branch_Loan_GoldLoan.View_GoldLoan_ApplicationsAutoCheckingOnly" name="LoanReport_ApplicationForm" time="0.003">
    <skipped/>
  </testcase> <!-- LoanReport_ApplicationForm -->
  <testcase classname="CBS_Branch_Loan_GoldLoan.View_GoldLoan_ApplicationsAutoCheckingOnly" name="LoanReport_AddItemsInfo" time="0.001">
    <skipped/>
  </testcase> <!-- LoanReport_AddItemsInfo -->
  <testcase classname="CBS_Branch_Loan_GoldLoan.View_GoldLoan_ApplicationsAutoCheckingOnly" name="LoanReport_SendForApproval" time="0.001">
    <skipped/>
  </testcase> <!-- LoanReport_SendForApproval -->
</testsuite> <!-- CBS_Branch_Loan_GoldLoan.View_GoldLoan_ApplicationsAutoCheckingOnly -->
