<?xml version="1.0" encoding="UTF-8"?>
<!-- Generated by org.testng.reporters.JUnitReportReporter -->
<testsuite hostname="DESKTOP-B2BGAG6" failures="0" tests="2" name="CBS_Branch_Transactions.Voucher" time="218.764" errors="0" timestamp="2025-05-20T11:30:59 IST" skipped="0">
  <testcase classname="CBS_Branch_Transactions.Voucher" name="Voucher_Navigation" time="5.654"/>
  <testcase classname="CBS_Branch_Transactions.Voucher" name="VoucherAction" time="213.110"/>
</testsuite> <!-- CBS_Branch_Transactions.Voucher -->
