<?xml version="1.0" encoding="UTF-8"?>
<!-- Generated by org.testng.reporters.JUnitReportReporter -->
<testsuite hostname="DESKTOP-DF4USC7" failures="0" tests="7" name="CBS_Branch_CoreBankingService_RD.RDOpen_Search_Prematured_Ledger" time="0.001" errors="0" timestamp="2025-12-27T17:01:44 IST" skipped="7">
  <testcase classname="CBS_Branch_CoreBankingService_RD.RDOpen_Search_Prematured_Ledger" name="RDOpening" time="0.001">
    <skipped/>
  </testcase> <!-- RDOpening -->
  <testcase classname="CBS_Branch_CoreBankingService_RD.RDOpen_Search_Prematured_Ledger" name="Calculations" time="0.000">
    <skipped/>
  </testcase> <!-- Calculations -->
  <testcase classname="CBS_Branch_CoreBankingService_RD.RDOpen_Search_Prematured_Ledger" name="renewalRD" time="0.000">
    <skipped/>
  </testcase> <!-- renewalRD -->
  <testcase classname="CBS_Branch_CoreBankingService_RD.RDOpen_Search_Prematured_Ledger" name="ViewRD" time="0.000">
    <skipped/>
  </testcase> <!-- ViewRD -->
  <testcase classname="CBS_Branch_CoreBankingService_RD.RDOpen_Search_Prematured_Ledger" name="preMaturedRD" time="0.000">
    <skipped/>
  </testcase> <!-- preMaturedRD -->
  <testcase classname="CBS_Branch_CoreBankingService_RD.RDOpen_Search_Prematured_Ledger" name="PreMaturedVoucherApprove" time="0.000">
    <skipped/>
  </testcase> <!-- PreMaturedVoucherApprove -->
  <testcase classname="CBS_Branch_CoreBankingService_RD.RDOpen_Search_Prematured_Ledger" name="RDAccountledger" time="0.000">
    <skipped/>
  </testcase> <!-- RDAccountledger -->
</testsuite> <!-- CBS_Branch_CoreBankingService_RD.RDOpen_Search_Prematured_Ledger -->
