<?xml version="1.0" encoding="UTF-8"?>
<!-- Generated by org.testng.reporters.JUnitReportReporter -->
<testsuite hostname="DESKTOP-B2BGAG6" failures="0" tests="3" name="CBS_Branch_Transactions.Fund_Deposit" time="87.764" errors="0" timestamp="2025-12-04T14:24:27 IST" skipped="0">
  <testcase classname="CBS_Branch_Transactions.Fund_Deposit" name="fundDeposit" time="43.336"/>
  <testcase classname="CBS_Branch_Transactions.Fund_Deposit" name="approveVoucher" time="36.072"/>
  <testcase classname="CBS_Branch_Transactions.Fund_Deposit" name="fundDeposit_ForBalanceCheckAfterDeposit" time="8.356"/>
</testsuite> <!-- CBS_Branch_Transactions.Fund_Deposit -->
