<?xml version="1.0" encoding="UTF-8"?>
<!-- Generated by org.testng.reporters.JUnitReportReporter -->
<testsuite hostname="DESKTOP-B2BGAG6" failures="0" tests="3" name="CBS_Branch_Transactions.RechargeStaff_E_Wallet" time="87.514" errors="0" timestamp="2025-12-03T19:39:40 IST" skipped="0">
  <testcase classname="CBS_Branch_Transactions.RechargeStaff_E_Wallet" name="rechargeStaffEWallet" time="22.763"/>
  <testcase classname="CBS_Branch_Transactions.RechargeStaff_E_Wallet" name="VoucherApprove" time="35.587"/>
  <testcase classname="CBS_Branch_Transactions.RechargeStaff_E_Wallet" name="checkWallet" time="29.164"/>
</testsuite> <!-- CBS_Branch_Transactions.RechargeStaff_E_Wallet -->
