<?xml version="1.0" encoding="UTF-8"?>
<!-- Generated by org.testng.reporters.JUnitReportReporter -->
<testsuite hostname="DESKTOP-DF4USC7" failures="0" tests="1" name="CBS_Branch_Transactions.Loan_Disbursment" time="0.008" errors="0" timestamp="2025-12-27T17:01:44 IST" skipped="1">
  <testcase classname="CBS_Branch_Transactions.Loan_Disbursment" name="Loan_Disbursement_Navigation" time="0.008">
    <skipped/>
  </testcase> <!-- Loan_Disbursement_Navigation -->
</testsuite> <!-- CBS_Branch_Transactions.Loan_Disbursment -->
