<?xml version="1.0" encoding="UTF-8"?>
<!-- Generated by org.testng.reporters.JUnitReportReporter -->
<testsuite hostname="DESKTOP-DF4USC7" failures="0" tests="6" name="CBS_Branch_Loan_GoldLoan.Create_NewLoan_ViewGoldLoan_Disbursment" time="0.048" errors="0" timestamp="2025-12-27T17:01:44 IST" skipped="6">
  <testcase classname="CBS_Branch_Loan_GoldLoan.Create_NewLoan_ViewGoldLoan_Disbursment" name="CreateGoldLoan_Actions" time="0.002">
    <skipped/>
  </testcase> <!-- CreateGoldLoan_Actions -->
  <testcase classname="CBS_Branch_Loan_GoldLoan.Create_NewLoan_ViewGoldLoan_Disbursment" name="viewGoldLoanApplication" time="0.001">
    <skipped/>
  </testcase> <!-- viewGoldLoanApplication -->
  <testcase classname="CBS_Branch_Loan_GoldLoan.Create_NewLoan_ViewGoldLoan_Disbursment" name="Form1" time="0.002">
    <skipped/>
  </testcase> <!-- Form1 -->
  <testcase classname="CBS_Branch_Loan_GoldLoan.Create_NewLoan_ViewGoldLoan_Disbursment" name="Form2" time="0.040">
    <skipped/>
  </testcase> <!-- Form2 -->
  <testcase classname="CBS_Branch_Loan_GoldLoan.Create_NewLoan_ViewGoldLoan_Disbursment" name="form3" time="0.001">
    <skipped/>
  </testcase> <!-- form3 -->
  <testcase classname="CBS_Branch_Loan_GoldLoan.Create_NewLoan_ViewGoldLoan_Disbursment" name="DisburseFromVoucher" time="0.002">
    <skipped/>
  </testcase> <!-- DisburseFromVoucher -->
</testsuite> <!-- CBS_Branch_Loan_GoldLoan.Create_NewLoan_ViewGoldLoan_Disbursment -->
