<?xml version="1.0" encoding="UTF-8"?>
<!-- Generated by org.testng.reporters.JUnitReportReporter -->
<testsuite hostname="DESKTOP-DF4USC7" failures="0" tests="8" name="CBS_Branch_CoreBankingService_MIS.MIS_Open_Search_Premature_Ledger" time="0.033" errors="0" timestamp="2025-12-27T17:01:44 IST" skipped="8">
  <testcase classname="CBS_Branch_CoreBankingService_MIS.MIS_Open_Search_Premature_Ledger" name="MISAccountOpening" time="0.012">
    <skipped/>
  </testcase> <!-- MISAccountOpening -->
  <testcase classname="CBS_Branch_CoreBankingService_MIS.MIS_Open_Search_Premature_Ledger" name="MISCalculation" time="0.001">
    <skipped/>
  </testcase> <!-- MISCalculation -->
  <testcase classname="CBS_Branch_CoreBankingService_MIS.MIS_Open_Search_Premature_Ledger" name="transferMoneyToFDAC" time="0.002">
    <skipped/>
  </testcase> <!-- transferMoneyToFDAC -->
  <testcase classname="CBS_Branch_CoreBankingService_MIS.MIS_Open_Search_Premature_Ledger" name="acceptTransferVoucher" time="0.015">
    <skipped/>
  </testcase> <!-- acceptTransferVoucher -->
  <testcase classname="CBS_Branch_CoreBankingService_MIS.MIS_Open_Search_Premature_Ledger" name="SearchMIS" time="0.001">
    <skipped/>
  </testcase> <!-- SearchMIS -->
  <testcase classname="CBS_Branch_CoreBankingService_MIS.MIS_Open_Search_Premature_Ledger" name="PreMaturity" time="0.000">
    <skipped/>
  </testcase> <!-- PreMaturity -->
  <testcase classname="CBS_Branch_CoreBankingService_MIS.MIS_Open_Search_Premature_Ledger" name="acceptPreMaturityVoucher" time="0.002">
    <skipped/>
  </testcase> <!-- acceptPreMaturityVoucher -->
  <testcase classname="CBS_Branch_CoreBankingService_MIS.MIS_Open_Search_Premature_Ledger" name="MISledger" time="0.000">
    <skipped/>
  </testcase> <!-- MISledger -->
</testsuite> <!-- CBS_Branch_CoreBankingService_MIS.MIS_Open_Search_Premature_Ledger -->
