<?xml version="1.0" encoding="UTF-8"?>
<!-- Generated by org.testng.reporters.JUnitReportReporter -->
<testsuite hostname="DESKTOP-B2BGAG6" failures="0" tests="2" name="CBS_Branch_CreditServiceCenter.Add_Credit_Service_Center" time="14.829" errors="0" timestamp="2025-05-27T11:13:46 IST" skipped="0">
  <testcase classname="CBS_Branch_CreditServiceCenter.Add_Credit_Service_Center" name="Add_Credit_Service_Center_Navigation" time="5.658"/>
  <testcase classname="CBS_Branch_CreditServiceCenter.Add_Credit_Service_Center" name="view_Credit_Request" time="9.171"/>
</testsuite> <!-- CBS_Branch_CreditServiceCenter.Add_Credit_Service_Center -->
