<?xml version="1.0" encoding="UTF-8"?>
<!-- Generated by org.testng.reporters.JUnitReportReporter -->
<testsuite hostname="DESKTOP-DF4USC7" failures="0" tests="3" name="CBS_Branch_Transactions.RechargeStaff_E_Wallet" time="0.007" errors="0" timestamp="2025-12-27T17:01:44 IST" skipped="3">
  <testcase classname="CBS_Branch_Transactions.RechargeStaff_E_Wallet" name="rechargeStaffEWallet" time="0.005">
    <skipped/>
  </testcase> <!-- rechargeStaffEWallet -->
  <testcase classname="CBS_Branch_Transactions.RechargeStaff_E_Wallet" name="VoucherApprove" time="0.001">
    <skipped/>
  </testcase> <!-- VoucherApprove -->
  <testcase classname="CBS_Branch_Transactions.RechargeStaff_E_Wallet" name="checkWallet" time="0.001">
    <skipped/>
  </testcase> <!-- checkWallet -->
</testsuite> <!-- CBS_Branch_Transactions.RechargeStaff_E_Wallet -->
