<?xml version="1.0" encoding="UTF-8"?>
<!-- Generated by org.testng.reporters.JUnitReportReporter -->
<testsuite hostname="DESKTOP-DF4USC7" failures="0" tests="2" name="CBS_Branch_CoreBankingService_MIS.MIS_Calculator" time="0.031" errors="0" timestamp="2025-12-27T17:01:44 IST" skipped="2">
  <testcase classname="CBS_Branch_CoreBankingService_MIS.MIS_Calculator" name="MISCalculator" time="0.028">
    <skipped/>
  </testcase> <!-- MISCalculator -->
  <testcase classname="CBS_Branch_CoreBankingService_MIS.MIS_Calculator" name="calculation2" time="0.003">
    <skipped/>
  </testcase> <!-- calculation2 -->
</testsuite> <!-- CBS_Branch_CoreBankingService_MIS.MIS_Calculator -->
