<?xml version="1.0" encoding="UTF-8"?>
<!-- Generated by org.testng.reporters.JUnitReportReporter -->
<testsuite hostname="DESKTOP-DF4USC7" failures="0" tests="2" name="CBS_Branch_Transactions.Voucher_Approval" time="0.002" errors="0" timestamp="2025-12-27T17:01:44 IST" skipped="2">
  <testcase classname="CBS_Branch_Transactions.Voucher_Approval" name="VoucherApproveforTransactionModule" time="0.001">
    <skipped/>
  </testcase> <!-- VoucherApproveforTransactionModule -->
  <testcase classname="CBS_Branch_Transactions.Voucher_Approval" name="VoucherApprove" time="0.001">
    <skipped/>
  </testcase> <!-- VoucherApprove -->
</testsuite> <!-- CBS_Branch_Transactions.Voucher_Approval -->
