<?xml version="1.0" encoding="UTF-8"?>
<!-- Generated by org.testng.reporters.JUnitReportReporter -->
<testsuite hostname="DESKTOP-DF4USC7" failures="0" tests="8" name="CBS_Branch_CoreBankingService_FD.FD_AccountOpening_Search_PreMatured_Ledger" time="0.124" errors="0" timestamp="2025-12-27T17:01:44 IST" skipped="8">
  <testcase classname="CBS_Branch_CoreBankingService_FD.FD_AccountOpening_Search_PreMatured_Ledger" name="FD_AccountOpening" time="0.001">
    <skipped/>
  </testcase> <!-- FD_AccountOpening -->
  <testcase classname="CBS_Branch_CoreBankingService_FD.FD_AccountOpening_Search_PreMatured_Ledger" name="FDcalculations" time="0.001">
    <skipped/>
  </testcase> <!-- FDcalculations -->
  <testcase classname="CBS_Branch_CoreBankingService_FD.FD_AccountOpening_Search_PreMatured_Ledger" name="transferMoneyToFDAC" time="0.115">
    <skipped/>
  </testcase> <!-- transferMoneyToFDAC -->
  <testcase classname="CBS_Branch_CoreBankingService_FD.FD_AccountOpening_Search_PreMatured_Ledger" name="acceptTransferVoucher" time="0.001">
    <skipped/>
  </testcase> <!-- acceptTransferVoucher -->
  <testcase classname="CBS_Branch_CoreBankingService_FD.FD_AccountOpening_Search_PreMatured_Ledger" name="SearchAccount" time="0.001">
    <skipped/>
  </testcase> <!-- SearchAccount -->
  <testcase classname="CBS_Branch_CoreBankingService_FD.FD_AccountOpening_Search_PreMatured_Ledger" name="FDPrematurity" time="0.004">
    <skipped/>
  </testcase> <!-- FDPrematurity -->
  <testcase classname="CBS_Branch_CoreBankingService_FD.FD_AccountOpening_Search_PreMatured_Ledger" name="acceptPreMaturedVoucher" time="0.001">
    <skipped/>
  </testcase> <!-- acceptPreMaturedVoucher -->
  <testcase classname="CBS_Branch_CoreBankingService_FD.FD_AccountOpening_Search_PreMatured_Ledger" name="FDLedger" time="0.000">
    <skipped/>
  </testcase> <!-- FDLedger -->
</testsuite> <!-- CBS_Branch_CoreBankingService_FD.FD_AccountOpening_Search_PreMatured_Ledger -->
