<?xml version="1.0" encoding="UTF-8"?>
<!-- Generated by org.testng.reporters.JUnitReportReporter -->
<testsuite hostname="DESKTOP-B2BGAG6" failures="0" tests="4" name="CBS_Branch_CoreBankingService_FixedDeposit.FD_PreMaturity" time="192.087" errors="0" timestamp="2025-09-09T17:00:43 IST" skipped="0">
  <testcase classname="CBS_Branch_CoreBankingService_FixedDeposit.FD_PreMaturity" name="OpenFD" time="80.389"/>
  <testcase classname="CBS_Branch_CoreBankingService_FixedDeposit.FD_PreMaturity" name="FDVoucherApprove" time="32.958"/>
  <testcase classname="CBS_Branch_CoreBankingService_FixedDeposit.FD_PreMaturity" name="FDPrematurity" time="46.115"/>
  <testcase classname="CBS_Branch_CoreBankingService_FixedDeposit.FD_PreMaturity" name="FDPreMaturityVoucherApprove" time="32.625"/>
</testsuite> <!-- CBS_Branch_CoreBankingService_FixedDeposit.FD_PreMaturity -->
