<?xml version="1.0" encoding="UTF-8"?>
<!-- Generated by org.testng.reporters.JUnitReportReporter -->
<testsuite hostname="DESKTOP-B2BGAG6" failures="0" tests="2" name="CBS_Branch_Loan_GoldLoan.Repayment_Schedule" time="25.874" errors="0" timestamp="2025-05-17T13:48:12 IST" skipped="0">
  <testcase classname="CBS_Branch_Loan_GoldLoan.Repayment_Schedule" name="Repayment_Schedule_Navigation" time="25.867"/>
  <testcase classname="CBS_Branch_Loan_GoldLoan.Repayment_Schedule" name="Repayment_Schedule_Actions" time="0.007"/>
</testsuite> <!-- CBS_Branch_Loan_GoldLoan.Repayment_Schedule -->
