<?xml version="1.0" encoding="UTF-8"?>
<!-- Generated by org.testng.reporters.JUnitReportReporter -->
<testsuite hostname="DESKTOP-B2BGAG6" failures="0" tests="5" name="CBS_Branch_Loan_GoldLoan.ViewGoldLoanApplication" time="92.147" errors="0" timestamp="2025-08-12T16:17:00 IST" skipped="0">
  <testcase classname="CBS_Branch_Loan_GoldLoan.ViewGoldLoanApplication" name="viewGoldLoanApplication" time="25.374"/>
  <testcase classname="CBS_Branch_Loan_GoldLoan.ViewGoldLoanApplication" name="ApplicationInfo" time="5.515"/>
  <testcase classname="CBS_Branch_Loan_GoldLoan.ViewGoldLoanApplication" name="AddItemsInfo" time="30.551"/>
  <testcase classname="CBS_Branch_Loan_GoldLoan.ViewGoldLoanApplication" name="SendForApproval" time="17.852"/>
  <testcase classname="CBS_Branch_Loan_GoldLoan.ViewGoldLoanApplication" name="checkApproval" time="12.855"/>
</testsuite> <!-- CBS_Branch_Loan_GoldLoan.ViewGoldLoanApplication -->
