<?xml version="1.0" encoding="UTF-8"?>
<!-- Generated by org.testng.reporters.JUnitReportReporter -->
<testsuite hostname="DESKTOP-DF4USC7" failures="0" tests="2" name="CBS_Branch_CoreBankingService_FD.FD_Calculator" time="0.006" errors="0" timestamp="2025-12-27T17:01:44 IST" skipped="2">
  <testcase classname="CBS_Branch_CoreBankingService_FD.FD_Calculator" name="FDCalculator" time="0.001">
    <skipped/>
  </testcase> <!-- FDCalculator -->
  <testcase classname="CBS_Branch_CoreBankingService_FD.FD_Calculator" name="calcultion" time="0.005">
    <skipped/>
  </testcase> <!-- calcultion -->
</testsuite> <!-- CBS_Branch_CoreBankingService_FD.FD_Calculator -->
