<?xml version="1.0" encoding="UTF-8"?>
<!-- Generated by org.testng.reporters.JUnitReportReporter -->
<testsuite hostname="DESKTOP-B2BGAG6" failures="0" tests="2" name="CBS_Branch_CoreBankingService_RecurringDeposit.RD_Opening" time="27.433" errors="0" timestamp="2025-10-11T16:23:43 IST" skipped="0">
  <testcase classname="CBS_Branch_CoreBankingService_RecurringDeposit.RD_Opening" name="RD" time="27.419"/>
  <testcase classname="CBS_Branch_CoreBankingService_RecurringDeposit.RD_Opening" name="Calculations" time="0.014"/>
</testsuite> <!-- CBS_Branch_CoreBankingService_RecurringDeposit.RD_Opening -->
