<?xml version="1.0" encoding="UTF-8"?>
<!-- Generated by org.testng.reporters.JUnitReportReporter -->
<testsuite hostname="DESKTOP-B2BGAG6" failures="0" tests="2" name="CBS_Branch_CoreBankingService_FixedDeposit.SearchFDAccount" time="18.291" errors="0" timestamp="2025-05-15T18:25:01 IST" skipped="0">
  <testcase classname="CBS_Branch_CoreBankingService_FixedDeposit.SearchFDAccount" name="FD_Calculator_Path" time="8.351"/>
  <testcase classname="CBS_Branch_CoreBankingService_FixedDeposit.SearchFDAccount" name="SearchFDAccoun_Actions" time="9.940"/>
</testsuite> <!-- CBS_Branch_CoreBankingService_FixedDeposit.SearchFDAccount -->
