<?xml version="1.0" encoding="UTF-8"?>
<!-- Generated by org.testng.reporters.JUnitReportReporter -->
<testsuite hostname="DESKTOP-DF4USC7" failures="0" tests="3" name="ECommerceSiteTest.CartSetionTest" time="16.143" errors="0" timestamp="2026-02-05T15:59:07 IST" skipped="0">
  <testcase classname="ECommerceSiteTest.CartSetionTest" name="addItemToCart" time="4.521"/>
  <testcase classname="ECommerceSiteTest.CartSetionTest" name="verifyQuantityUpdate" time="7.036"/>
  <testcase classname="ECommerceSiteTest.CartSetionTest" name="itemRemoveFunctionality" time="4.586"/>
</testsuite> <!-- ECommerceSiteTest.CartSetionTest -->
