<?xml version="1.0" encoding="UTF-8"?>
<!-- Generated by org.testng.reporters.JUnitReportReporter -->
<testsuite hostname="DESKTOP-DF4USC7" failures="0" tests="2" name="ECommerceSiteTest.CheckPriceRangeTest" time="3.845" errors="0" timestamp="2026-02-06T14:17:07 IST" skipped="0">
  <testcase classname="ECommerceSiteTest.CheckPriceRangeTest" name="checkPriceLowToHigh" time="3.075"/>
  <testcase classname="ECommerceSiteTest.CheckPriceRangeTest" name="checkPriceHighToLow" time="0.770"/>
</testsuite> <!-- ECommerceSiteTest.CheckPriceRangeTest -->
