<?xml version="1.0" encoding="UTF-8"?>
<!-- Generated by org.testng.reporters.JUnitReportReporter -->
<testsuite hostname="DESKTOP-DF4USC7" failures="0" tests="1" name="ECommerceSiteTest.favoritesORWishlistFunctionalityTest" time="10.474" errors="0" timestamp="2026-02-05T17:17:08 IST" skipped="0">
  <testcase classname="ECommerceSiteTest.favoritesORWishlistFunctionalityTest" name="addRemoveFromFavList" time="10.474"/>
</testsuite> <!-- ECommerceSiteTest.favoritesORWishlistFunctionalityTest -->
