<?xml version="1.0" encoding="UTF-8"?>
<!-- Generated by org.testng.reporters.JUnitReportReporter -->
<testsuite hostname="DESKTOP-DF4USC7" failures="0" tests="3" name="ECommerceSiteTest.CheckoutFlowTest" time="38.686" errors="0" timestamp="2026-02-10T19:21:04 IST" skipped="0">
  <testcase classname="ECommerceSiteTest.CheckoutFlowTest" name="addToCartTestCase" time="4.637"/>
  <testcase classname="ECommerceSiteTest.CheckoutFlowTest" name="checkoutForm" time="2.552"/>
  <testcase classname="ECommerceSiteTest.CheckoutFlowTest" name="checkPrices" time="31.497"/>
</testsuite> <!-- ECommerceSiteTest.CheckoutFlowTest -->
