<?xml version="1.0" encoding="UTF-8"?>
<testng-results ignored="0" total="1" passed="1" failed="0" skipped="0">
  <reporter-output>
  </reporter-output>
  <suite started-at="2025-12-24T02:08:03 IST" name="Default suite" finished-at="2025-12-24T02:11:31 IST" duration-ms="208470">
    <groups>
    </groups>
    <test started-at="2025-12-24T02:08:03 IST" name="Default test" finished-at="2025-12-24T02:11:31 IST" duration-ms="208470">
      <class name="CheckAllLinks.Links">
        <test-method is-config="true" signature="login()[pri:0, instance:CheckAllLinks.Links@27ff5d15]" started-at="2025-12-24T02:07:46 IST" name="login" finished-at="2025-12-24T02:08:03 IST" duration-ms="17116" status="PASS">
          <reporter-output>
          </reporter-output>
        </test-method> <!-- login -->
        <test-method signature="checkLink()[pri:0, instance:CheckAllLinks.Links@27ff5d15]" started-at="2025-12-24T02:08:03 IST" name="checkLink" finished-at="2025-12-24T02:11:31 IST" duration-ms="208172" status="PASS">
          <reporter-output>
          </reporter-output>
        </test-method> <!-- checkLink -->
        <test-method is-config="true" signature="takeScreenshotOnFailTestCase(org.testng.ITestResult)[pri:0, instance:CheckAllLinks.Links@27ff5d15]" started-at="2025-12-24T02:11:31 IST" name="takeScreenshotOnFailTestCase" finished-at="2025-12-24T02:11:31 IST" duration-ms="183" status="PASS">
          <params>
            <param index="0">
              <value>
                <![CDATA[[TestResult name=checkLink status=SUCCESS method=Links.checkLink()[pri:0, instance:CheckAllLinks.Links@27ff5d15] output={null}]]]>
              </value>
            </param>
          </params>
          <reporter-output>
          </reporter-output>
        </test-method> <!-- takeScreenshotOnFailTestCase -->
        <test-method is-config="true" signature="exit()[pri:0, instance:CheckAllLinks.Links@27ff5d15]" started-at="2025-12-24T02:11:31 IST" name="exit" finished-at="2025-12-24T02:11:32 IST" duration-ms="346" status="PASS">
          <reporter-output>
          </reporter-output>
        </test-method> <!-- exit -->
      </class> <!-- CheckAllLinks.Links -->
    </test> <!-- Default test -->
  </suite> <!-- Default suite -->
</testng-results>
