<?xml version="1.0" encoding="UTF-8"?>
<testng-results ignored="0" total="279" passed="0" failed="0" skipped="279">
  <reporter-output>
  </reporter-output>
  <suite started-at="2025-12-27T17:01:34 IST" name="Suite" finished-at="2025-12-27T17:01:41 IST" duration-ms="7488">
    <groups>
    </groups>
    <test started-at="2025-12-27T17:01:34 IST" name="BranchParallelTest" finished-at="2025-12-27T17:01:41 IST" duration-ms="7488">
      <class name="CBS_Branch_Loan_GoldLoan.Create_NewLoan_ViewGoldLoan_Disbursment">
        <test-method signature="CreateGoldLoan_Actions()[pri:1, instance:CBS_Branch_Loan_GoldLoan.Create_NewLoan_ViewGoldLoan_Disbursment@531c311e]" started-at="2025-12-27T17:01:34 IST" name="CreateGoldLoan_Actions" finished-at="2025-12-27T17:01:34 IST" duration-ms="0" status="SKIP">
          <exception class="java.io.FileNotFoundException">
            <message>
              <![CDATA[C:\Users\Mahindarr\eclipse-workspace\CBS\CBS_Branch\configBranch.properties (The system cannot find the path specified)]]>
            </message>
            <full-stacktrace>
              <![CDATA[java.io.FileNotFoundException: C:\Users\Mahindarr\eclipse-workspace\CBS\CBS_Branch\configBranch.properties (The system cannot find the path specified)
at java.base/java.io.FileInputStream.open0(Native Method)
at java.base/java.io.FileInputStream.open(FileInputStream.java:213)
at java.base/java.io.FileInputStream.<init>(FileInputStream.java:152)
at java.base/java.io.FileInputStream.<init>(FileInputStream.java:106)
at LoginBranch.BaseLoginForAllBranchModules.login(BaseLoginForAllBranchModules.java:43)
at java.base/jdk.internal.reflect.DirectMethodHandleAccessor.invoke(DirectMethodHandleAccessor.java:103)
at java.base/java.lang.reflect.Method.invoke(Method.java:580)
at org.testng.internal.invokers.MethodInvocationHelper.invokeMethod(MethodInvocationHelper.java:141)
at org.testng.internal.invokers.MethodInvocationHelper.invokeMethodConsideringTimeout(MethodInvocationHelper.java:71)
at org.testng.internal.invokers.ConfigInvoker.invokeConfigurationMethod(ConfigInvoker.java:400)
at org.testng.internal.invokers.ConfigInvoker.invokeConfigurations(ConfigInvoker.java:333)
at org.testng.SuiteRunner.privateRun(SuiteRunner.java:358)
at org.testng.SuiteRunner.run(SuiteRunner.java:312)
at org.testng.SuiteRunnerWorker.runSuite(SuiteRunnerWorker.java:52)
at org.testng.SuiteRunnerWorker.run(SuiteRunnerWorker.java:95)
at org.testng.TestNG.runSuitesSequentially(TestNG.java:1274)
at org.testng.TestNG.runSuitesLocally(TestNG.java:1208)
at org.testng.TestNG.runSuites(TestNG.java:1112)
at org.testng.TestNG.run(TestNG.java:1079)
at org.testng.remote.AbstractRemoteTestNG.run(AbstractRemoteTestNG.java:115)
at org.testng.remote.RemoteTestNG.initAndRun(RemoteTestNG.java:293)
at org.testng.remote.RemoteTestNG.main(RemoteTestNG.java:91)
]]>
            </full-stacktrace>
          </exception> <!-- java.io.FileNotFoundException -->
          <reporter-output>
          </reporter-output>
        </test-method> <!-- CreateGoldLoan_Actions -->
        <test-method is-config="true" signature="takeScreenshotOnFailTestCase(org.testng.ITestResult)[pri:0, instance:CBS_Branch_Loan_GoldLoan.Create_NewLoan_ViewGoldLoan_Disbursment@531c311e]" started-at="2025-12-27T17:01:34 IST" name="takeScreenshotOnFailTestCase" finished-at="2025-12-27T17:01:34 IST" duration-ms="2" status="PASS">
          <params>
            <param index="0">
              <value>
                <![CDATA[[TestResult name=CreateGoldLoan_Actions status=SKIP method=Create_NewLoan_ViewGoldLoan_Disbursment.CreateGoldLoan_Actions()[pri:1, instance:CBS_Branch_Loan_GoldLoan.Create_NewLoan_ViewGoldLoan_Disbursment@531c311e] output={null}]]]>
              </value>
            </param>
          </params>
          <reporter-output>
          </reporter-output>
        </test-method> <!-- takeScreenshotOnFailTestCase -->
        <test-method signature="viewGoldLoanApplication()[pri:2, instance:CBS_Branch_Loan_GoldLoan.Create_NewLoan_ViewGoldLoan_Disbursment@531c311e]" started-at="2025-12-27T17:01:34 IST" name="viewGoldLoanApplication" finished-at="2025-12-27T17:01:34 IST" duration-ms="0" status="SKIP">
          <exception class="java.io.FileNotFoundException">
            <message>
              <![CDATA[C:\Users\Mahindarr\eclipse-workspace\CBS\CBS_Branch\configBranch.properties (The system cannot find the path specified)]]>
            </message>
            <full-stacktrace>
              <![CDATA[java.io.FileNotFoundException: C:\Users\Mahindarr\eclipse-workspace\CBS\CBS_Branch\configBranch.properties (The system cannot find the path specified)
at java.base/java.io.FileInputStream.open0(Native Method)
at java.base/java.io.FileInputStream.open(FileInputStream.java:213)
at java.base/java.io.FileInputStream.<init>(FileInputStream.java:152)
at java.base/java.io.FileInputStream.<init>(FileInputStream.java:106)
at LoginBranch.BaseLoginForAllBranchModules.login(BaseLoginForAllBranchModules.java:43)
at java.base/jdk.internal.reflect.DirectMethodHandleAccessor.invoke(DirectMethodHandleAccessor.java:103)
at java.base/java.lang.reflect.Method.invoke(Method.java:580)
at org.testng.internal.invokers.MethodInvocationHelper.invokeMethod(MethodInvocationHelper.java:141)
at org.testng.internal.invokers.MethodInvocationHelper.invokeMethodConsideringTimeout(MethodInvocationHelper.java:71)
at org.testng.internal.invokers.ConfigInvoker.invokeConfigurationMethod(ConfigInvoker.java:400)
at org.testng.internal.invokers.ConfigInvoker.invokeConfigurations(ConfigInvoker.java:333)
at org.testng.SuiteRunner.privateRun(SuiteRunner.java:358)
at org.testng.SuiteRunner.run(SuiteRunner.java:312)
at org.testng.SuiteRunnerWorker.runSuite(SuiteRunnerWorker.java:52)
at org.testng.SuiteRunnerWorker.run(SuiteRunnerWorker.java:95)
at org.testng.TestNG.runSuitesSequentially(TestNG.java:1274)
at org.testng.TestNG.runSuitesLocally(TestNG.java:1208)
at org.testng.TestNG.runSuites(TestNG.java:1112)
at org.testng.TestNG.run(TestNG.java:1079)
at org.testng.remote.AbstractRemoteTestNG.run(AbstractRemoteTestNG.java:115)
at org.testng.remote.RemoteTestNG.initAndRun(RemoteTestNG.java:293)
at org.testng.remote.RemoteTestNG.main(RemoteTestNG.java:91)
]]>
            </full-stacktrace>
          </exception> <!-- java.io.FileNotFoundException -->
          <reporter-output>
          </reporter-output>
        </test-method> <!-- viewGoldLoanApplication -->
        <test-method is-config="true" signature="takeScreenshotOnFailTestCase(org.testng.ITestResult)[pri:0, instance:CBS_Branch_Loan_GoldLoan.Create_NewLoan_ViewGoldLoan_Disbursment@531c311e]" started-at="2025-12-27T17:01:34 IST" name="takeScreenshotOnFailTestCase" finished-at="2025-12-27T17:01:34 IST" duration-ms="2" status="PASS">
          <params>
            <param index="0">
              <value>
                <![CDATA[[TestResult name=viewGoldLoanApplication status=SKIP method=Create_NewLoan_ViewGoldLoan_Disbursment.viewGoldLoanApplication()[pri:2, instance:CBS_Branch_Loan_GoldLoan.Create_NewLoan_ViewGoldLoan_Disbursment@531c311e] output={null}]]]>
              </value>
            </param>
          </params>
          <reporter-output>
          </reporter-output>
        </test-method> <!-- takeScreenshotOnFailTestCase -->
        <test-method signature="Form1()[pri:3, instance:CBS_Branch_Loan_GoldLoan.Create_NewLoan_ViewGoldLoan_Disbursment@531c311e]" started-at="2025-12-27T17:01:34 IST" name="Form1" finished-at="2025-12-27T17:01:34 IST" duration-ms="0" status="SKIP">
          <exception class="java.io.FileNotFoundException">
            <message>
              <![CDATA[C:\Users\Mahindarr\eclipse-workspace\CBS\CBS_Branch\configBranch.properties (The system cannot find the path specified)]]>
            </message>
            <full-stacktrace>
              <![CDATA[java.io.FileNotFoundException: C:\Users\Mahindarr\eclipse-workspace\CBS\CBS_Branch\configBranch.properties (The system cannot find the path specified)
at java.base/java.io.FileInputStream.open0(Native Method)
at java.base/java.io.FileInputStream.open(FileInputStream.java:213)
at java.base/java.io.FileInputStream.<init>(FileInputStream.java:152)
at java.base/java.io.FileInputStream.<init>(FileInputStream.java:106)
at LoginBranch.BaseLoginForAllBranchModules.login(BaseLoginForAllBranchModules.java:43)
at java.base/jdk.internal.reflect.DirectMethodHandleAccessor.invoke(DirectMethodHandleAccessor.java:103)
at java.base/java.lang.reflect.Method.invoke(Method.java:580)
at org.testng.internal.invokers.MethodInvocationHelper.invokeMethod(MethodInvocationHelper.java:141)
at org.testng.internal.invokers.MethodInvocationHelper.invokeMethodConsideringTimeout(MethodInvocationHelper.java:71)
at org.testng.internal.invokers.ConfigInvoker.invokeConfigurationMethod(ConfigInvoker.java:400)
at org.testng.internal.invokers.ConfigInvoker.invokeConfigurations(ConfigInvoker.java:333)
at org.testng.SuiteRunner.privateRun(SuiteRunner.java:358)
at org.testng.SuiteRunner.run(SuiteRunner.java:312)
at org.testng.SuiteRunnerWorker.runSuite(SuiteRunnerWorker.java:52)
at org.testng.SuiteRunnerWorker.run(SuiteRunnerWorker.java:95)
at org.testng.TestNG.runSuitesSequentially(TestNG.java:1274)
at org.testng.TestNG.runSuitesLocally(TestNG.java:1208)
at org.testng.TestNG.runSuites(TestNG.java:1112)
at org.testng.TestNG.run(TestNG.java:1079)
at org.testng.remote.AbstractRemoteTestNG.run(AbstractRemoteTestNG.java:115)
at org.testng.remote.RemoteTestNG.initAndRun(RemoteTestNG.java:293)
at org.testng.remote.RemoteTestNG.main(RemoteTestNG.java:91)
]]>
            </full-stacktrace>
          </exception> <!-- java.io.FileNotFoundException -->
          <reporter-output>
          </reporter-output>
        </test-method> <!-- Form1 -->
        <test-method is-config="true" signature="takeScreenshotOnFailTestCase(org.testng.ITestResult)[pri:0, instance:CBS_Branch_Loan_GoldLoan.Create_NewLoan_ViewGoldLoan_Disbursment@531c311e]" started-at="2025-12-27T17:01:34 IST" name="takeScreenshotOnFailTestCase" finished-at="2025-12-27T17:01:34 IST" duration-ms="1" status="PASS">
          <params>
            <param index="0">
              <value>
                <![CDATA[[TestResult name=Form1 status=SKIP method=Create_NewLoan_ViewGoldLoan_Disbursment.Form1()[pri:3, instance:CBS_Branch_Loan_GoldLoan.Create_NewLoan_ViewGoldLoan_Disbursment@531c311e] output={null}]]]>
              </value>
            </param>
          </params>
          <reporter-output>
          </reporter-output>
        </test-method> <!-- takeScreenshotOnFailTestCase -->
        <test-method signature="Form2()[pri:4, instance:CBS_Branch_Loan_GoldLoan.Create_NewLoan_ViewGoldLoan_Disbursment@531c311e]" started-at="2025-12-27T17:01:34 IST" name="Form2" finished-at="2025-12-27T17:01:34 IST" duration-ms="1" status="SKIP">
          <exception class="java.io.FileNotFoundException">
            <message>
              <![CDATA[C:\Users\Mahindarr\eclipse-workspace\CBS\CBS_Branch\configBranch.properties (The system cannot find the path specified)]]>
            </message>
            <full-stacktrace>
              <![CDATA[java.io.FileNotFoundException: C:\Users\Mahindarr\eclipse-workspace\CBS\CBS_Branch\configBranch.properties (The system cannot find the path specified)
at java.base/java.io.FileInputStream.open0(Native Method)
at java.base/java.io.FileInputStream.open(FileInputStream.java:213)
at java.base/java.io.FileInputStream.<init>(FileInputStream.java:152)
at java.base/java.io.FileInputStream.<init>(FileInputStream.java:106)
at LoginBranch.BaseLoginForAllBranchModules.login(BaseLoginForAllBranchModules.java:43)
at java.base/jdk.internal.reflect.DirectMethodHandleAccessor.invoke(DirectMethodHandleAccessor.java:103)
at java.base/java.lang.reflect.Method.invoke(Method.java:580)
at org.testng.internal.invokers.MethodInvocationHelper.invokeMethod(MethodInvocationHelper.java:141)
at org.testng.internal.invokers.MethodInvocationHelper.invokeMethodConsideringTimeout(MethodInvocationHelper.java:71)
at org.testng.internal.invokers.ConfigInvoker.invokeConfigurationMethod(ConfigInvoker.java:400)
at org.testng.internal.invokers.ConfigInvoker.invokeConfigurations(ConfigInvoker.java:333)
at org.testng.SuiteRunner.privateRun(SuiteRunner.java:358)
at org.testng.SuiteRunner.run(SuiteRunner.java:312)
at org.testng.SuiteRunnerWorker.runSuite(SuiteRunnerWorker.java:52)
at org.testng.SuiteRunnerWorker.run(SuiteRunnerWorker.java:95)
at org.testng.TestNG.runSuitesSequentially(TestNG.java:1274)
at org.testng.TestNG.runSuitesLocally(TestNG.java:1208)
at org.testng.TestNG.runSuites(TestNG.java:1112)
at org.testng.TestNG.run(TestNG.java:1079)
at org.testng.remote.AbstractRemoteTestNG.run(AbstractRemoteTestNG.java:115)
at org.testng.remote.RemoteTestNG.initAndRun(RemoteTestNG.java:293)
at org.testng.remote.RemoteTestNG.main(RemoteTestNG.java:91)
]]>
            </full-stacktrace>
          </exception> <!-- java.io.FileNotFoundException -->
          <reporter-output>
          </reporter-output>
        </test-method> <!-- Form2 -->
        <test-method is-config="true" signature="takeScreenshotOnFailTestCase(org.testng.ITestResult)[pri:0, instance:CBS_Branch_Loan_GoldLoan.Create_NewLoan_ViewGoldLoan_Disbursment@531c311e]" started-at="2025-12-27T17:01:34 IST" name="takeScreenshotOnFailTestCase" finished-at="2025-12-27T17:01:34 IST" duration-ms="39" status="PASS">
          <params>
            <param index="0">
              <value>
                <![CDATA[[TestResult name=Form2 status=SKIP method=Create_NewLoan_ViewGoldLoan_Disbursment.Form2()[pri:4, instance:CBS_Branch_Loan_GoldLoan.Create_NewLoan_ViewGoldLoan_Disbursment@531c311e] output={null}]]]>
              </value>
            </param>
          </params>
          <reporter-output>
          </reporter-output>
        </test-method> <!-- takeScreenshotOnFailTestCase -->
        <test-method signature="form3()[pri:5, instance:CBS_Branch_Loan_GoldLoan.Create_NewLoan_ViewGoldLoan_Disbursment@531c311e]" started-at="2025-12-27T17:01:34 IST" name="form3" finished-at="2025-12-27T17:01:34 IST" duration-ms="0" status="SKIP">
          <exception class="java.io.FileNotFoundException">
            <message>
              <![CDATA[C:\Users\Mahindarr\eclipse-workspace\CBS\CBS_Branch\configBranch.properties (The system cannot find the path specified)]]>
            </message>
            <full-stacktrace>
              <![CDATA[java.io.FileNotFoundException: C:\Users\Mahindarr\eclipse-workspace\CBS\CBS_Branch\configBranch.properties (The system cannot find the path specified)
at java.base/java.io.FileInputStream.open0(Native Method)
at java.base/java.io.FileInputStream.open(FileInputStream.java:213)
at java.base/java.io.FileInputStream.<init>(FileInputStream.java:152)
at java.base/java.io.FileInputStream.<init>(FileInputStream.java:106)
at LoginBranch.BaseLoginForAllBranchModules.login(BaseLoginForAllBranchModules.java:43)
at java.base/jdk.internal.reflect.DirectMethodHandleAccessor.invoke(DirectMethodHandleAccessor.java:103)
at java.base/java.lang.reflect.Method.invoke(Method.java:580)
at org.testng.internal.invokers.MethodInvocationHelper.invokeMethod(MethodInvocationHelper.java:141)
at org.testng.internal.invokers.MethodInvocationHelper.invokeMethodConsideringTimeout(MethodInvocationHelper.java:71)
at org.testng.internal.invokers.ConfigInvoker.invokeConfigurationMethod(ConfigInvoker.java:400)
at org.testng.internal.invokers.ConfigInvoker.invokeConfigurations(ConfigInvoker.java:333)
at org.testng.SuiteRunner.privateRun(SuiteRunner.java:358)
at org.testng.SuiteRunner.run(SuiteRunner.java:312)
at org.testng.SuiteRunnerWorker.runSuite(SuiteRunnerWorker.java:52)
at org.testng.SuiteRunnerWorker.run(SuiteRunnerWorker.java:95)
at org.testng.TestNG.runSuitesSequentially(TestNG.java:1274)
at org.testng.TestNG.runSuitesLocally(TestNG.java:1208)
at org.testng.TestNG.runSuites(TestNG.java:1112)
at org.testng.TestNG.run(TestNG.java:1079)
at org.testng.remote.AbstractRemoteTestNG.run(AbstractRemoteTestNG.java:115)
at org.testng.remote.RemoteTestNG.initAndRun(RemoteTestNG.java:293)
at org.testng.remote.RemoteTestNG.main(RemoteTestNG.java:91)
]]>
            </full-stacktrace>
          </exception> <!-- java.io.FileNotFoundException -->
          <reporter-output>
          </reporter-output>
        </test-method> <!-- form3 -->
        <test-method is-config="true" signature="takeScreenshotOnFailTestCase(org.testng.ITestResult)[pri:0, instance:CBS_Branch_Loan_GoldLoan.Create_NewLoan_ViewGoldLoan_Disbursment@531c311e]" started-at="2025-12-27T17:01:35 IST" name="takeScreenshotOnFailTestCase" finished-at="2025-12-27T17:01:35 IST" duration-ms="2" status="PASS">
          <params>
            <param index="0">
              <value>
                <![CDATA[[TestResult name=form3 status=SKIP method=Create_NewLoan_ViewGoldLoan_Disbursment.form3()[pri:5, instance:CBS_Branch_Loan_GoldLoan.Create_NewLoan_ViewGoldLoan_Disbursment@531c311e] output={null}]]]>
              </value>
            </param>
          </params>
          <reporter-output>
          </reporter-output>
        </test-method> <!-- takeScreenshotOnFailTestCase -->
        <test-method signature="DisburseFromVoucher()[pri:7, instance:CBS_Branch_Loan_GoldLoan.Create_NewLoan_ViewGoldLoan_Disbursment@531c311e]" started-at="2025-12-27T17:01:35 IST" name="DisburseFromVoucher" finished-at="2025-12-27T17:01:35 IST" duration-ms="0" status="SKIP">
          <exception class="java.io.FileNotFoundException">
            <message>
              <![CDATA[C:\Users\Mahindarr\eclipse-workspace\CBS\CBS_Branch\configBranch.properties (The system cannot find the path specified)]]>
            </message>
            <full-stacktrace>
              <![CDATA[java.io.FileNotFoundException: C:\Users\Mahindarr\eclipse-workspace\CBS\CBS_Branch\configBranch.properties (The system cannot find the path specified)
at java.base/java.io.FileInputStream.open0(Native Method)
at java.base/java.io.FileInputStream.open(FileInputStream.java:213)
at java.base/java.io.FileInputStream.<init>(FileInputStream.java:152)
at java.base/java.io.FileInputStream.<init>(FileInputStream.java:106)
at LoginBranch.BaseLoginForAllBranchModules.login(BaseLoginForAllBranchModules.java:43)
at java.base/jdk.internal.reflect.DirectMethodHandleAccessor.invoke(DirectMethodHandleAccessor.java:103)
at java.base/java.lang.reflect.Method.invoke(Method.java:580)
at org.testng.internal.invokers.MethodInvocationHelper.invokeMethod(MethodInvocationHelper.java:141)
at org.testng.internal.invokers.MethodInvocationHelper.invokeMethodConsideringTimeout(MethodInvocationHelper.java:71)
at org.testng.internal.invokers.ConfigInvoker.invokeConfigurationMethod(ConfigInvoker.java:400)
at org.testng.internal.invokers.ConfigInvoker.invokeConfigurations(ConfigInvoker.java:333)
at org.testng.SuiteRunner.privateRun(SuiteRunner.java:358)
at org.testng.SuiteRunner.run(SuiteRunner.java:312)
at org.testng.SuiteRunnerWorker.runSuite(SuiteRunnerWorker.java:52)
at org.testng.SuiteRunnerWorker.run(SuiteRunnerWorker.java:95)
at org.testng.TestNG.runSuitesSequentially(TestNG.java:1274)
at org.testng.TestNG.runSuitesLocally(TestNG.java:1208)
at org.testng.TestNG.runSuites(TestNG.java:1112)
at org.testng.TestNG.run(TestNG.java:1079)
at org.testng.remote.AbstractRemoteTestNG.run(AbstractRemoteTestNG.java:115)
at org.testng.remote.RemoteTestNG.initAndRun(RemoteTestNG.java:293)
at org.testng.remote.RemoteTestNG.main(RemoteTestNG.java:91)
]]>
            </full-stacktrace>
          </exception> <!-- java.io.FileNotFoundException -->
          <reporter-output>
          </reporter-output>
        </test-method> <!-- DisburseFromVoucher -->
        <test-method is-config="true" signature="takeScreenshotOnFailTestCase(org.testng.ITestResult)[pri:0, instance:CBS_Branch_Loan_GoldLoan.Create_NewLoan_ViewGoldLoan_Disbursment@531c311e]" started-at="2025-12-27T17:01:35 IST" name="takeScreenshotOnFailTestCase" finished-at="2025-12-27T17:01:35 IST" duration-ms="1" status="PASS">
          <params>
            <param index="0">
              <value>
                <![CDATA[[TestResult name=DisburseFromVoucher status=SKIP method=Create_NewLoan_ViewGoldLoan_Disbursment.DisburseFromVoucher()[pri:7, instance:CBS_Branch_Loan_GoldLoan.Create_NewLoan_ViewGoldLoan_Disbursment@531c311e] output={null}]]]>
              </value>
            </param>
          </params>
          <reporter-output>
          </reporter-output>
        </test-method> <!-- takeScreenshotOnFailTestCase -->
      </class> <!-- CBS_Branch_Loan_GoldLoan.Create_NewLoan_ViewGoldLoan_Disbursment -->
      <class name="CBS_Branch_Transactions.Cheque_Clearance">
        <test-method signature="Cheque_Clearance_Navigation()[pri:1, instance:CBS_Branch_Transactions.Cheque_Clearance@14b030a0]" started-at="2025-12-27T17:01:34 IST" name="Cheque_Clearance_Navigation" finished-at="2025-12-27T17:01:34 IST" duration-ms="0" status="SKIP">
          <exception class="java.io.FileNotFoundException">
            <message>
              <![CDATA[C:\Users\Mahindarr\eclipse-workspace\CBS\CBS_Branch\configBranch.properties (The system cannot find the path specified)]]>
            </message>
            <full-stacktrace>
              <![CDATA[java.io.FileNotFoundException: C:\Users\Mahindarr\eclipse-workspace\CBS\CBS_Branch\configBranch.properties (The system cannot find the path specified)
at java.base/java.io.FileInputStream.open0(Native Method)
at java.base/java.io.FileInputStream.open(FileInputStream.java:213)
at java.base/java.io.FileInputStream.<init>(FileInputStream.java:152)
at java.base/java.io.FileInputStream.<init>(FileInputStream.java:106)
at LoginBranch.BaseLoginForAllBranchModules.login(BaseLoginForAllBranchModules.java:43)
at java.base/jdk.internal.reflect.DirectMethodHandleAccessor.invoke(DirectMethodHandleAccessor.java:103)
at java.base/java.lang.reflect.Method.invoke(Method.java:580)
at org.testng.internal.invokers.MethodInvocationHelper.invokeMethod(MethodInvocationHelper.java:141)
at org.testng.internal.invokers.MethodInvocationHelper.invokeMethodConsideringTimeout(MethodInvocationHelper.java:71)
at org.testng.internal.invokers.ConfigInvoker.invokeConfigurationMethod(ConfigInvoker.java:400)
at org.testng.internal.invokers.ConfigInvoker.invokeConfigurations(ConfigInvoker.java:333)
at org.testng.SuiteRunner.privateRun(SuiteRunner.java:358)
at org.testng.SuiteRunner.run(SuiteRunner.java:312)
at org.testng.SuiteRunnerWorker.runSuite(SuiteRunnerWorker.java:52)
at org.testng.SuiteRunnerWorker.run(SuiteRunnerWorker.java:95)
at org.testng.TestNG.runSuitesSequentially(TestNG.java:1274)
at org.testng.TestNG.runSuitesLocally(TestNG.java:1208)
at org.testng.TestNG.runSuites(TestNG.java:1112)
at org.testng.TestNG.run(TestNG.java:1079)
at org.testng.remote.AbstractRemoteTestNG.run(AbstractRemoteTestNG.java:115)
at org.testng.remote.RemoteTestNG.initAndRun(RemoteTestNG.java:293)
at org.testng.remote.RemoteTestNG.main(RemoteTestNG.java:91)
]]>
            </full-stacktrace>
          </exception> <!-- java.io.FileNotFoundException -->
          <reporter-output>
          </reporter-output>
        </test-method> <!-- Cheque_Clearance_Navigation -->
        <test-method is-config="true" signature="takeScreenshotOnFailTestCase(org.testng.ITestResult)[pri:0, instance:CBS_Branch_Transactions.Cheque_Clearance@14b030a0]" started-at="2025-12-27T17:01:34 IST" name="takeScreenshotOnFailTestCase" finished-at="2025-12-27T17:01:34 IST" duration-ms="1" status="PASS">
          <params>
            <param index="0">
              <value>
                <![CDATA[[TestResult name=Cheque_Clearance_Navigation status=SKIP method=Cheque_Clearance.Cheque_Clearance_Navigation()[pri:1, instance:CBS_Branch_Transactions.Cheque_Clearance@14b030a0] output={null}]]]>
              </value>
            </param>
          </params>
          <reporter-output>
          </reporter-output>
        </test-method> <!-- takeScreenshotOnFailTestCase -->
        <test-method signature="AssignChequeFunctionality()[pri:3, instance:CBS_Branch_Transactions.Cheque_Clearance@14b030a0]" started-at="2025-12-27T17:01:34 IST" name="AssignChequeFunctionality" finished-at="2025-12-27T17:01:34 IST" duration-ms="0" status="SKIP">
          <exception class="java.io.FileNotFoundException">
            <message>
              <![CDATA[C:\Users\Mahindarr\eclipse-workspace\CBS\CBS_Branch\configBranch.properties (The system cannot find the path specified)]]>
            </message>
            <full-stacktrace>
              <![CDATA[java.io.FileNotFoundException: C:\Users\Mahindarr\eclipse-workspace\CBS\CBS_Branch\configBranch.properties (The system cannot find the path specified)
at java.base/java.io.FileInputStream.open0(Native Method)
at java.base/java.io.FileInputStream.open(FileInputStream.java:213)
at java.base/java.io.FileInputStream.<init>(FileInputStream.java:152)
at java.base/java.io.FileInputStream.<init>(FileInputStream.java:106)
at LoginBranch.BaseLoginForAllBranchModules.login(BaseLoginForAllBranchModules.java:43)
at java.base/jdk.internal.reflect.DirectMethodHandleAccessor.invoke(DirectMethodHandleAccessor.java:103)
at java.base/java.lang.reflect.Method.invoke(Method.java:580)
at org.testng.internal.invokers.MethodInvocationHelper.invokeMethod(MethodInvocationHelper.java:141)
at org.testng.internal.invokers.MethodInvocationHelper.invokeMethodConsideringTimeout(MethodInvocationHelper.java:71)
at org.testng.internal.invokers.ConfigInvoker.invokeConfigurationMethod(ConfigInvoker.java:400)
at org.testng.internal.invokers.ConfigInvoker.invokeConfigurations(ConfigInvoker.java:333)
at org.testng.SuiteRunner.privateRun(SuiteRunner.java:358)
at org.testng.SuiteRunner.run(SuiteRunner.java:312)
at org.testng.SuiteRunnerWorker.runSuite(SuiteRunnerWorker.java:52)
at org.testng.SuiteRunnerWorker.run(SuiteRunnerWorker.java:95)
at org.testng.TestNG.runSuitesSequentially(TestNG.java:1274)
at org.testng.TestNG.runSuitesLocally(TestNG.java:1208)
at org.testng.TestNG.runSuites(TestNG.java:1112)
at org.testng.TestNG.run(TestNG.java:1079)
at org.testng.remote.AbstractRemoteTestNG.run(AbstractRemoteTestNG.java:115)
at org.testng.remote.RemoteTestNG.initAndRun(RemoteTestNG.java:293)
at org.testng.remote.RemoteTestNG.main(RemoteTestNG.java:91)
]]>
            </full-stacktrace>
          </exception> <!-- java.io.FileNotFoundException -->
          <reporter-output>
          </reporter-output>
        </test-method> <!-- AssignChequeFunctionality -->
        <test-method is-config="true" signature="takeScreenshotOnFailTestCase(org.testng.ITestResult)[pri:0, instance:CBS_Branch_Transactions.Cheque_Clearance@14b030a0]" started-at="2025-12-27T17:01:34 IST" name="takeScreenshotOnFailTestCase" finished-at="2025-12-27T17:01:34 IST" duration-ms="7" status="PASS">
          <params>
            <param index="0">
              <value>
                <![CDATA[[TestResult name=AssignChequeFunctionality status=SKIP method=Cheque_Clearance.AssignChequeFunctionality()[pri:3, instance:CBS_Branch_Transactions.Cheque_Clearance@14b030a0] output={null}]]]>
              </value>
            </param>
          </params>
          <reporter-output>
          </reporter-output>
        </test-method> <!-- takeScreenshotOnFailTestCase -->
      </class> <!-- CBS_Branch_Transactions.Cheque_Clearance -->
      <class name="CBS_Branch_Loan_IndividualLoan.Upload_Documents">
        <test-method signature="uploadDocuments()[pri:1, instance:CBS_Branch_Loan_IndividualLoan.Upload_Documents@66ce957f]" started-at="2025-12-27T17:01:36 IST" name="uploadDocuments" finished-at="2025-12-27T17:01:36 IST" duration-ms="0" status="SKIP">
          <exception class="java.io.FileNotFoundException">
            <message>
              <![CDATA[C:\Users\Mahindarr\eclipse-workspace\CBS\CBS_Branch\configBranch.properties (The system cannot find the path specified)]]>
            </message>
            <full-stacktrace>
              <![CDATA[java.io.FileNotFoundException: C:\Users\Mahindarr\eclipse-workspace\CBS\CBS_Branch\configBranch.properties (The system cannot find the path specified)
at java.base/java.io.FileInputStream.open0(Native Method)
at java.base/java.io.FileInputStream.open(FileInputStream.java:213)
at java.base/java.io.FileInputStream.<init>(FileInputStream.java:152)
at java.base/java.io.FileInputStream.<init>(FileInputStream.java:106)
at LoginBranch.BaseLoginForAllBranchModules.login(BaseLoginForAllBranchModules.java:43)
at java.base/jdk.internal.reflect.DirectMethodHandleAccessor.invoke(DirectMethodHandleAccessor.java:103)
at java.base/java.lang.reflect.Method.invoke(Method.java:580)
at org.testng.internal.invokers.MethodInvocationHelper.invokeMethod(MethodInvocationHelper.java:141)
at org.testng.internal.invokers.MethodInvocationHelper.invokeMethodConsideringTimeout(MethodInvocationHelper.java:71)
at org.testng.internal.invokers.ConfigInvoker.invokeConfigurationMethod(ConfigInvoker.java:400)
at org.testng.internal.invokers.ConfigInvoker.invokeConfigurations(ConfigInvoker.java:333)
at org.testng.SuiteRunner.privateRun(SuiteRunner.java:358)
at org.testng.SuiteRunner.run(SuiteRunner.java:312)
at org.testng.SuiteRunnerWorker.runSuite(SuiteRunnerWorker.java:52)
at org.testng.SuiteRunnerWorker.run(SuiteRunnerWorker.java:95)
at org.testng.TestNG.runSuitesSequentially(TestNG.java:1274)
at org.testng.TestNG.runSuitesLocally(TestNG.java:1208)
at org.testng.TestNG.runSuites(TestNG.java:1112)
at org.testng.TestNG.run(TestNG.java:1079)
at org.testng.remote.AbstractRemoteTestNG.run(AbstractRemoteTestNG.java:115)
at org.testng.remote.RemoteTestNG.initAndRun(RemoteTestNG.java:293)
at org.testng.remote.RemoteTestNG.main(RemoteTestNG.java:91)
]]>
            </full-stacktrace>
          </exception> <!-- java.io.FileNotFoundException -->
          <reporter-output>
          </reporter-output>
        </test-method> <!-- uploadDocuments -->
        <test-method is-config="true" signature="takeScreenshotOnFailTestCase(org.testng.ITestResult)[pri:0, instance:CBS_Branch_Loan_IndividualLoan.Upload_Documents@66ce957f]" started-at="2025-12-27T17:01:36 IST" name="takeScreenshotOnFailTestCase" finished-at="2025-12-27T17:01:36 IST" duration-ms="3" status="PASS">
          <params>
            <param index="0">
              <value>
                <![CDATA[[TestResult name=uploadDocuments status=SKIP method=Upload_Documents.uploadDocuments()[pri:1, instance:CBS_Branch_Loan_IndividualLoan.Upload_Documents@66ce957f] output={null}]]]>
              </value>
            </param>
          </params>
          <reporter-output>
          </reporter-output>
        </test-method> <!-- takeScreenshotOnFailTestCase -->
      </class> <!-- CBS_Branch_Loan_IndividualLoan.Upload_Documents -->
      <class name="CBS_Branch_CoreBankingService_OD.OD_Ledger">
        <test-method signature="ODLedger()[pri:1, instance:CBS_Branch_CoreBankingService_OD.OD_Ledger@201b6b6f]" started-at="2025-12-27T17:01:35 IST" name="ODLedger" finished-at="2025-12-27T17:01:35 IST" duration-ms="0" status="SKIP">
          <exception class="java.io.FileNotFoundException">
            <message>
              <![CDATA[C:\Users\Mahindarr\eclipse-workspace\CBS\CBS_Branch\configBranch.properties (The system cannot find the path specified)]]>
            </message>
            <full-stacktrace>
              <![CDATA[java.io.FileNotFoundException: C:\Users\Mahindarr\eclipse-workspace\CBS\CBS_Branch\configBranch.properties (The system cannot find the path specified)
at java.base/java.io.FileInputStream.open0(Native Method)
at java.base/java.io.FileInputStream.open(FileInputStream.java:213)
at java.base/java.io.FileInputStream.<init>(FileInputStream.java:152)
at java.base/java.io.FileInputStream.<init>(FileInputStream.java:106)
at LoginBranch.BaseLoginForAllBranchModules.login(BaseLoginForAllBranchModules.java:43)
at java.base/jdk.internal.reflect.DirectMethodHandleAccessor.invoke(DirectMethodHandleAccessor.java:103)
at java.base/java.lang.reflect.Method.invoke(Method.java:580)
at org.testng.internal.invokers.MethodInvocationHelper.invokeMethod(MethodInvocationHelper.java:141)
at org.testng.internal.invokers.MethodInvocationHelper.invokeMethodConsideringTimeout(MethodInvocationHelper.java:71)
at org.testng.internal.invokers.ConfigInvoker.invokeConfigurationMethod(ConfigInvoker.java:400)
at org.testng.internal.invokers.ConfigInvoker.invokeConfigurations(ConfigInvoker.java:333)
at org.testng.SuiteRunner.privateRun(SuiteRunner.java:358)
at org.testng.SuiteRunner.run(SuiteRunner.java:312)
at org.testng.SuiteRunnerWorker.runSuite(SuiteRunnerWorker.java:52)
at org.testng.SuiteRunnerWorker.run(SuiteRunnerWorker.java:95)
at org.testng.TestNG.runSuitesSequentially(TestNG.java:1274)
at org.testng.TestNG.runSuitesLocally(TestNG.java:1208)
at org.testng.TestNG.runSuites(TestNG.java:1112)
at org.testng.TestNG.run(TestNG.java:1079)
at org.testng.remote.AbstractRemoteTestNG.run(AbstractRemoteTestNG.java:115)
at org.testng.remote.RemoteTestNG.initAndRun(RemoteTestNG.java:293)
at org.testng.remote.RemoteTestNG.main(RemoteTestNG.java:91)
]]>
            </full-stacktrace>
          </exception> <!-- java.io.FileNotFoundException -->
          <reporter-output>
          </reporter-output>
        </test-method> <!-- ODLedger -->
        <test-method is-config="true" signature="exit()[pri:0, instance:CBS_Branch_CoreBankingService_OD.OD_Ledger@201b6b6f]" started-at="2025-12-27T17:01:35 IST" name="exit" finished-at="2025-12-27T17:01:35 IST" duration-ms="0" status="SKIP">
          <reporter-output>
          </reporter-output>
        </test-method> <!-- exit -->
      </class> <!-- CBS_Branch_CoreBankingService_OD.OD_Ledger -->
      <class name="CBS_Branch_CoreBankingService_CurrentAccount.CAOpening_View_Ledger_FLOW">
        <test-method signature="currentAccountOpening()[pri:1, instance:CBS_Branch_CoreBankingService_CurrentAccount.CAOpening_View_Ledger_FLOW@53812a9b]" started-at="2025-12-27T17:01:36 IST" name="currentAccountOpening" finished-at="2025-12-27T17:01:36 IST" duration-ms="0" status="SKIP">
          <exception class="java.io.FileNotFoundException">
            <message>
              <![CDATA[C:\Users\Mahindarr\eclipse-workspace\CBS\CBS_Branch\configBranch.properties (The system cannot find the path specified)]]>
            </message>
            <full-stacktrace>
              <![CDATA[java.io.FileNotFoundException: C:\Users\Mahindarr\eclipse-workspace\CBS\CBS_Branch\configBranch.properties (The system cannot find the path specified)
at java.base/java.io.FileInputStream.open0(Native Method)
at java.base/java.io.FileInputStream.open(FileInputStream.java:213)
at java.base/java.io.FileInputStream.<init>(FileInputStream.java:152)
at java.base/java.io.FileInputStream.<init>(FileInputStream.java:106)
at LoginBranch.BaseLoginForAllBranchModules.login(BaseLoginForAllBranchModules.java:43)
at java.base/jdk.internal.reflect.DirectMethodHandleAccessor.invoke(DirectMethodHandleAccessor.java:103)
at java.base/java.lang.reflect.Method.invoke(Method.java:580)
at org.testng.internal.invokers.MethodInvocationHelper.invokeMethod(MethodInvocationHelper.java:141)
at org.testng.internal.invokers.MethodInvocationHelper.invokeMethodConsideringTimeout(MethodInvocationHelper.java:71)
at org.testng.internal.invokers.ConfigInvoker.invokeConfigurationMethod(ConfigInvoker.java:400)
at org.testng.internal.invokers.ConfigInvoker.invokeConfigurations(ConfigInvoker.java:333)
at org.testng.SuiteRunner.privateRun(SuiteRunner.java:358)
at org.testng.SuiteRunner.run(SuiteRunner.java:312)
at org.testng.SuiteRunnerWorker.runSuite(SuiteRunnerWorker.java:52)
at org.testng.SuiteRunnerWorker.run(SuiteRunnerWorker.java:95)
at org.testng.TestNG.runSuitesSequentially(TestNG.java:1274)
at org.testng.TestNG.runSuitesLocally(TestNG.java:1208)
at org.testng.TestNG.runSuites(TestNG.java:1112)
at org.testng.TestNG.run(TestNG.java:1079)
at org.testng.remote.AbstractRemoteTestNG.run(AbstractRemoteTestNG.java:115)
at org.testng.remote.RemoteTestNG.initAndRun(RemoteTestNG.java:293)
at org.testng.remote.RemoteTestNG.main(RemoteTestNG.java:91)
]]>
            </full-stacktrace>
          </exception> <!-- java.io.FileNotFoundException -->
          <reporter-output>
          </reporter-output>
        </test-method> <!-- currentAccountOpening -->
        <test-method is-config="true" signature="takeScreenshotOnFailTestCase(org.testng.ITestResult)[pri:0, instance:CBS_Branch_CoreBankingService_CurrentAccount.CAOpening_View_Ledger_FLOW@53812a9b]" started-at="2025-12-27T17:01:36 IST" name="takeScreenshotOnFailTestCase" finished-at="2025-12-27T17:01:36 IST" duration-ms="3" status="PASS">
          <params>
            <param index="0">
              <value>
                <![CDATA[[TestResult name=currentAccountOpening status=SKIP method=CAOpening_View_Ledger_FLOW.currentAccountOpening()[pri:1, instance:CBS_Branch_CoreBankingService_CurrentAccount.CAOpening_View_Ledger_FLOW@53812a9b] output={null}]]]>
              </value>
            </param>
          </params>
          <reporter-output>
          </reporter-output>
        </test-method> <!-- takeScreenshotOnFailTestCase -->
        <test-method signature="ViewAccount()[pri:2, instance:CBS_Branch_CoreBankingService_CurrentAccount.CAOpening_View_Ledger_FLOW@53812a9b]" started-at="2025-12-27T17:01:36 IST" name="ViewAccount" finished-at="2025-12-27T17:01:36 IST" duration-ms="0" status="SKIP">
          <exception class="java.io.FileNotFoundException">
            <message>
              <![CDATA[C:\Users\Mahindarr\eclipse-workspace\CBS\CBS_Branch\configBranch.properties (The system cannot find the path specified)]]>
            </message>
            <full-stacktrace>
              <![CDATA[java.io.FileNotFoundException: C:\Users\Mahindarr\eclipse-workspace\CBS\CBS_Branch\configBranch.properties (The system cannot find the path specified)
at java.base/java.io.FileInputStream.open0(Native Method)
at java.base/java.io.FileInputStream.open(FileInputStream.java:213)
at java.base/java.io.FileInputStream.<init>(FileInputStream.java:152)
at java.base/java.io.FileInputStream.<init>(FileInputStream.java:106)
at LoginBranch.BaseLoginForAllBranchModules.login(BaseLoginForAllBranchModules.java:43)
at java.base/jdk.internal.reflect.DirectMethodHandleAccessor.invoke(DirectMethodHandleAccessor.java:103)
at java.base/java.lang.reflect.Method.invoke(Method.java:580)
at org.testng.internal.invokers.MethodInvocationHelper.invokeMethod(MethodInvocationHelper.java:141)
at org.testng.internal.invokers.MethodInvocationHelper.invokeMethodConsideringTimeout(MethodInvocationHelper.java:71)
at org.testng.internal.invokers.ConfigInvoker.invokeConfigurationMethod(ConfigInvoker.java:400)
at org.testng.internal.invokers.ConfigInvoker.invokeConfigurations(ConfigInvoker.java:333)
at org.testng.SuiteRunner.privateRun(SuiteRunner.java:358)
at org.testng.SuiteRunner.run(SuiteRunner.java:312)
at org.testng.SuiteRunnerWorker.runSuite(SuiteRunnerWorker.java:52)
at org.testng.SuiteRunnerWorker.run(SuiteRunnerWorker.java:95)
at org.testng.TestNG.runSuitesSequentially(TestNG.java:1274)
at org.testng.TestNG.runSuitesLocally(TestNG.java:1208)
at org.testng.TestNG.runSuites(TestNG.java:1112)
at org.testng.TestNG.run(TestNG.java:1079)
at org.testng.remote.AbstractRemoteTestNG.run(AbstractRemoteTestNG.java:115)
at org.testng.remote.RemoteTestNG.initAndRun(RemoteTestNG.java:293)
at org.testng.remote.RemoteTestNG.main(RemoteTestNG.java:91)
]]>
            </full-stacktrace>
          </exception> <!-- java.io.FileNotFoundException -->
          <reporter-output>
          </reporter-output>
        </test-method> <!-- ViewAccount -->
        <test-method is-config="true" signature="takeScreenshotOnFailTestCase(org.testng.ITestResult)[pri:0, instance:CBS_Branch_CoreBankingService_CurrentAccount.CAOpening_View_Ledger_FLOW@53812a9b]" started-at="2025-12-27T17:01:36 IST" name="takeScreenshotOnFailTestCase" finished-at="2025-12-27T17:01:36 IST" duration-ms="1" status="PASS">
          <params>
            <param index="0">
              <value>
                <![CDATA[[TestResult name=ViewAccount status=SKIP method=CAOpening_View_Ledger_FLOW.ViewAccount()[pri:2, instance:CBS_Branch_CoreBankingService_CurrentAccount.CAOpening_View_Ledger_FLOW@53812a9b] output={null}]]]>
              </value>
            </param>
          </params>
          <reporter-output>
          </reporter-output>
        </test-method> <!-- takeScreenshotOnFailTestCase -->
        <test-method signature="addFund()[pri:3, instance:CBS_Branch_CoreBankingService_CurrentAccount.CAOpening_View_Ledger_FLOW@53812a9b]" started-at="2025-12-27T17:01:36 IST" name="addFund" finished-at="2025-12-27T17:01:36 IST" duration-ms="0" status="SKIP">
          <exception class="java.io.FileNotFoundException">
            <message>
              <![CDATA[C:\Users\Mahindarr\eclipse-workspace\CBS\CBS_Branch\configBranch.properties (The system cannot find the path specified)]]>
            </message>
            <full-stacktrace>
              <![CDATA[java.io.FileNotFoundException: C:\Users\Mahindarr\eclipse-workspace\CBS\CBS_Branch\configBranch.properties (The system cannot find the path specified)
at java.base/java.io.FileInputStream.open0(Native Method)
at java.base/java.io.FileInputStream.open(FileInputStream.java:213)
at java.base/java.io.FileInputStream.<init>(FileInputStream.java:152)
at java.base/java.io.FileInputStream.<init>(FileInputStream.java:106)
at LoginBranch.BaseLoginForAllBranchModules.login(BaseLoginForAllBranchModules.java:43)
at java.base/jdk.internal.reflect.DirectMethodHandleAccessor.invoke(DirectMethodHandleAccessor.java:103)
at java.base/java.lang.reflect.Method.invoke(Method.java:580)
at org.testng.internal.invokers.MethodInvocationHelper.invokeMethod(MethodInvocationHelper.java:141)
at org.testng.internal.invokers.MethodInvocationHelper.invokeMethodConsideringTimeout(MethodInvocationHelper.java:71)
at org.testng.internal.invokers.ConfigInvoker.invokeConfigurationMethod(ConfigInvoker.java:400)
at org.testng.internal.invokers.ConfigInvoker.invokeConfigurations(ConfigInvoker.java:333)
at org.testng.SuiteRunner.privateRun(SuiteRunner.java:358)
at org.testng.SuiteRunner.run(SuiteRunner.java:312)
at org.testng.SuiteRunnerWorker.runSuite(SuiteRunnerWorker.java:52)
at org.testng.SuiteRunnerWorker.run(SuiteRunnerWorker.java:95)
at org.testng.TestNG.runSuitesSequentially(TestNG.java:1274)
at org.testng.TestNG.runSuitesLocally(TestNG.java:1208)
at org.testng.TestNG.runSuites(TestNG.java:1112)
at org.testng.TestNG.run(TestNG.java:1079)
at org.testng.remote.AbstractRemoteTestNG.run(AbstractRemoteTestNG.java:115)
at org.testng.remote.RemoteTestNG.initAndRun(RemoteTestNG.java:293)
at org.testng.remote.RemoteTestNG.main(RemoteTestNG.java:91)
]]>
            </full-stacktrace>
          </exception> <!-- java.io.FileNotFoundException -->
          <reporter-output>
          </reporter-output>
        </test-method> <!-- addFund -->
        <test-method is-config="true" signature="takeScreenshotOnFailTestCase(org.testng.ITestResult)[pri:0, instance:CBS_Branch_CoreBankingService_CurrentAccount.CAOpening_View_Ledger_FLOW@53812a9b]" started-at="2025-12-27T17:01:36 IST" name="takeScreenshotOnFailTestCase" finished-at="2025-12-27T17:01:36 IST" duration-ms="2" status="PASS">
          <params>
            <param index="0">
              <value>
                <![CDATA[[TestResult name=addFund status=SKIP method=CAOpening_View_Ledger_FLOW.addFund()[pri:3, instance:CBS_Branch_CoreBankingService_CurrentAccount.CAOpening_View_Ledger_FLOW@53812a9b] output={null}]]]>
              </value>
            </param>
          </params>
          <reporter-output>
          </reporter-output>
        </test-method> <!-- takeScreenshotOnFailTestCase -->
        <test-method signature="viewCALedger()[pri:4, instance:CBS_Branch_CoreBankingService_CurrentAccount.CAOpening_View_Ledger_FLOW@53812a9b]" started-at="2025-12-27T17:01:36 IST" name="viewCALedger" finished-at="2025-12-27T17:01:36 IST" duration-ms="0" status="SKIP">
          <exception class="java.io.FileNotFoundException">
            <message>
              <![CDATA[C:\Users\Mahindarr\eclipse-workspace\CBS\CBS_Branch\configBranch.properties (The system cannot find the path specified)]]>
            </message>
            <full-stacktrace>
              <![CDATA[java.io.FileNotFoundException: C:\Users\Mahindarr\eclipse-workspace\CBS\CBS_Branch\configBranch.properties (The system cannot find the path specified)
at java.base/java.io.FileInputStream.open0(Native Method)
at java.base/java.io.FileInputStream.open(FileInputStream.java:213)
at java.base/java.io.FileInputStream.<init>(FileInputStream.java:152)
at java.base/java.io.FileInputStream.<init>(FileInputStream.java:106)
at LoginBranch.BaseLoginForAllBranchModules.login(BaseLoginForAllBranchModules.java:43)
at java.base/jdk.internal.reflect.DirectMethodHandleAccessor.invoke(DirectMethodHandleAccessor.java:103)
at java.base/java.lang.reflect.Method.invoke(Method.java:580)
at org.testng.internal.invokers.MethodInvocationHelper.invokeMethod(MethodInvocationHelper.java:141)
at org.testng.internal.invokers.MethodInvocationHelper.invokeMethodConsideringTimeout(MethodInvocationHelper.java:71)
at org.testng.internal.invokers.ConfigInvoker.invokeConfigurationMethod(ConfigInvoker.java:400)
at org.testng.internal.invokers.ConfigInvoker.invokeConfigurations(ConfigInvoker.java:333)
at org.testng.SuiteRunner.privateRun(SuiteRunner.java:358)
at org.testng.SuiteRunner.run(SuiteRunner.java:312)
at org.testng.SuiteRunnerWorker.runSuite(SuiteRunnerWorker.java:52)
at org.testng.SuiteRunnerWorker.run(SuiteRunnerWorker.java:95)
at org.testng.TestNG.runSuitesSequentially(TestNG.java:1274)
at org.testng.TestNG.runSuitesLocally(TestNG.java:1208)
at org.testng.TestNG.runSuites(TestNG.java:1112)
at org.testng.TestNG.run(TestNG.java:1079)
at org.testng.remote.AbstractRemoteTestNG.run(AbstractRemoteTestNG.java:115)
at org.testng.remote.RemoteTestNG.initAndRun(RemoteTestNG.java:293)
at org.testng.remote.RemoteTestNG.main(RemoteTestNG.java:91)
]]>
            </full-stacktrace>
          </exception> <!-- java.io.FileNotFoundException -->
          <reporter-output>
          </reporter-output>
        </test-method> <!-- viewCALedger -->
        <test-method is-config="true" signature="takeScreenshotOnFailTestCase(org.testng.ITestResult)[pri:0, instance:CBS_Branch_CoreBankingService_CurrentAccount.CAOpening_View_Ledger_FLOW@53812a9b]" started-at="2025-12-27T17:01:36 IST" name="takeScreenshotOnFailTestCase" finished-at="2025-12-27T17:01:36 IST" duration-ms="1" status="PASS">
          <params>
            <param index="0">
              <value>
                <![CDATA[[TestResult name=viewCALedger status=SKIP method=CAOpening_View_Ledger_FLOW.viewCALedger()[pri:4, instance:CBS_Branch_CoreBankingService_CurrentAccount.CAOpening_View_Ledger_FLOW@53812a9b] output={null}]]]>
              </value>
            </param>
          </params>
          <reporter-output>
          </reporter-output>
        </test-method> <!-- takeScreenshotOnFailTestCase -->
        <test-method signature="closedAccount()[pri:5, instance:CBS_Branch_CoreBankingService_CurrentAccount.CAOpening_View_Ledger_FLOW@53812a9b]" started-at="2025-12-27T17:01:36 IST" name="closedAccount" finished-at="2025-12-27T17:01:36 IST" duration-ms="0" status="SKIP">
          <exception class="java.io.FileNotFoundException">
            <message>
              <![CDATA[C:\Users\Mahindarr\eclipse-workspace\CBS\CBS_Branch\configBranch.properties (The system cannot find the path specified)]]>
            </message>
            <full-stacktrace>
              <![CDATA[java.io.FileNotFoundException: C:\Users\Mahindarr\eclipse-workspace\CBS\CBS_Branch\configBranch.properties (The system cannot find the path specified)
at java.base/java.io.FileInputStream.open0(Native Method)
at java.base/java.io.FileInputStream.open(FileInputStream.java:213)
at java.base/java.io.FileInputStream.<init>(FileInputStream.java:152)
at java.base/java.io.FileInputStream.<init>(FileInputStream.java:106)
at LoginBranch.BaseLoginForAllBranchModules.login(BaseLoginForAllBranchModules.java:43)
at java.base/jdk.internal.reflect.DirectMethodHandleAccessor.invoke(DirectMethodHandleAccessor.java:103)
at java.base/java.lang.reflect.Method.invoke(Method.java:580)
at org.testng.internal.invokers.MethodInvocationHelper.invokeMethod(MethodInvocationHelper.java:141)
at org.testng.internal.invokers.MethodInvocationHelper.invokeMethodConsideringTimeout(MethodInvocationHelper.java:71)
at org.testng.internal.invokers.ConfigInvoker.invokeConfigurationMethod(ConfigInvoker.java:400)
at org.testng.internal.invokers.ConfigInvoker.invokeConfigurations(ConfigInvoker.java:333)
at org.testng.SuiteRunner.privateRun(SuiteRunner.java:358)
at org.testng.SuiteRunner.run(SuiteRunner.java:312)
at org.testng.SuiteRunnerWorker.runSuite(SuiteRunnerWorker.java:52)
at org.testng.SuiteRunnerWorker.run(SuiteRunnerWorker.java:95)
at org.testng.TestNG.runSuitesSequentially(TestNG.java:1274)
at org.testng.TestNG.runSuitesLocally(TestNG.java:1208)
at org.testng.TestNG.runSuites(TestNG.java:1112)
at org.testng.TestNG.run(TestNG.java:1079)
at org.testng.remote.AbstractRemoteTestNG.run(AbstractRemoteTestNG.java:115)
at org.testng.remote.RemoteTestNG.initAndRun(RemoteTestNG.java:293)
at org.testng.remote.RemoteTestNG.main(RemoteTestNG.java:91)
]]>
            </full-stacktrace>
          </exception> <!-- java.io.FileNotFoundException -->
          <reporter-output>
          </reporter-output>
        </test-method> <!-- closedAccount -->
        <test-method is-config="true" signature="takeScreenshotOnFailTestCase(org.testng.ITestResult)[pri:0, instance:CBS_Branch_CoreBankingService_CurrentAccount.CAOpening_View_Ledger_FLOW@53812a9b]" started-at="2025-12-27T17:01:36 IST" name="takeScreenshotOnFailTestCase" finished-at="2025-12-27T17:01:36 IST" duration-ms="1" status="PASS">
          <params>
            <param index="0">
              <value>
                <![CDATA[[TestResult name=closedAccount status=SKIP method=CAOpening_View_Ledger_FLOW.closedAccount()[pri:5, instance:CBS_Branch_CoreBankingService_CurrentAccount.CAOpening_View_Ledger_FLOW@53812a9b] output={null}]]]>
              </value>
            </param>
          </params>
          <reporter-output>
          </reporter-output>
        </test-method> <!-- takeScreenshotOnFailTestCase -->
      </class> <!-- CBS_Branch_CoreBankingService_CurrentAccount.CAOpening_View_Ledger_FLOW -->
      <class name="CBS_Branch_CoreBankingServices_PigmyWithdraw.View_Pigmy_Withdraw">
        <test-method signature="viewPigmyWithdraw()[pri:1, instance:CBS_Branch_CoreBankingServices_PigmyWithdraw.View_Pigmy_Withdraw@129b4fe2]" started-at="2025-12-27T17:01:37 IST" name="viewPigmyWithdraw" finished-at="2025-12-27T17:01:37 IST" duration-ms="0" status="SKIP">
          <exception class="java.io.FileNotFoundException">
            <message>
              <![CDATA[C:\Users\Mahindarr\eclipse-workspace\CBS\CBS_Branch\configBranch.properties (The system cannot find the path specified)]]>
            </message>
            <full-stacktrace>
              <![CDATA[java.io.FileNotFoundException: C:\Users\Mahindarr\eclipse-workspace\CBS\CBS_Branch\configBranch.properties (The system cannot find the path specified)
at java.base/java.io.FileInputStream.open0(Native Method)
at java.base/java.io.FileInputStream.open(FileInputStream.java:213)
at java.base/java.io.FileInputStream.<init>(FileInputStream.java:152)
at java.base/java.io.FileInputStream.<init>(FileInputStream.java:106)
at LoginBranch.BaseLoginForAllBranchModules.login(BaseLoginForAllBranchModules.java:43)
at java.base/jdk.internal.reflect.DirectMethodHandleAccessor.invoke(DirectMethodHandleAccessor.java:103)
at java.base/java.lang.reflect.Method.invoke(Method.java:580)
at org.testng.internal.invokers.MethodInvocationHelper.invokeMethod(MethodInvocationHelper.java:141)
at org.testng.internal.invokers.MethodInvocationHelper.invokeMethodConsideringTimeout(MethodInvocationHelper.java:71)
at org.testng.internal.invokers.ConfigInvoker.invokeConfigurationMethod(ConfigInvoker.java:400)
at org.testng.internal.invokers.ConfigInvoker.invokeConfigurations(ConfigInvoker.java:333)
at org.testng.SuiteRunner.privateRun(SuiteRunner.java:358)
at org.testng.SuiteRunner.run(SuiteRunner.java:312)
at org.testng.SuiteRunnerWorker.runSuite(SuiteRunnerWorker.java:52)
at org.testng.SuiteRunnerWorker.run(SuiteRunnerWorker.java:95)
at org.testng.TestNG.runSuitesSequentially(TestNG.java:1274)
at org.testng.TestNG.runSuitesLocally(TestNG.java:1208)
at org.testng.TestNG.runSuites(TestNG.java:1112)
at org.testng.TestNG.run(TestNG.java:1079)
at org.testng.remote.AbstractRemoteTestNG.run(AbstractRemoteTestNG.java:115)
at org.testng.remote.RemoteTestNG.initAndRun(RemoteTestNG.java:293)
at org.testng.remote.RemoteTestNG.main(RemoteTestNG.java:91)
]]>
            </full-stacktrace>
          </exception> <!-- java.io.FileNotFoundException -->
          <reporter-output>
          </reporter-output>
        </test-method> <!-- viewPigmyWithdraw -->
        <test-method is-config="true" signature="takeScreenshotOnFailTestCase(org.testng.ITestResult)[pri:0, instance:CBS_Branch_CoreBankingServices_PigmyWithdraw.View_Pigmy_Withdraw@129b4fe2]" started-at="2025-12-27T17:01:37 IST" name="takeScreenshotOnFailTestCase" finished-at="2025-12-27T17:01:37 IST" duration-ms="7" status="PASS">
          <params>
            <param index="0">
              <value>
                <![CDATA[[TestResult name=viewPigmyWithdraw status=SKIP method=View_Pigmy_Withdraw.viewPigmyWithdraw()[pri:1, instance:CBS_Branch_CoreBankingServices_PigmyWithdraw.View_Pigmy_Withdraw@129b4fe2] output={null}]]]>
              </value>
            </param>
          </params>
          <reporter-output>
          </reporter-output>
        </test-method> <!-- takeScreenshotOnFailTestCase -->
      </class> <!-- CBS_Branch_CoreBankingServices_PigmyWithdraw.View_Pigmy_Withdraw -->
      <class name="CBS_Branch_CoreBankingService_LoanOnDeposit.Search_LD_Accounts">
        <test-method signature="Search_LD_Account()[pri:1, instance:CBS_Branch_CoreBankingService_LoanOnDeposit.Search_LD_Accounts@41925502]" started-at="2025-12-27T17:01:36 IST" name="Search_LD_Account" finished-at="2025-12-27T17:01:36 IST" duration-ms="0" status="SKIP">
          <exception class="java.io.FileNotFoundException">
            <message>
              <![CDATA[C:\Users\Mahindarr\eclipse-workspace\CBS\CBS_Branch\configBranch.properties (The system cannot find the path specified)]]>
            </message>
            <full-stacktrace>
              <![CDATA[java.io.FileNotFoundException: C:\Users\Mahindarr\eclipse-workspace\CBS\CBS_Branch\configBranch.properties (The system cannot find the path specified)
at java.base/java.io.FileInputStream.open0(Native Method)
at java.base/java.io.FileInputStream.open(FileInputStream.java:213)
at java.base/java.io.FileInputStream.<init>(FileInputStream.java:152)
at java.base/java.io.FileInputStream.<init>(FileInputStream.java:106)
at LoginBranch.BaseLoginForAllBranchModules.login(BaseLoginForAllBranchModules.java:43)
at java.base/jdk.internal.reflect.DirectMethodHandleAccessor.invoke(DirectMethodHandleAccessor.java:103)
at java.base/java.lang.reflect.Method.invoke(Method.java:580)
at org.testng.internal.invokers.MethodInvocationHelper.invokeMethod(MethodInvocationHelper.java:141)
at org.testng.internal.invokers.MethodInvocationHelper.invokeMethodConsideringTimeout(MethodInvocationHelper.java:71)
at org.testng.internal.invokers.ConfigInvoker.invokeConfigurationMethod(ConfigInvoker.java:400)
at org.testng.internal.invokers.ConfigInvoker.invokeConfigurations(ConfigInvoker.java:333)
at org.testng.SuiteRunner.privateRun(SuiteRunner.java:358)
at org.testng.SuiteRunner.run(SuiteRunner.java:312)
at org.testng.SuiteRunnerWorker.runSuite(SuiteRunnerWorker.java:52)
at org.testng.SuiteRunnerWorker.run(SuiteRunnerWorker.java:95)
at org.testng.TestNG.runSuitesSequentially(TestNG.java:1274)
at org.testng.TestNG.runSuitesLocally(TestNG.java:1208)
at org.testng.TestNG.runSuites(TestNG.java:1112)
at org.testng.TestNG.run(TestNG.java:1079)
at org.testng.remote.AbstractRemoteTestNG.run(AbstractRemoteTestNG.java:115)
at org.testng.remote.RemoteTestNG.initAndRun(RemoteTestNG.java:293)
at org.testng.remote.RemoteTestNG.main(RemoteTestNG.java:91)
]]>
            </full-stacktrace>
          </exception> <!-- java.io.FileNotFoundException -->
          <reporter-output>
          </reporter-output>
        </test-method> <!-- Search_LD_Account -->
        <test-method is-config="true" signature="takeScreenshotOnFailTestCase(org.testng.ITestResult)[pri:0, instance:CBS_Branch_CoreBankingService_LoanOnDeposit.Search_LD_Accounts@41925502]" started-at="2025-12-27T17:01:36 IST" name="takeScreenshotOnFailTestCase" finished-at="2025-12-27T17:01:36 IST" duration-ms="45" status="PASS">
          <params>
            <param index="0">
              <value>
                <![CDATA[[TestResult name=Search_LD_Account status=SKIP method=Search_LD_Accounts.Search_LD_Account()[pri:1, instance:CBS_Branch_CoreBankingService_LoanOnDeposit.Search_LD_Accounts@41925502] output={null}]]]>
              </value>
            </param>
          </params>
          <reporter-output>
          </reporter-output>
        </test-method> <!-- takeScreenshotOnFailTestCase -->
      </class> <!-- CBS_Branch_CoreBankingService_LoanOnDeposit.Search_LD_Accounts -->
      <class name="CBS_Branch_Loan_LoanReports.Loan_Account_Details">
        <test-method signature="loanAccountDetails()[pri:1, instance:CBS_Branch_Loan_LoanReports.Loan_Account_Details@75ed9710]" started-at="2025-12-27T17:01:36 IST" name="loanAccountDetails" finished-at="2025-12-27T17:01:36 IST" duration-ms="1" status="SKIP">
          <exception class="java.io.FileNotFoundException">
            <message>
              <![CDATA[C:\Users\Mahindarr\eclipse-workspace\CBS\CBS_Branch\configBranch.properties (The system cannot find the path specified)]]>
            </message>
            <full-stacktrace>
              <![CDATA[java.io.FileNotFoundException: C:\Users\Mahindarr\eclipse-workspace\CBS\CBS_Branch\configBranch.properties (The system cannot find the path specified)
at java.base/java.io.FileInputStream.open0(Native Method)
at java.base/java.io.FileInputStream.open(FileInputStream.java:213)
at java.base/java.io.FileInputStream.<init>(FileInputStream.java:152)
at java.base/java.io.FileInputStream.<init>(FileInputStream.java:106)
at LoginBranch.BaseLoginForAllBranchModules.login(BaseLoginForAllBranchModules.java:43)
at java.base/jdk.internal.reflect.DirectMethodHandleAccessor.invoke(DirectMethodHandleAccessor.java:103)
at java.base/java.lang.reflect.Method.invoke(Method.java:580)
at org.testng.internal.invokers.MethodInvocationHelper.invokeMethod(MethodInvocationHelper.java:141)
at org.testng.internal.invokers.MethodInvocationHelper.invokeMethodConsideringTimeout(MethodInvocationHelper.java:71)
at org.testng.internal.invokers.ConfigInvoker.invokeConfigurationMethod(ConfigInvoker.java:400)
at org.testng.internal.invokers.ConfigInvoker.invokeConfigurations(ConfigInvoker.java:333)
at org.testng.SuiteRunner.privateRun(SuiteRunner.java:358)
at org.testng.SuiteRunner.run(SuiteRunner.java:312)
at org.testng.SuiteRunnerWorker.runSuite(SuiteRunnerWorker.java:52)
at org.testng.SuiteRunnerWorker.run(SuiteRunnerWorker.java:95)
at org.testng.TestNG.runSuitesSequentially(TestNG.java:1274)
at org.testng.TestNG.runSuitesLocally(TestNG.java:1208)
at org.testng.TestNG.runSuites(TestNG.java:1112)
at org.testng.TestNG.run(TestNG.java:1079)
at org.testng.remote.AbstractRemoteTestNG.run(AbstractRemoteTestNG.java:115)
at org.testng.remote.RemoteTestNG.initAndRun(RemoteTestNG.java:293)
at org.testng.remote.RemoteTestNG.main(RemoteTestNG.java:91)
]]>
            </full-stacktrace>
          </exception> <!-- java.io.FileNotFoundException -->
          <reporter-output>
          </reporter-output>
        </test-method> <!-- loanAccountDetails -->
        <test-method is-config="true" signature="takeScreenshotOnFailTestCase(org.testng.ITestResult)[pri:0, instance:CBS_Branch_Loan_LoanReports.Loan_Account_Details@75ed9710]" started-at="2025-12-27T17:01:36 IST" name="takeScreenshotOnFailTestCase" finished-at="2025-12-27T17:01:36 IST" duration-ms="21" status="PASS">
          <params>
            <param index="0">
              <value>
                <![CDATA[[TestResult name=loanAccountDetails status=SKIP method=Loan_Account_Details.loanAccountDetails()[pri:1, instance:CBS_Branch_Loan_LoanReports.Loan_Account_Details@75ed9710] output={null}]]]>
              </value>
            </param>
          </params>
          <reporter-output>
          </reporter-output>
        </test-method> <!-- takeScreenshotOnFailTestCase -->
      </class> <!-- CBS_Branch_Loan_LoanReports.Loan_Account_Details -->
      <class name="CBS_Branch_CoreBankingService_MIS.MIS_Calculator">
        <test-method signature="MISCalculator()[pri:1, instance:CBS_Branch_CoreBankingService_MIS.MIS_Calculator@4504d271]" started-at="2025-12-27T17:01:35 IST" name="MISCalculator" finished-at="2025-12-27T17:01:35 IST" duration-ms="0" status="SKIP">
          <exception class="java.io.FileNotFoundException">
            <message>
              <![CDATA[C:\Users\Mahindarr\eclipse-workspace\CBS\CBS_Branch\configBranch.properties (The system cannot find the path specified)]]>
            </message>
            <full-stacktrace>
              <![CDATA[java.io.FileNotFoundException: C:\Users\Mahindarr\eclipse-workspace\CBS\CBS_Branch\configBranch.properties (The system cannot find the path specified)
at java.base/java.io.FileInputStream.open0(Native Method)
at java.base/java.io.FileInputStream.open(FileInputStream.java:213)
at java.base/java.io.FileInputStream.<init>(FileInputStream.java:152)
at java.base/java.io.FileInputStream.<init>(FileInputStream.java:106)
at LoginBranch.BaseLoginForAllBranchModules.login(BaseLoginForAllBranchModules.java:43)
at java.base/jdk.internal.reflect.DirectMethodHandleAccessor.invoke(DirectMethodHandleAccessor.java:103)
at java.base/java.lang.reflect.Method.invoke(Method.java:580)
at org.testng.internal.invokers.MethodInvocationHelper.invokeMethod(MethodInvocationHelper.java:141)
at org.testng.internal.invokers.MethodInvocationHelper.invokeMethodConsideringTimeout(MethodInvocationHelper.java:71)
at org.testng.internal.invokers.ConfigInvoker.invokeConfigurationMethod(ConfigInvoker.java:400)
at org.testng.internal.invokers.ConfigInvoker.invokeConfigurations(ConfigInvoker.java:333)
at org.testng.SuiteRunner.privateRun(SuiteRunner.java:358)
at org.testng.SuiteRunner.run(SuiteRunner.java:312)
at org.testng.SuiteRunnerWorker.runSuite(SuiteRunnerWorker.java:52)
at org.testng.SuiteRunnerWorker.run(SuiteRunnerWorker.java:95)
at org.testng.TestNG.runSuitesSequentially(TestNG.java:1274)
at org.testng.TestNG.runSuitesLocally(TestNG.java:1208)
at org.testng.TestNG.runSuites(TestNG.java:1112)
at org.testng.TestNG.run(TestNG.java:1079)
at org.testng.remote.AbstractRemoteTestNG.run(AbstractRemoteTestNG.java:115)
at org.testng.remote.RemoteTestNG.initAndRun(RemoteTestNG.java:293)
at org.testng.remote.RemoteTestNG.main(RemoteTestNG.java:91)
]]>
            </full-stacktrace>
          </exception> <!-- java.io.FileNotFoundException -->
          <reporter-output>
          </reporter-output>
        </test-method> <!-- MISCalculator -->
        <test-method is-config="true" signature="takeScreenshotOnFailTestCase(org.testng.ITestResult)[pri:0, instance:CBS_Branch_CoreBankingService_MIS.MIS_Calculator@4504d271]" started-at="2025-12-27T17:01:35 IST" name="takeScreenshotOnFailTestCase" finished-at="2025-12-27T17:01:35 IST" duration-ms="3" status="PASS">
          <params>
            <param index="0">
              <value>
                <![CDATA[[TestResult name=MISCalculator status=SKIP method=MIS_Calculator.MISCalculator()[pri:1, instance:CBS_Branch_CoreBankingService_MIS.MIS_Calculator@4504d271] output={null}]]]>
              </value>
            </param>
          </params>
          <reporter-output>
          </reporter-output>
        </test-method> <!-- takeScreenshotOnFailTestCase -->
        <test-method signature="calculation2()[pri:2, instance:CBS_Branch_CoreBankingService_MIS.MIS_Calculator@4504d271]" started-at="2025-12-27T17:01:35 IST" name="calculation2" finished-at="2025-12-27T17:01:35 IST" duration-ms="0" status="SKIP">
          <exception class="java.io.FileNotFoundException">
            <message>
              <![CDATA[C:\Users\Mahindarr\eclipse-workspace\CBS\CBS_Branch\configBranch.properties (The system cannot find the path specified)]]>
            </message>
            <full-stacktrace>
              <![CDATA[java.io.FileNotFoundException: C:\Users\Mahindarr\eclipse-workspace\CBS\CBS_Branch\configBranch.properties (The system cannot find the path specified)
at java.base/java.io.FileInputStream.open0(Native Method)
at java.base/java.io.FileInputStream.open(FileInputStream.java:213)
at java.base/java.io.FileInputStream.<init>(FileInputStream.java:152)
at java.base/java.io.FileInputStream.<init>(FileInputStream.java:106)
at LoginBranch.BaseLoginForAllBranchModules.login(BaseLoginForAllBranchModules.java:43)
at java.base/jdk.internal.reflect.DirectMethodHandleAccessor.invoke(DirectMethodHandleAccessor.java:103)
at java.base/java.lang.reflect.Method.invoke(Method.java:580)
at org.testng.internal.invokers.MethodInvocationHelper.invokeMethod(MethodInvocationHelper.java:141)
at org.testng.internal.invokers.MethodInvocationHelper.invokeMethodConsideringTimeout(MethodInvocationHelper.java:71)
at org.testng.internal.invokers.ConfigInvoker.invokeConfigurationMethod(ConfigInvoker.java:400)
at org.testng.internal.invokers.ConfigInvoker.invokeConfigurations(ConfigInvoker.java:333)
at org.testng.SuiteRunner.privateRun(SuiteRunner.java:358)
at org.testng.SuiteRunner.run(SuiteRunner.java:312)
at org.testng.SuiteRunnerWorker.runSuite(SuiteRunnerWorker.java:52)
at org.testng.SuiteRunnerWorker.run(SuiteRunnerWorker.java:95)
at org.testng.TestNG.runSuitesSequentially(TestNG.java:1274)
at org.testng.TestNG.runSuitesLocally(TestNG.java:1208)
at org.testng.TestNG.runSuites(TestNG.java:1112)
at org.testng.TestNG.run(TestNG.java:1079)
at org.testng.remote.AbstractRemoteTestNG.run(AbstractRemoteTestNG.java:115)
at org.testng.remote.RemoteTestNG.initAndRun(RemoteTestNG.java:293)
at org.testng.remote.RemoteTestNG.main(RemoteTestNG.java:91)
]]>
            </full-stacktrace>
          </exception> <!-- java.io.FileNotFoundException -->
          <reporter-output>
          </reporter-output>
        </test-method> <!-- calculation2 -->
        <test-method is-config="true" signature="takeScreenshotOnFailTestCase(org.testng.ITestResult)[pri:0, instance:CBS_Branch_CoreBankingService_MIS.MIS_Calculator@4504d271]" started-at="2025-12-27T17:01:35 IST" name="takeScreenshotOnFailTestCase" finished-at="2025-12-27T17:01:35 IST" duration-ms="28" status="PASS">
          <params>
            <param index="0">
              <value>
                <![CDATA[[TestResult name=calculation2 status=SKIP method=MIS_Calculator.calculation2()[pri:2, instance:CBS_Branch_CoreBankingService_MIS.MIS_Calculator@4504d271] output={null}]]]>
              </value>
            </param>
          </params>
          <reporter-output>
          </reporter-output>
        </test-method> <!-- takeScreenshotOnFailTestCase -->
      </class> <!-- CBS_Branch_CoreBankingService_MIS.MIS_Calculator -->
      <class name="CBS_Branch_Loan_IndividualLoan.View_NACH_File">
        <test-method signature="view_Nach_File()[pri:1, instance:CBS_Branch_Loan_IndividualLoan.View_NACH_File@61884cb1]" started-at="2025-12-27T17:01:37 IST" name="view_Nach_File" finished-at="2025-12-27T17:01:37 IST" duration-ms="0" status="SKIP">
          <exception class="java.io.FileNotFoundException">
            <message>
              <![CDATA[C:\Users\Mahindarr\eclipse-workspace\CBS\CBS_Branch\configBranch.properties (The system cannot find the path specified)]]>
            </message>
            <full-stacktrace>
              <![CDATA[java.io.FileNotFoundException: C:\Users\Mahindarr\eclipse-workspace\CBS\CBS_Branch\configBranch.properties (The system cannot find the path specified)
at java.base/java.io.FileInputStream.open0(Native Method)
at java.base/java.io.FileInputStream.open(FileInputStream.java:213)
at java.base/java.io.FileInputStream.<init>(FileInputStream.java:152)
at java.base/java.io.FileInputStream.<init>(FileInputStream.java:106)
at LoginBranch.BaseLoginForAllBranchModules.login(BaseLoginForAllBranchModules.java:43)
at java.base/jdk.internal.reflect.DirectMethodHandleAccessor.invoke(DirectMethodHandleAccessor.java:103)
at java.base/java.lang.reflect.Method.invoke(Method.java:580)
at org.testng.internal.invokers.MethodInvocationHelper.invokeMethod(MethodInvocationHelper.java:141)
at org.testng.internal.invokers.MethodInvocationHelper.invokeMethodConsideringTimeout(MethodInvocationHelper.java:71)
at org.testng.internal.invokers.ConfigInvoker.invokeConfigurationMethod(ConfigInvoker.java:400)
at org.testng.internal.invokers.ConfigInvoker.invokeConfigurations(ConfigInvoker.java:333)
at org.testng.SuiteRunner.privateRun(SuiteRunner.java:358)
at org.testng.SuiteRunner.run(SuiteRunner.java:312)
at org.testng.SuiteRunnerWorker.runSuite(SuiteRunnerWorker.java:52)
at org.testng.SuiteRunnerWorker.run(SuiteRunnerWorker.java:95)
at org.testng.TestNG.runSuitesSequentially(TestNG.java:1274)
at org.testng.TestNG.runSuitesLocally(TestNG.java:1208)
at org.testng.TestNG.runSuites(TestNG.java:1112)
at org.testng.TestNG.run(TestNG.java:1079)
at org.testng.remote.AbstractRemoteTestNG.run(AbstractRemoteTestNG.java:115)
at org.testng.remote.RemoteTestNG.initAndRun(RemoteTestNG.java:293)
at org.testng.remote.RemoteTestNG.main(RemoteTestNG.java:91)
]]>
            </full-stacktrace>
          </exception> <!-- java.io.FileNotFoundException -->
          <reporter-output>
          </reporter-output>
        </test-method> <!-- view_Nach_File -->
        <test-method is-config="true" signature="takeScreenshotOnFailTestCase(org.testng.ITestResult)[pri:0, instance:CBS_Branch_Loan_IndividualLoan.View_NACH_File@61884cb1]" started-at="2025-12-27T17:01:37 IST" name="takeScreenshotOnFailTestCase" finished-at="2025-12-27T17:01:37 IST" duration-ms="1" status="PASS">
          <params>
            <param index="0">
              <value>
                <![CDATA[[TestResult name=view_Nach_File status=SKIP method=View_NACH_File.view_Nach_File()[pri:1, instance:CBS_Branch_Loan_IndividualLoan.View_NACH_File@61884cb1] output={null}]]]>
              </value>
            </param>
          </params>
          <reporter-output>
          </reporter-output>
        </test-method> <!-- takeScreenshotOnFailTestCase -->
      </class> <!-- CBS_Branch_Loan_IndividualLoan.View_NACH_File -->
      <class name="CBS_Branch_CoreBankingService_FD.FD_PayMaturity">
        <test-method signature="PayMaturity()[pri:1, instance:CBS_Branch_CoreBankingService_FD.FD_PayMaturity@65b3a85a]" started-at="2025-12-27T17:01:35 IST" name="PayMaturity" finished-at="2025-12-27T17:01:35 IST" duration-ms="0" status="SKIP">
          <exception class="java.io.FileNotFoundException">
            <message>
              <![CDATA[C:\Users\Mahindarr\eclipse-workspace\CBS\CBS_Branch\configBranch.properties (The system cannot find the path specified)]]>
            </message>
            <full-stacktrace>
              <![CDATA[java.io.FileNotFoundException: C:\Users\Mahindarr\eclipse-workspace\CBS\CBS_Branch\configBranch.properties (The system cannot find the path specified)
at java.base/java.io.FileInputStream.open0(Native Method)
at java.base/java.io.FileInputStream.open(FileInputStream.java:213)
at java.base/java.io.FileInputStream.<init>(FileInputStream.java:152)
at java.base/java.io.FileInputStream.<init>(FileInputStream.java:106)
at LoginBranch.BaseLoginForAllBranchModules.login(BaseLoginForAllBranchModules.java:43)
at java.base/jdk.internal.reflect.DirectMethodHandleAccessor.invoke(DirectMethodHandleAccessor.java:103)
at java.base/java.lang.reflect.Method.invoke(Method.java:580)
at org.testng.internal.invokers.MethodInvocationHelper.invokeMethod(MethodInvocationHelper.java:141)
at org.testng.internal.invokers.MethodInvocationHelper.invokeMethodConsideringTimeout(MethodInvocationHelper.java:71)
at org.testng.internal.invokers.ConfigInvoker.invokeConfigurationMethod(ConfigInvoker.java:400)
at org.testng.internal.invokers.ConfigInvoker.invokeConfigurations(ConfigInvoker.java:333)
at org.testng.SuiteRunner.privateRun(SuiteRunner.java:358)
at org.testng.SuiteRunner.run(SuiteRunner.java:312)
at org.testng.SuiteRunnerWorker.runSuite(SuiteRunnerWorker.java:52)
at org.testng.SuiteRunnerWorker.run(SuiteRunnerWorker.java:95)
at org.testng.TestNG.runSuitesSequentially(TestNG.java:1274)
at org.testng.TestNG.runSuitesLocally(TestNG.java:1208)
at org.testng.TestNG.runSuites(TestNG.java:1112)
at org.testng.TestNG.run(TestNG.java:1079)
at org.testng.remote.AbstractRemoteTestNG.run(AbstractRemoteTestNG.java:115)
at org.testng.remote.RemoteTestNG.initAndRun(RemoteTestNG.java:293)
at org.testng.remote.RemoteTestNG.main(RemoteTestNG.java:91)
]]>
            </full-stacktrace>
          </exception> <!-- java.io.FileNotFoundException -->
          <reporter-output>
          </reporter-output>
        </test-method> <!-- PayMaturity -->
        <test-method is-config="true" signature="takeScreenshotOnFailTestCase(org.testng.ITestResult)[pri:0, instance:CBS_Branch_CoreBankingService_FD.FD_PayMaturity@65b3a85a]" started-at="2025-12-27T17:01:35 IST" name="takeScreenshotOnFailTestCase" finished-at="2025-12-27T17:01:35 IST" duration-ms="1" status="PASS">
          <params>
            <param index="0">
              <value>
                <![CDATA[[TestResult name=PayMaturity status=SKIP method=FD_PayMaturity.PayMaturity()[pri:1, instance:CBS_Branch_CoreBankingService_FD.FD_PayMaturity@65b3a85a] output={null}]]]>
              </value>
            </param>
          </params>
          <reporter-output>
          </reporter-output>
        </test-method> <!-- takeScreenshotOnFailTestCase -->
        <test-method signature="vocherAccept()[pri:2, instance:CBS_Branch_CoreBankingService_FD.FD_PayMaturity@65b3a85a]" started-at="2025-12-27T17:01:35 IST" name="vocherAccept" finished-at="2025-12-27T17:01:35 IST" duration-ms="0" status="SKIP">
          <exception class="java.io.FileNotFoundException">
            <message>
              <![CDATA[C:\Users\Mahindarr\eclipse-workspace\CBS\CBS_Branch\configBranch.properties (The system cannot find the path specified)]]>
            </message>
            <full-stacktrace>
              <![CDATA[java.io.FileNotFoundException: C:\Users\Mahindarr\eclipse-workspace\CBS\CBS_Branch\configBranch.properties (The system cannot find the path specified)
at java.base/java.io.FileInputStream.open0(Native Method)
at java.base/java.io.FileInputStream.open(FileInputStream.java:213)
at java.base/java.io.FileInputStream.<init>(FileInputStream.java:152)
at java.base/java.io.FileInputStream.<init>(FileInputStream.java:106)
at LoginBranch.BaseLoginForAllBranchModules.login(BaseLoginForAllBranchModules.java:43)
at java.base/jdk.internal.reflect.DirectMethodHandleAccessor.invoke(DirectMethodHandleAccessor.java:103)
at java.base/java.lang.reflect.Method.invoke(Method.java:580)
at org.testng.internal.invokers.MethodInvocationHelper.invokeMethod(MethodInvocationHelper.java:141)
at org.testng.internal.invokers.MethodInvocationHelper.invokeMethodConsideringTimeout(MethodInvocationHelper.java:71)
at org.testng.internal.invokers.ConfigInvoker.invokeConfigurationMethod(ConfigInvoker.java:400)
at org.testng.internal.invokers.ConfigInvoker.invokeConfigurations(ConfigInvoker.java:333)
at org.testng.SuiteRunner.privateRun(SuiteRunner.java:358)
at org.testng.SuiteRunner.run(SuiteRunner.java:312)
at org.testng.SuiteRunnerWorker.runSuite(SuiteRunnerWorker.java:52)
at org.testng.SuiteRunnerWorker.run(SuiteRunnerWorker.java:95)
at org.testng.TestNG.runSuitesSequentially(TestNG.java:1274)
at org.testng.TestNG.runSuitesLocally(TestNG.java:1208)
at org.testng.TestNG.runSuites(TestNG.java:1112)
at org.testng.TestNG.run(TestNG.java:1079)
at org.testng.remote.AbstractRemoteTestNG.run(AbstractRemoteTestNG.java:115)
at org.testng.remote.RemoteTestNG.initAndRun(RemoteTestNG.java:293)
at org.testng.remote.RemoteTestNG.main(RemoteTestNG.java:91)
]]>
            </full-stacktrace>
          </exception> <!-- java.io.FileNotFoundException -->
          <reporter-output>
          </reporter-output>
        </test-method> <!-- vocherAccept -->
        <test-method is-config="true" signature="takeScreenshotOnFailTestCase(org.testng.ITestResult)[pri:0, instance:CBS_Branch_CoreBankingService_FD.FD_PayMaturity@65b3a85a]" started-at="2025-12-27T17:01:35 IST" name="takeScreenshotOnFailTestCase" finished-at="2025-12-27T17:01:35 IST" duration-ms="3" status="PASS">
          <params>
            <param index="0">
              <value>
                <![CDATA[[TestResult name=vocherAccept status=SKIP method=FD_PayMaturity.vocherAccept()[pri:2, instance:CBS_Branch_CoreBankingService_FD.FD_PayMaturity@65b3a85a] output={null}]]]>
              </value>
            </param>
          </params>
          <reporter-output>
          </reporter-output>
        </test-method> <!-- takeScreenshotOnFailTestCase -->
        <test-method signature="checkReport()[pri:3, instance:CBS_Branch_CoreBankingService_FD.FD_PayMaturity@65b3a85a]" started-at="2025-12-27T17:01:35 IST" name="checkReport" finished-at="2025-12-27T17:01:35 IST" duration-ms="0" status="SKIP">
          <exception class="java.io.FileNotFoundException">
            <message>
              <![CDATA[C:\Users\Mahindarr\eclipse-workspace\CBS\CBS_Branch\configBranch.properties (The system cannot find the path specified)]]>
            </message>
            <full-stacktrace>
              <![CDATA[java.io.FileNotFoundException: C:\Users\Mahindarr\eclipse-workspace\CBS\CBS_Branch\configBranch.properties (The system cannot find the path specified)
at java.base/java.io.FileInputStream.open0(Native Method)
at java.base/java.io.FileInputStream.open(FileInputStream.java:213)
at java.base/java.io.FileInputStream.<init>(FileInputStream.java:152)
at java.base/java.io.FileInputStream.<init>(FileInputStream.java:106)
at LoginBranch.BaseLoginForAllBranchModules.login(BaseLoginForAllBranchModules.java:43)
at java.base/jdk.internal.reflect.DirectMethodHandleAccessor.invoke(DirectMethodHandleAccessor.java:103)
[...]
          <exception class="java.io.FileNotFoundException">
            <message>
              <![CDATA[C:\Users\Mahindarr\eclipse-workspace\CBS\CBS_Branch\configBranch.properties (The system cannot find the path specified)]]>
            </message>
            <full-stacktrace>
              <![CDATA[java.io.FileNotFoundException: C:\Users\Mahindarr\eclipse-workspace\CBS\CBS_Branch\configBranch.properties (The system cannot find the path specified)
at java.base/java.io.FileInputStream.open0(Native Method)
at java.base/java.io.FileInputStream.open(FileInputStream.java:213)
at java.base/java.io.FileInputStream.<init>(FileInputStream.java:152)
at java.base/java.io.FileInputStream.<init>(FileInputStream.java:106)
at LoginBranch.BaseLoginForAllBranchModules.login(BaseLoginForAllBranchModules.java:43)
at java.base/jdk.internal.reflect.DirectMethodHandleAccessor.invoke(DirectMethodHandleAccessor.java:103)
at java.base/java.lang.reflect.Method.invoke(Method.java:580)
at org.testng.internal.invokers.MethodInvocationHelper.invokeMethod(MethodInvocationHelper.java:141)
at org.testng.internal.invokers.MethodInvocationHelper.invokeMethodConsideringTimeout(MethodInvocationHelper.java:71)
at org.testng.internal.invokers.ConfigInvoker.invokeConfigurationMethod(ConfigInvoker.java:400)
at org.testng.internal.invokers.ConfigInvoker.invokeConfigurations(ConfigInvoker.java:333)
at org.testng.SuiteRunner.privateRun(SuiteRunner.java:358)
at org.testng.SuiteRunner.run(SuiteRunner.java:312)
at org.testng.SuiteRunnerWorker.runSuite(SuiteRunnerWorker.java:52)
at org.testng.SuiteRunnerWorker.run(SuiteRunnerWorker.java:95)
at org.testng.TestNG.runSuitesSequentially(TestNG.java:1274)
at org.testng.TestNG.runSuitesLocally(TestNG.java:1208)
at org.testng.TestNG.runSuites(TestNG.java:1112)
at org.testng.TestNG.run(TestNG.java:1079)
at org.testng.remote.AbstractRemoteTestNG.run(AbstractRemoteTestNG.java:115)
at org.testng.remote.RemoteTestNG.initAndRun(RemoteTestNG.java:293)
at org.testng.remote.RemoteTestNG.main(RemoteTestNG.java:91)
]]>
            </full-stacktrace>
          </exception> <!-- java.io.FileNotFoundException -->
          <reporter-output>
          </reporter-output>
        </test-method> <!-- MISInterestPay -->
        <test-method is-config="true" signature="takeScreenshotOnFailTestCase(org.testng.ITestResult)[pri:0, instance:CBS_Branch_Transactions.MIS_Interest_Pay@5af3a0f]" started-at="2025-12-27T17:01:35 IST" name="takeScreenshotOnFailTestCase" finished-at="2025-12-27T17:01:35 IST" duration-ms="1" status="PASS">
          <params>
            <param index="0">
              <value>
                <![CDATA[[TestResult name=MISInterestPay status=SKIP method=MIS_Interest_Pay.MISInterestPay()[pri:1, instance:CBS_Branch_Transactions.MIS_Interest_Pay@5af3a0f] output={null}]]]>
              </value>
            </param>
          </params>
          <reporter-output>
          </reporter-output>
        </test-method> <!-- takeScreenshotOnFailTestCase -->
      </class> <!-- CBS_Branch_Transactions.MIS_Interest_Pay -->
      <class name="CBS_Branch_CoreBankingService_SavingAccount.SB_OpeningANDSearchANDLedger">
        <test-method signature="createSBAccount()[pri:1, instance:CBS_Branch_CoreBankingService_SavingAccount.SB_OpeningANDSearchANDLedger@75f5fd58]" started-at="2025-12-27T17:01:36 IST" name="createSBAccount" finished-at="2025-12-27T17:01:36 IST" duration-ms="0" status="SKIP">
          <exception class="java.io.FileNotFoundException">
            <message>
              <![CDATA[C:\Users\Mahindarr\eclipse-workspace\CBS\CBS_Branch\configBranch.properties (The system cannot find the path specified)]]>
            </message>
            <full-stacktrace>
              <![CDATA[java.io.FileNotFoundException: C:\Users\Mahindarr\eclipse-workspace\CBS\CBS_Branch\configBranch.properties (The system cannot find the path specified)
at java.base/java.io.FileInputStream.open0(Native Method)
at java.base/java.io.FileInputStream.open(FileInputStream.java:213)
at java.base/java.io.FileInputStream.<init>(FileInputStream.java:152)
at java.base/java.io.FileInputStream.<init>(FileInputStream.java:106)
at LoginBranch.BaseLoginForAllBranchModules.login(BaseLoginForAllBranchModules.java:43)
at java.base/jdk.internal.reflect.DirectMethodHandleAccessor.invoke(DirectMethodHandleAccessor.java:103)
at java.base/java.lang.reflect.Method.invoke(Method.java:580)
at org.testng.internal.invokers.MethodInvocationHelper.invokeMethod(MethodInvocationHelper.java:141)
at org.testng.internal.invokers.MethodInvocationHelper.invokeMethodConsideringTimeout(MethodInvocationHelper.java:71)
at org.testng.internal.invokers.ConfigInvoker.invokeConfigurationMethod(ConfigInvoker.java:400)
at org.testng.internal.invokers.ConfigInvoker.invokeConfigurations(ConfigInvoker.java:333)
at org.testng.SuiteRunner.privateRun(SuiteRunner.java:358)
at org.testng.SuiteRunner.run(SuiteRunner.java:312)
at org.testng.SuiteRunnerWorker.runSuite(SuiteRunnerWorker.java:52)
at org.testng.SuiteRunnerWorker.run(SuiteRunnerWorker.java:95)
at org.testng.TestNG.runSuitesSequentially(TestNG.java:1274)
at org.testng.TestNG.runSuitesLocally(TestNG.java:1208)
at org.testng.TestNG.runSuites(TestNG.java:1112)
at org.testng.TestNG.run(TestNG.java:1079)
at org.testng.remote.AbstractRemoteTestNG.run(AbstractRemoteTestNG.java:115)
at org.testng.remote.RemoteTestNG.initAndRun(RemoteTestNG.java:293)
at org.testng.remote.RemoteTestNG.main(RemoteTestNG.java:91)
]]>
            </full-stacktrace>
          </exception> <!-- java.io.FileNotFoundException -->
          <reporter-output>
          </reporter-output>
        </test-method> <!-- createSBAccount -->
        <test-method is-config="true" signature="takeScreenshotOnFailTestCase(org.testng.ITestResult)[pri:0, instance:CBS_Branch_CoreBankingService_SavingAccount.SB_OpeningANDSearchANDLedger@75f5fd58]" started-at="2025-12-27T17:01:36 IST" name="takeScreenshotOnFailTestCase" finished-at="2025-12-27T17:01:36 IST" duration-ms="31" status="PASS">
          <params>
            <param index="0">
              <value>
                <![CDATA[[TestResult name=createSBAccount status=SKIP method=SB_OpeningANDSearchANDLedger.createSBAccount()[pri:1, instance:CBS_Branch_CoreBankingService_SavingAccount.SB_OpeningANDSearchANDLedger@75f5fd58] output={null}]]]>
              </value>
            </param>
          </params>
          <reporter-output>
          </reporter-output>
        </test-method> <!-- takeScreenshotOnFailTestCase -->
        <test-method signature="searchSBAccount()[pri:2, instance:CBS_Branch_CoreBankingService_SavingAccount.SB_OpeningANDSearchANDLedger@75f5fd58]" started-at="2025-12-27T17:01:37 IST" name="searchSBAccount" finished-at="2025-12-27T17:01:37 IST" depends-on-methods="CBS_Branch_CoreBankingService_SavingAccount.SB_OpeningANDSearchANDLedger.createSBAccount" duration-ms="0" status="SKIP">
          <exception class="java.lang.Throwable">
            <message>
              <![CDATA[Method CBS_Branch_CoreBankingService_SavingAccount.SB_OpeningANDSearchANDLedger.searchSBAccount() on instance CBS_Branch_CoreBankingService_SavingAccount.SB_OpeningANDSearchANDLedger@75f5fd58 depends on not successfully finished methods 
[CBS_Branch_CoreBankingService_SavingAccount.SB_OpeningANDSearchANDLedger.createSBAccount() on instance CBS_Branch_CoreBankingService_SavingAccount.SB_OpeningANDSearchANDLedger@75f5fd58]]]>
            </message>
            <full-stacktrace>
              <![CDATA[java.lang.Throwable: Method CBS_Branch_CoreBankingService_SavingAccount.SB_OpeningANDSearchANDLedger.searchSBAccount() on instance CBS_Branch_CoreBankingService_SavingAccount.SB_OpeningANDSearchANDLedger@75f5fd58 depends on not successfully finished methods 
[CBS_Branch_CoreBankingService_SavingAccount.SB_OpeningANDSearchANDLedger.createSBAccount() on instance CBS_Branch_CoreBankingService_SavingAccount.SB_OpeningANDSearchANDLedger@75f5fd58]
at org.testng.internal.invokers.TestInvoker.invokeTestMethods(TestInvoker.java:159)
at org.testng.internal.invokers.TestMethodWorker.invokeTestMethods(TestMethodWorker.java:154)
at org.testng.internal.invokers.TestMethodWorker.run(TestMethodWorker.java:134)
at java.base/java.util.concurrent.Executors$RunnableAdapter.call(Executors.java:572)
at java.base/java.util.concurrent.FutureTask.run(FutureTask.java:317)
at org.testng.internal.thread.graph.TestNGFutureTask.run(TestNGFutureTask.java:22)
at java.base/java.util.concurrent.ThreadPoolExecutor.runWorker(ThreadPoolExecutor.java:1144)
at java.base/java.util.concurrent.ThreadPoolExecutor$Worker.run(ThreadPoolExecutor.java:642)
at java.base/java.lang.Thread.run(Thread.java:1583)
]]>
            </full-stacktrace>
          </exception> <!-- java.lang.Throwable -->
          <reporter-output>
          </reporter-output>
        </test-method> <!-- searchSBAccount -->
        <test-method signature="addFund()[pri:3, instance:CBS_Branch_CoreBankingService_SavingAccount.SB_OpeningANDSearchANDLedger@75f5fd58]" started-at="2025-12-27T17:01:37 IST" name="addFund" finished-at="2025-12-27T17:01:37 IST" depends-on-methods="CBS_Branch_CoreBankingService_SavingAccount.SB_OpeningANDSearchANDLedger.searchSBAccount" duration-ms="0" status="SKIP">
          <exception class="java.lang.Throwable">
            <message>
              <![CDATA[Method CBS_Branch_CoreBankingService_SavingAccount.SB_OpeningANDSearchANDLedger.addFund() on instance CBS_Branch_CoreBankingService_SavingAccount.SB_OpeningANDSearchANDLedger@75f5fd58 depends on not successfully finished methods 
[CBS_Branch_CoreBankingService_SavingAccount.SB_OpeningANDSearchANDLedger.searchSBAccount() on instance CBS_Branch_CoreBankingService_SavingAccount.SB_OpeningANDSearchANDLedger@75f5fd58]]]>
            </message>
            <full-stacktrace>
              <![CDATA[java.lang.Throwable: Method CBS_Branch_CoreBankingService_SavingAccount.SB_OpeningANDSearchANDLedger.addFund() on instance CBS_Branch_CoreBankingService_SavingAccount.SB_OpeningANDSearchANDLedger@75f5fd58 depends on not successfully finished methods 
[CBS_Branch_CoreBankingService_SavingAccount.SB_OpeningANDSearchANDLedger.searchSBAccount() on instance CBS_Branch_CoreBankingService_SavingAccount.SB_OpeningANDSearchANDLedger@75f5fd58]
at org.testng.internal.invokers.TestInvoker.invokeTestMethods(TestInvoker.java:159)
at org.testng.internal.invokers.TestMethodWorker.invokeTestMethods(TestMethodWorker.java:154)
at org.testng.internal.invokers.TestMethodWorker.run(TestMethodWorker.java:134)
at java.base/java.util.concurrent.Executors$RunnableAdapter.call(Executors.java:572)
at java.base/java.util.concurrent.FutureTask.run(FutureTask.java:317)
at org.testng.internal.thread.graph.TestNGFutureTask.run(TestNGFutureTask.java:22)
at java.base/java.util.concurrent.ThreadPoolExecutor.runWorker(ThreadPoolExecutor.java:1144)
at java.base/java.util.concurrent.ThreadPoolExecutor$Worker.run(ThreadPoolExecutor.java:642)
at java.base/java.lang.Thread.run(Thread.java:1583)
]]>
            </full-stacktrace>
          </exception> <!-- java.lang.Throwable -->
          <reporter-output>
          </reporter-output>
        </test-method> <!-- addFund -->
        <test-method signature="viewSBLedger()[pri:4, instance:CBS_Branch_CoreBankingService_SavingAccount.SB_OpeningANDSearchANDLedger@75f5fd58]" started-at="2025-12-27T17:01:37 IST" name="viewSBLedger" finished-at="2025-12-27T17:01:37 IST" depends-on-methods="CBS_Branch_CoreBankingService_SavingAccount.SB_OpeningANDSearchANDLedger.addFund" duration-ms="0" status="SKIP">
          <exception class="java.lang.Throwable">
            <message>
              <![CDATA[Method CBS_Branch_CoreBankingService_SavingAccount.SB_OpeningANDSearchANDLedger.viewSBLedger() on instance CBS_Branch_CoreBankingService_SavingAccount.SB_OpeningANDSearchANDLedger@75f5fd58 depends on not successfully finished methods 
[CBS_Branch_CoreBankingService_SavingAccount.SB_OpeningANDSearchANDLedger.addFund() on instance CBS_Branch_CoreBankingService_SavingAccount.SB_OpeningANDSearchANDLedger@75f5fd58]]]>
            </message>
            <full-stacktrace>
              <![CDATA[java.lang.Throwable: Method CBS_Branch_CoreBankingService_SavingAccount.SB_OpeningANDSearchANDLedger.viewSBLedger() on instance CBS_Branch_CoreBankingService_SavingAccount.SB_OpeningANDSearchANDLedger@75f5fd58 depends on not successfully finished methods 
[CBS_Branch_CoreBankingService_SavingAccount.SB_OpeningANDSearchANDLedger.addFund() on instance CBS_Branch_CoreBankingService_SavingAccount.SB_OpeningANDSearchANDLedger@75f5fd58]
at org.testng.internal.invokers.TestInvoker.invokeTestMethods(TestInvoker.java:159)
at org.testng.internal.invokers.TestMethodWorker.invokeTestMethods(TestMethodWorker.java:154)
at org.testng.internal.invokers.TestMethodWorker.run(TestMethodWorker.java:134)
at java.base/java.util.concurrent.Executors$RunnableAdapter.call(Executors.java:572)
at java.base/java.util.concurrent.FutureTask.run(FutureTask.java:317)
at org.testng.internal.thread.graph.TestNGFutureTask.run(TestNGFutureTask.java:22)
at java.base/java.util.concurrent.ThreadPoolExecutor.runWorker(ThreadPoolExecutor.java:1144)
at java.base/java.util.concurrent.ThreadPoolExecutor$Worker.run(ThreadPoolExecutor.java:642)
at java.base/java.lang.Thread.run(Thread.java:1583)
]]>
            </full-stacktrace>
          </exception> <!-- java.lang.Throwable -->
          <reporter-output>
          </reporter-output>
        </test-method> <!-- viewSBLedger -->
        <test-method signature="CloseSBAccount()[pri:5, instance:CBS_Branch_CoreBankingService_SavingAccount.SB_OpeningANDSearchANDLedger@75f5fd58]" started-at="2025-12-27T17:01:37 IST" name="CloseSBAccount" finished-at="2025-12-27T17:01:37 IST" depends-on-methods="CBS_Branch_CoreBankingService_SavingAccount.SB_OpeningANDSearchANDLedger.viewSBLedger" duration-ms="0" status="SKIP">
          <exception class="java.lang.Throwable">
            <message>
              <![CDATA[Method CBS_Branch_CoreBankingService_SavingAccount.SB_OpeningANDSearchANDLedger.CloseSBAccount() on instance CBS_Branch_CoreBankingService_SavingAccount.SB_OpeningANDSearchANDLedger@75f5fd58 depends on not successfully finished methods 
[CBS_Branch_CoreBankingService_SavingAccount.SB_OpeningANDSearchANDLedger.viewSBLedger() on instance CBS_Branch_CoreBankingService_SavingAccount.SB_OpeningANDSearchANDLedger@75f5fd58]]]>
            </message>
            <full-stacktrace>
              <![CDATA[java.lang.Throwable: Method CBS_Branch_CoreBankingService_SavingAccount.SB_OpeningANDSearchANDLedger.CloseSBAccount() on instance CBS_Branch_CoreBankingService_SavingAccount.SB_OpeningANDSearchANDLedger@75f5fd58 depends on not successfully finished methods 
[CBS_Branch_CoreBankingService_SavingAccount.SB_OpeningANDSearchANDLedger.viewSBLedger() on instance CBS_Branch_CoreBankingService_SavingAccount.SB_OpeningANDSearchANDLedger@75f5fd58]
at org.testng.internal.invokers.TestInvoker.invokeTestMethods(TestInvoker.java:159)
at org.testng.internal.invokers.TestMethodWorker.invokeTestMethods(TestMethodWorker.java:154)
at org.testng.internal.invokers.TestMethodWorker.run(TestMethodWorker.java:134)
at java.base/java.util.concurrent.Executors$RunnableAdapter.call(Executors.java:572)
at java.base/java.util.concurrent.FutureTask.run(FutureTask.java:317)
at org.testng.internal.thread.graph.TestNGFutureTask.run(TestNGFutureTask.java:22)
at java.base/java.util.concurrent.ThreadPoolExecutor.runWorker(ThreadPoolExecutor.java:1144)
at java.base/java.util.concurrent.ThreadPoolExecutor$Worker.run(ThreadPoolExecutor.java:642)
at java.base/java.lang.Thread.run(Thread.java:1583)
]]>
            </full-stacktrace>
          </exception> <!-- java.lang.Throwable -->
          <reporter-output>
          </reporter-output>
        </test-method> <!-- CloseSBAccount -->
      </class> <!-- CBS_Branch_CoreBankingService_SavingAccount.SB_OpeningANDSearchANDLedger -->
      <class name="CBS_Branch_Loan_GoldLoan.Disbursement_Gold_Loan_Applications">
        <test-method signature="Disbursement_Gold_Loan_Applications_Actions()[pri:1, instance:CBS_Branch_Loan_GoldLoan.Disbursement_Gold_Loan_Applications@f73dcd6]" started-at="2025-12-27T17:01:35 IST" name="Disbursement_Gold_Loan_Applications_Actions" finished-at="2025-12-27T17:01:35 IST" duration-ms="0" status="SKIP">
          <exception class="java.io.FileNotFoundException">
            <message>
              <![CDATA[C:\Users\Mahindarr\eclipse-workspace\CBS\CBS_Branch\configBranch.properties (The system cannot find the path specified)]]>
            </message>
            <full-stacktrace>
              <![CDATA[java.io.FileNotFoundException: C:\Users\Mahindarr\eclipse-workspace\CBS\CBS_Branch\configBranch.properties (The system cannot find the path specified)
at java.base/java.io.FileInputStream.open0(Native Method)
at java.base/java.io.FileInputStream.open(FileInputStream.java:213)
at java.base/java.io.FileInputStream.<init>(FileInputStream.java:152)
at java.base/java.io.FileInputStream.<init>(FileInputStream.java:106)
at LoginBranch.BaseLoginForAllBranchModules.login(BaseLoginForAllBranchModules.java:43)
at java.base/jdk.internal.reflect.DirectMethodHandleAccessor.invoke(DirectMethodHandleAccessor.java:103)
at java.base/java.lang.reflect.Method.invoke(Method.java:580)
at org.testng.internal.invokers.MethodInvocationHelper.invokeMethod(MethodInvocationHelper.java:141)
at org.testng.internal.invokers.MethodInvocationHelper.invokeMethodConsideringTimeout(MethodInvocationHelper.java:71)
at org.testng.internal.invokers.ConfigInvoker.invokeConfigurationMethod(ConfigInvoker.java:400)
at org.testng.internal.invokers.ConfigInvoker.invokeConfigurations(ConfigInvoker.java:333)
at org.testng.SuiteRunner.privateRun(SuiteRunner.java:358)
at org.testng.SuiteRunner.run(SuiteRunner.java:312)
at org.testng.SuiteRunnerWorker.runSuite(SuiteRunnerWorker.java:52)
at org.testng.SuiteRunnerWorker.run(SuiteRunnerWorker.java:95)
at org.testng.TestNG.runSuitesSequentially(TestNG.java:1274)
at org.testng.TestNG.runSuitesLocally(TestNG.java:1208)
at org.testng.TestNG.runSuites(TestNG.java:1112)
at org.testng.TestNG.run(TestNG.java:1079)
at org.testng.remote.AbstractRemoteTestNG.run(AbstractRemoteTestNG.java:115)
at org.testng.remote.RemoteTestNG.initAndRun(RemoteTestNG.java:293)
at org.testng.remote.RemoteTestNG.main(RemoteTestNG.java:91)
]]>
            </full-stacktrace>
          </exception> <!-- java.io.FileNotFoundException -->
          <reporter-output>
          </reporter-output>
        </test-method> <!-- Disbursement_Gold_Loan_Applications_Actions -->
        <test-method is-config="true" signature="takeScreenshotOnFailTestCase(org.testng.ITestResult)[pri:0, instance:CBS_Branch_Loan_GoldLoan.Disbursement_Gold_Loan_Applications@f73dcd6]" started-at="2025-12-27T17:01:35 IST" name="takeScreenshotOnFailTestCase" finished-at="2025-12-27T17:01:35 IST" duration-ms="19" status="PASS">
          <params>
            <param index="0">
              <value>
                <![CDATA[[TestResult name=Disbursement_Gold_Loan_Applications_Actions status=SKIP method=Disbursement_Gold_Loan_Applications.Disbursement_Gold_Loan_Applications_Actions()[pri:1, instance:CBS_Branch_Loan_GoldLoan.Disbursement_Gold_Loan_Applications@f73dcd6] output={null}]]]>
              </value>
            </param>
          </params>
          <reporter-output>
          </reporter-output>
        </test-method> <!-- takeScreenshotOnFailTestCase -->
      </class> <!-- CBS_Branch_Loan_GoldLoan.Disbursement_Gold_Loan_Applications -->
    </test> <!-- BranchParallelTest -->
  </suite> <!-- Suite -->
</testng-results>
