<?xml version="1.0" encoding="UTF-8"?>
<testng-results ignored="0" total="1" passed="1" failed="0" skipped="0">
  <reporter-output>
  </reporter-output>
  <suite started-at="2026-02-05T20:01:20 IST" name="Default suite" finished-at="2026-02-05T20:01:45 IST" duration-ms="24518">
    <groups>
    </groups>
    <test started-at="2026-02-05T20:01:20 IST" name="Default test" finished-at="2026-02-05T20:01:45 IST" duration-ms="24518">
      <class name="SelenumCode.CheckPriceRange">
        <test-method is-config="true" signature="setup()[pri:0, instance:SelenumCode.CheckPriceRange@51dcb805]" started-at="2026-02-05T20:01:20 IST" name="setup" finished-at="2026-02-05T20:01:31 IST" duration-ms="10964" status="PASS">
          <reporter-output>
          </reporter-output>
        </test-method> <!-- setup -->
        <test-method signature="LowToHigh()[pri:1, instance:SelenumCode.CheckPriceRange@51dcb805]" started-at="2026-02-05T20:01:31 IST" name="LowToHigh" finished-at="2026-02-05T20:01:45 IST" duration-ms="13218" status="PASS">
          <reporter-output>
          </reporter-output>
        </test-method> <!-- LowToHigh -->
        <test-method is-config="true" signature="exit()[pri:0, instance:SelenumCode.CheckPriceRange@51dcb805]" started-at="2026-02-05T20:01:45 IST" name="exit" finished-at="2026-02-05T20:01:45 IST" duration-ms="223" status="PASS">
          <reporter-output>
          </reporter-output>
        </test-method> <!-- exit -->
      </class> <!-- SelenumCode.CheckPriceRange -->
    </test> <!-- Default test -->
  </suite> <!-- Default suite -->
</testng-results>
