<?xml version="1.0" encoding="UTF-8"?>
<testng-results ignored="0" total="1" passed="1" failed="0" skipped="0">
  <reporter-output>
  </reporter-output>
  <suite started-at="2025-12-27T02:50:53 IST" name="Default suite" finished-at="2025-12-27T02:51:24 IST" duration-ms="31454">
    <groups>
    </groups>
    <test started-at="2025-12-27T02:50:53 IST" name="Default test" finished-at="2025-12-27T02:51:24 IST" duration-ms="31454">
      <class name="SelenumCode.AutomatePriceRange">
        <test-method is-config="true" signature="setup()[pri:0, instance:SelenumCode.AutomatePriceRange@a3d8174]" started-at="2025-12-27T02:50:53 IST" name="setup" finished-at="2025-12-27T02:51:08 IST" duration-ms="14690" status="PASS">
          <reporter-output>
          </reporter-output>
        </test-method> <!-- setup -->
        <test-method signature="checkProductPriceRange()[pri:0, instance:SelenumCode.AutomatePriceRange@a3d8174]" started-at="2025-12-27T02:51:08 IST" name="checkProductPriceRange" finished-at="2025-12-27T02:51:24 IST" duration-ms="16102" status="PASS">
          <reporter-output>
          </reporter-output>
        </test-method> <!-- checkProductPriceRange -->
        <test-method is-config="true" signature="takeScreenShotIfFail(org.testng.ITestResult)[pri:0, instance:SelenumCode.AutomatePriceRange@a3d8174]" started-at="2025-12-27T02:51:24 IST" name="takeScreenShotIfFail" finished-at="2025-12-27T02:51:24 IST" duration-ms="188" status="PASS">
          <params>
            <param index="0">
              <value>
                <![CDATA[[TestResult name=checkProductPriceRange status=SUCCESS method=AutomatePriceRange.checkProductPriceRange()[pri:0, instance:SelenumCode.AutomatePriceRange@a3d8174] output={null}]]]>
              </value>
            </param>
          </params>
          <reporter-output>
          </reporter-output>
        </test-method> <!-- takeScreenShotIfFail -->
        <test-method is-config="true" signature="exit()[pri:0, instance:SelenumCode.AutomatePriceRange@a3d8174]" started-at="2025-12-27T02:51:24 IST" name="exit" finished-at="2025-12-27T02:51:24 IST" duration-ms="363" status="PASS">
          <reporter-output>
          </reporter-output>
        </test-method> <!-- exit -->
      </class> <!-- SelenumCode.AutomatePriceRange -->
    </test> <!-- Default test -->
  </suite> <!-- Default suite -->
</testng-results>
