<?xml version="1.0" encoding="UTF-8"?>
<!-- Generated by org.testng.reporters.JUnitXMLReporter -->
<testsuite ignored="0" hostname="DESKTOP-DF4USC7" failures="0" tests="3" name="Default test" time="53.724" errors="0" timestamp="2026-02-10T19:21:04 IST">
  <testcase classname="ECommerceSiteTest.CheckoutFlowTest" name="addToCartTestCase" time="4.633"/>
  <testcase classname="ECommerceSiteTest.CheckoutFlowTest" name="checkoutForm" time="2.551"/>
  <testcase classname="ECommerceSiteTest.CheckoutFlowTest" name="checkPrices" time="31.496"/>
</testsuite> <!-- Default test -->
