<?xml version="1.0" encoding="UTF-8"?>
<!-- Generated by org.testng.reporters.JUnitXMLReporter -->
<testsuite ignored="246" hostname="DESKTOP-DF4USC7" failures="0" tests="279" name="BranchParallelTest" time="7.488" errors="0" timestamp="2025-12-27T17:01:41 IST">
  <testcase classname="LoginBranch.BaseLoginForAllBranchModules" name="@BeforeSuite login" time="0.029">
    <failure type="java.io.FileNotFoundException" message="C:\Users\Mahindarr\eclipse-workspace\CBS\CBS_Branch\configBranch.properties (The system cannot find the path specified)">
      <![CDATA[java.io.FileNotFoundException: C:\Users\Mahindarr\eclipse-workspace\CBS\CBS_Branch\configBranch.properties (The system cannot find the path specified)
at java.base/java.io.FileInputStream.open0(Native Method)
at java.base/java.io.FileInputStream.open(FileInputStream.java:213)
at java.base/java.io.FileInputStream.<init>(FileInputStream.java:152)
at java.base/java.io.FileInputStream.<init>(FileInputStream.java:106)
at LoginBranch.BaseLoginForAllBranchModules.login(BaseLoginForAllBranchModules.java:43)
... Removed 17 stack frames]]>
    </failure>
  </testcase> <!-- @BeforeSuite login -->
  <testcase classname="CBS_Branch_CoreBankingService_OD.Closer_OD_Account" name="@AfterClass exit" time="0.0">
    <skipped/>
  </testcase> <!-- @AfterClass exit -->
  <testcase classname="CBS_Branch_CoreBankingService_OD.OD_Ledger" name="@AfterClass exit" time="0.0">
    <skipped/>
  </testcase> <!-- @AfterClass exit -->
  <testcase classname="CBS_Branch_CoreBankingService_OD.Add_OD_Account_Amount" name="@BeforeClass setup" time="0.0">
    <skipped/>
  </testcase> <!-- @BeforeClass setup -->
  <testcase classname="CBS_Branch_CoreBankingService_OD.Add_OD_Account_Amount" name="@AfterClass exit" time="0.0">
    <skipped/>
  </testcase> <!-- @AfterClass exit -->
  <testcase classname="CBS_Branch_CoreBankingService_SharePayment.Share_Ledger" name="@BeforeClass setup" time="0.0">
    <skipped/>
  </testcase> <!-- @BeforeClass setup -->
  <testcase classname="CBS_Branch_CoreBankingService_SharePayment.Share_Ledger" name="@AfterClass exit" time="0.0">
    <skipped/>
  </testcase> <!-- @AfterClass exit -->
  <testcase classname="CBS_Branch_CoreBankingService_OD.OD_Account_OpeningANDView" name="@BeforeClass setUp" time="5.987">
    <failure type="java.io.FileNotFoundException" message="C:\Users\Shree\eclipse-workspace\CBS_Branch\configBranch.properties (The system cannot find the path specified)">
      <![CDATA[java.io.FileNotFoundException: C:\Users\Shree\eclipse-workspace\CBS_Branch\configBranch.properties (The system cannot find the path specified)
at java.base/java.io.FileInputStream.open0(Native Method)
at java.base/java.io.FileInputStream.open(FileInputStream.java:213)
at java.base/java.io.FileInputStream.<init>(FileInputStream.java:152)
at java.base/java.io.FileInputStream.<init>(FileInputStream.java:106)
at PropertiesCodeForBranch.BranchCode.<init>(BranchCode.java:24)
at CBS_Branch_CoreBankingService_OD.OD_Account_OpeningANDView.setUp(OD_Account_OpeningANDView.java:35)
at java.base/java.util.concurrent.Executors$RunnableAdapter.call(Executors.java:572)
at java.base/java.util.concurrent.FutureTask.run(FutureTask.java:317)
at java.base/java.util.concurrent.ThreadPoolExecutor.runWorker(ThreadPoolExecutor.java:1144)
at java.base/java.util.concurrent.ThreadPoolExecutor$Worker.run(ThreadPoolExecutor.java:642)
at java.base/java.lang.Thread.run(Thread.java:1583)
... Removed 9 stack frames]]>
    </failure>
  </testcase> <!-- @BeforeClass setUp -->
  <testcase classname="CBS_Branch_CoreBankingService_OD.OD_Account_OpeningANDView" name="@AfterClass exit" time="0.0">
    <skipped/>
  </testcase> <!-- @AfterClass exit -->
  <testcase classname="CheckAllLinks.Links" name="checkLink" time="0.0">
    <skipped/>
  </testcase> <!-- checkLink -->
  <testcase classname="CBS_Branch_Loan_IndividualLoan.LoanCycle_Create_ViewApproval" name="ApplyIndivdualLoan" time="0.001">
    <skipped/>
  </testcase> <!-- ApplyIndivdualLoan -->
  <testcase classname="CBS_Branch_CustomerEnrollment.AccountPermission" name="ACPermission" time="0.0">
    <skipped/>
  </testcase> <!-- ACPermission -->
  <testcase classname="CBS_Branch_Loan_IndividualLoan.LoanCycle_Create_ViewApproval" name="viewApplyLoan" time="0.0">
    <skipped/>
  </testcase> <!-- viewApplyLoan -->
  <testcase classname="CBS_Branch_CustomerEnrollment.Customer_Account_Details" name="AccountDetails" time="0.0">
    <skipped/>
  </testcase> <!-- AccountDetails -->
  <testcase classname="CBS_Branch_Loan_IndividualLoan.LoanCycle_Create_ViewApproval" name="Pending_Loan_For_Approval_Actions" time="0.0">
    <skipped/>
  </testcase> <!-- Pending_Loan_For_Approval_Actions -->
  <testcase classname="CBS_Branch_CustomerEnrollment.CustomerBankDetailsANDView" name="AddBankDetails" time="0.0">
    <skipped/>
  </testcase> <!-- AddBankDetails -->
  <testcase classname="CBS_Branch_Loan_IndividualLoan.LoanCycle_Create_ViewApproval" name="ApplicationInfo" time="0.0">
    <skipped/>
  </testcase> <!-- ApplicationInfo -->
  <testcase classname="CBS_Branch_Loan_IndividualLoan.LoanCycle_Create_ViewApproval" name="Co_Application" time="0.0">
    <skipped/>
  </testcase> <!-- Co_Application -->
  <testcase classname="CBS_Branch_Transactions.AccountTransaction" name="AccountTransaction_Navigation" time="0.0">
    <skipped/>
  </testcase> <!-- AccountTransaction_Navigation -->
  <testcase classname="CBS_Branch_Transactions.AccountTransaction" name="RejectTransaction" time="0.0">
    <skipped/>
  </testcase> <!-- RejectTransaction -->
  <testcase classname="CBS_Branch_CreditServiceCenter.Add_Credit_Service_Center_And_View_Credit_Request" name="Add_Credit_Service_Center_Navigation" time="0.0">
    <skipped/>
  </testcase> <!-- Add_Credit_Service_Center_Navigation -->
  <testcase classname="CBS_Branch_CustomerEnrollment.CustomerBankDetailsANDView" name="viewBankDetails" time="0.0">
    <skipped/>
  </testcase> <!-- viewBankDetails -->
  <testcase classname="CBS_Branch_CreditServiceCenter.Add_Credit_Service_Center_And_View_Credit_Request" name="Add_Credit_Service_Center_Actions" time="0.0">
    <skipped/>
  </testcase> <!-- Add_Credit_Service_Center_Actions -->
  <testcase classname="CBS_Branch_CreditServiceCenter.Add_Credit_Service_Center_And_View_Credit_Request" name="view_Credit_Request" time="0.0">
    <skipped/>
  </testcase> <!-- view_Credit_Request -->
  <testcase classname="CBS_Branch_Loan_IndividualLoan.LoanCycle_Create_ViewApproval" name="uploadDocument" time="0.001">
    <skipped/>
  </testcase> <!-- uploadDocument -->
  <testcase classname="CBS_Branch_Loan_IndividualLoan.Apply_Loan_Reducing_ROI" name="Apply_Individual" time="0.0">
    <skipped/>
  </testcase> <!-- Apply_Individual -->
  <testcase classname="CBS_Branch_Loan_IndividualLoan.LoanCycle_Create_ViewApproval" name="PDC_NACH_Details1" time="0.0">
    <skipped/>
  </testcase> <!-- PDC_NACH_Details1 -->
  <testcase classname="CBS_Branch_Loan_IndividualLoan.LoanCycle_Create_ViewApproval" name="Bank_Account" time="0.0">
    <skipped/>
  </testcase> <!-- Bank_Account -->
  <testcase classname="CBS_Branch_Loan_IndividualLoan.Apply_Loan_FLAT_ROI" name="Apply_Individual" time="0.0">
    <skipped/>
  </testcase> <!-- Apply_Individual -->
  <testcase classname="CBS_Branch_CoreBankingService_OD.Closer_OD_Account" name="ClosureODAccount" time="0.0">
    <skipped/>
  </testcase> <!-- ClosureODAccount -->
  <testcase classname="CBS_Branch_CoreBankingService_SavingAccount.Closure_SB_Accounts" name="Closure_SB" time="0.0">
    <skipped/>
  </testcase> <!-- Closure_SB -->
  <testcase classname="CBS_Branch_Loan_IndividualLoan.LoanCycle_Create_ViewApproval" name="ExistingLoan" time="0.0">
    <skipped/>
  </testcase> <!-- ExistingLoan -->
  <testcase classname="CBS_Branch_Loan_IndividualLoan.LoanCycle_Create_ViewApproval" name="CreditCardDetails" time="0.0">
    <skipped/>
  </testcase> <!-- CreditCardDetails -->
  <testcase classname="CBS_Branch_Loan_IndividualLoan.LoanCycle_Create_ViewApproval" name="ReferenceDetails" time="0.0">
    <skipped/>
  </testcase> <!-- ReferenceDetails -->
  <testcase classname="CBS_Branch_Transactions.Cheque_Clearance" name="Cheque_Clearance_Navigation" time="0.0">
    <skipped/>
  </testcase> <!-- Cheque_Clearance_Navigation -->
  <testcase classname="CBS_Branch_Transactions.Cheque_Clearance" name="AssignChequeFunctionality" time="0.0">
    <skipped/>
  </testcase> <!-- AssignChequeFunctionality -->
  <testcase classname="CBS_Branch_CoreBankingService_SavingAccount.Closure_SB_Accounts" name="checkAccountStatus" time="0.0">
    <skipped/>
  </testcase> <!-- checkAccountStatus -->
  <testcase classname="CBS_Branch_CustomerEnrollment.Create_ViewCenter" name="CreateCenter" time="0.0">
    <skipped/>
  </testcase> <!-- CreateCenter -->
  <testcase classname="CBS_Branch_Loan_IndividualLoan.LoanCycle_Create_ViewApproval" name="collateralDetails" time="0.0">
    <skipped/>
  </testcase> <!-- collateralDetails -->
  <testcase classname="CBS_Branch_CoreBankingService_CurrentAccount.Clouser_Current_Account" name="ClouserCurrentAccount" time="0.001">
    <skipped/>
  </testcase> <!-- ClouserCurrentAccount -->
  <testcase classname="CBS_Branch_CoreBankingService_CurrentAccount.Clouser_Current_Account" name="checkAccountStatus" time="0.0">
    <skipped/>
  </testcase> <!-- checkAccountStatus -->
  <testcase classname="CBS_Branch_Loan_GoldLoan.Create_NewLoan_ViewGoldLoan_Disbursment" name="CreateGoldLoan_Actions" time="0.0">
    <skipped/>
  </testcase> <!-- CreateGoldLoan_Actions -->
  <testcase classname="CBS_Branch_Loan_GoldLoan.Create_NewLoan_ViewGoldLoan_Disbursment" name="viewGoldLoanApplication" time="0.0">
    <skipped/>
  </testcase> <!-- viewGoldLoanApplication -->
  <testcase classname="CBS_Branch_CustomerEnrollment.Create_ViewCenter" name="viewCenter" time="0.0">
    <skipped/>
  </testcase> <!-- viewCenter -->
  <testcase classname="CBS_Branch_Loan_GoldLoan.Create_NewLoan_ViewGoldLoan_Disbursment" name="Form1" time="0.0">
    <skipped/>
  </testcase> <!-- Form1 -->
  <testcase classname="CBS_Branch_CustomerEnrollment.Create_Customer" name="Create_Customer_Navigation" time="0.0">
    <skipped/>
  </testcase> <!-- Create_Customer_Navigation -->
  <testcase classname="CBS_Branch_Loan_IndividualLoan.LoanCycle_Create_ViewApproval" name="insuranceDetails" time="0.001">
    <skipped/>
  </testcase> <!-- insuranceDetails -->
  <testcase classname="CBS_Branch_CustomerEnrollment.Create_Customer" name="ContactDetails" time="0.0">
    <skipped/>
  </testcase> <!-- ContactDetails -->
  <testcase classname="CBS_Branch_CustomerEnrollment.Create_Customer" name="PermenetAddressDetails" time="0.0">
    <skipped/>
  </testcase> <!-- PermenetAddressDetails -->
  <testcase classname="CBS_Branch_Loan_IndividualLoan.LoanCycle_Create_ViewApproval" name="vehicalDetails" time="0.0">
    <skipped/>
  </testcase> <!-- vehicalDetails -->
  <testcase classname="CBS_Branch_Loan_GoldLoan.Create_NewLoan_ViewGoldLoan_Disbursment" name="Form2" time="0.001">
    <skipped/>
  </testcase> <!-- Form2 -->
  <testcase classname="CBS_Branch_CustomerEnrollment.Create_Customer" name="nomineeDetails" time="0.0">
    <skipped/>
  </testcase> <!-- nomineeDetails -->
  <testcase classname="CBS_Branch_Loan_IndividualLoan.LoanCycle_Create_ViewApproval" name="CIBILVerfication" time="0.0">
    <skipped/>
  </testcase> <!-- CIBILVerfication -->
  <testcase classname="CBS_Branch_Loan_IndividualLoan.LoanCycle_Create_ViewApproval" name="AddressVerification" time="0.0">
    <skipped/>
  </testcase> <!-- AddressVerification -->
  <testcase classname="CBS_Branch_Loan_IndividualLoan.LoanCycle_Create_ViewApproval" name="DocumentVerification" time="0.0">
    <skipped/>
  </testcase> <!-- DocumentVerification -->
  <testcase classname="CBS_Branch_Loan_IndividualLoan.LoanCycle_Create_ViewApproval" name="printDouments" time="0.0">
    <skipped/>
  </testcase> <!-- printDouments -->
  <testcase classname="CBS_Branch_CustomerEnrollment.Create_Customer" name="identityDetails" time="0.0">
    <skipped/>
  </testcase> <!-- identityDetails -->
  <testcase classname="CBS_Branch_CustomerEnrollment.Create_Customer" name="uploadDocumnet" time="0.0">
    <skipped/>
  </testcase> <!-- uploadDocumnet -->
  <testcase classname="CBS_Branch_CustomerEnrollment.Create_Customer" name="introducerDetails" time="0.001">
    <skipped/>
  </testcase> <!-- introducerDetails -->
  <testcase classname="CBS_Branch_Loan_GoldLoan.Create_NewLoan_ViewGoldLoan_Disbursment" name="form3" time="0.0">
    <skipped/>
  </testcase> <!-- form3 -->
  <testcase classname="CBS_Branch_Loan_IndividualLoan.LoanCycle_Create_ViewApproval" name="PaymentSetting" time="0.0">
    <skipped/>
  </testcase> <!-- PaymentSetting -->
  <testcase classname="CBS_Branch_Loan_GoldLoan.Create_NewLoan_ViewGoldLoan_Disbursment" name="DisburseFromVoucher" time="0.0">
    <skipped/>
  </testcase> <!-- DisburseFromVoucher -->
  <testcase classname="CBS_Branch_Transactions.Credit_Request" name="Credit_Request_Navigation" time="0.0">
    <skipped/>
  </testcase> <!-- Credit_Request_Navigation -->
  <testcase classname="CBS_Branch_Loan_IndividualLoan.LoanCycle_Create_ViewApproval" name="addProductDetails" time="0.0">
    <skipped/>
  </testcase> <!-- addProductDetails -->
  <testcase classname="CBS_Branch_Loan_GoldLoan.Disbursement_Gold_Loan_Applications" name="Disbursement_Gold_Loan_Applications_Actions" time="0.0">
    <skipped/>
  </testcase> <!-- Disbursement_Gold_Loan_Applications_Actions -->
  <testcase classname="CBS_Branch_CoreBankingService_FD.FD_Calculator" name="FDCalculator" time="0.0">
    <skipped/>
  </testcase> <!-- FDCalculator -->
  <testcase classname="CBS_Branch_Loan_IndividualLoan.LoanCycle_Create_ViewApproval" name="NavigateToAdmin" time="0.0">
    <skipped/>
  </testcase> <!-- NavigateToAdmin -->
  <testcase classname="CBS_Branch_Loan_IndividualLoan.LoanCycle_Create_ViewApproval" name="ApprovePendingLoan" time="0.0">
    <skipped/>
  </testcase> <!-- ApprovePendingLoan -->
  <testcase classname="CBS_Branch_Loan_IndividualLoan.LoanCycle_Create_ViewApproval" name="LoginInToBranchAgain" time="0.0">
    <skipped/>
  </testcase> <!-- LoginInToBranchAgain -->
  <testcase classname="CBS_Branch_Loan_IndividualLoan.LoanCycle_Create_ViewApproval" name="disburseLoan" time="0.0">
    <skipped/>
  </testcase> <!-- disburseLoan -->
  <testcase classname="CBS_Branch_Transactions.Fund_Withdrawal_NeftRequest" name="FundWithdrawal" time="0.0">
    <skipped/>
  </testcase> <!-- FundWithdrawal -->
  <testcase classname="CBS_Branch_Transactions.Fund_Withdrawal_NeftRequest" name="checkNEFTRequest" time="0.0">
    <skipped/>
  </testcase> <!-- checkNEFTRequest -->
  <testcase classname="CBS_Branch_CoreBankingService_FD.FD_Calculator" name="calcultion" time="0.0">
    <skipped/>
  </testcase> <!-- calcultion -->
  <testcase classname="CBS_Branch_CoreBankingService_FD.FD_AccountOpening_Search_PreMatured_Ledger" name="FD_AccountOpening" time="0.0">
    <skipped/>
  </testcase> <!-- FD_AccountOpening -->
  <testcase classname="CBS_Branch_Transactions.Fund_Withdrawal" name="Fund_Withdrawal_Navigation" time="0.0">
    <skipped/>
  </testcase> <!-- Fund_Withdrawal_Navigation -->
  <testcase classname="CBS_Branch_Transactions.Fund_Withdrawal" name="checkRequestInVoucher" time="0.0">
    <skipped/>
  </testcase> <!-- checkRequestInVoucher -->
  <testcase classname="CBS_Branch_CustomerEnrollment.CreateANDView_15G_15H_Form" name="GForm" time="0.0">
    <skipped/>
  </testcase> <!-- GForm -->
  <testcase classname="CBS_Branch_Transactions.Fund_Withdrawal" name="fundDeposit_ForBalanceCheck2" time="0.0">
    <skipped/>
  </testcase> <!-- fundDeposit_ForBalanceCheck2 -->
  <testcase classname="CBS_Branch_Loan_GoldLoan.GoldLoan_Cycle" name="GoldLoanCycle" time="0.0">
    <skipped/>
  </testcase> <!-- GoldLoanCycle -->
  <testcase classname="CBS_Branch_CoreBankingServices_PigmyDeposit.Installment_Enquiry" name="InstallmentEnquiry" time="0.0">
    <skipped/>
  </testcase> <!-- InstallmentEnquiry -->
  <testcase classname="CBS_Branch_CoreBankingService_FD.FD_AccountOpening_Search_PreMatured_Ledger" name="transferMoneyToFDAC" time="0.0">
    <skipped/>
  </testcase> <!-- transferMoneyToFDAC -->
  <testcase classname="CBS_Branch_CoreBankingService_LoanOnDeposit.LD_Receive_Payment" name="LDReceivePayment" time="0.0">
    <skipped/>
  </testcase> <!-- LDReceivePayment -->
  <testcase classname="CBS_Branch_CustomerEnrollment.CreateANDView_15G_15H_Form" name="GFormView" time="0.0">
    <skipped/>
  </testcase> <!-- GFormView -->
  <testcase classname="CBS_Branch_CustomerEnrollment.CreateANDView_15G_15H_Form" name="HForm" time="0.0">
    <skipped/>
  </testcase> <!-- HForm -->
  <testcase classname="CBS_Branch_CustomerEnrollment.CreateANDView_15G_15H_Form" name="HFormView" time="0.0">
    <skipped/>
  </testcase> <!-- HFormView -->
  <testcase classname="CBS_Branch_Loan_LoanReports.Collection_Report" name="LoanBalance" time="0.0">
    <skipped/>
  </testcase> <!-- LoanBalance -->
  <testcase classname="CBS_Branch_Loan_LoanReports.Loan_Balance" name="LoanBalance" time="0.0">
    <skipped/>
  </testcase> <!-- LoanBalance -->
  <testcase classname="CBS_Branch_Agent.Loan_Collection_Report" name="LoanCollectionReport" time="0.0">
    <skipped/>
  </testcase> <!-- LoanCollectionReport -->
  <testcase classname="CBS_Branch_CoreBankingService_FD.FD_AccountOpening_Search_PreMatured_Ledger" name="acceptTransferVoucher" time="0.0">
    <skipped/>
  </testcase> <!-- acceptTransferVoucher -->
  <testcase classname="CBS_Branch_Transactions.Loan_EMI_Payment" name="LoanEMIPayment" time="0.0">
    <skipped/>
  </testcase> <!-- LoanEMIPayment -->
  <testcase classname="CBS_Branch_CoreBankingService_FD.FD_AccountOpening_Search_PreMatured_Ledger" name="SearchAccount" time="0.0">
    <skipped/>
  </testcase> <!-- SearchAccount -->
  <testcase classname="CBS_Branch_CoreBankingService_FD.FD_AccountOpening_Search_PreMatured_Ledger" name="FDPrematurity" time="0.001">
    <skipped/>
  </testcase> <!-- FDPrematurity -->
  <testcase classname="CBS_Branch_CoreBankingService_FD.FD_AccountOpening_Search_PreMatured_Ledger" name="acceptPreMaturedVoucher" time="0.0">
    <skipped/>
  </testcase> <!-- acceptPreMaturedVoucher -->
  <testcase classname="CBS_Branch_CoreBankingService_FD.FD_AccountOpening_Search_PreMatured_Ledger" name="FDLedger" time="0.0">
    <skipped/>
  </testcase> <!-- FDLedger -->
  <testcase classname="CBS_Branch_CoreBankingService_LoanOnDeposit.LoanAccountOpeningANDSearch" name="Loan_AccountOpening" time="0.0">
    <skipped/>
  </testcase> <!-- Loan_AccountOpening -->
  <testcase classname="CBS_Branch_Transactions.Loan_Interest_fee" name="LoanInterestFee" time="0.0">
    <skipped/>
  </testcase> <!-- LoanInterestFee -->
  <testcase classname="CBS_Branch_Loan_IndividualLoan.Loan_Calculator" name="Loan_Details" time="0.0">
    <skipped/>
  </testcase> <!-- Loan_Details -->
  <testcase classname="CBS_Branch_CoreBankingService_LoanOnDeposit.LoanAccountOpeningANDSearch" name="viewAccount" time="0.0">
    <skipped/>
  </testcase> <!-- viewAccount -->
  <testcase classname="CBS_Branch_Transactions.Loan_Disbursment" name="Loan_Disbursement_Navigation" time="0.004">
    <skipped/>
  </testcase> <!-- Loan_Disbursement_Navigation -->
  <testcase classname="CBS_Branch_Loan_IndividualLoan.Loans_For_Create_Mandate" name="LoansForCreateMandate" time="0.0">
    <skipped/>
  </testcase> <!-- LoansForCreateMandate -->
  <testcase classname="CBS_Branch_CustomerEnrollment.MemberCardRequest" name="MCRequest" time="0.0">
    <skipped/>
  </testcase> <!-- MCRequest -->
  <testcase classname="CBS_Branch_CoreBankingService_MIS.MIS_Open_Search_Premature_Ledger" name="MISAccountOpening" time="0.0">
    <skipped/>
  </testcase> <!-- MISAccountOpening -->
  <testcase classname="CBS_Branch_Loan_GoldLoan.Loan_Clousure_EMI_Type" name="Loan_Clousure_EMI_Type_Navigation" time="0.0">
    <skipped/>
  </testcase> <!-- Loan_Clousure_EMI_Type_Navigation -->
  <testcase classname="CBS_Branch_CoreBankingService_MIS.MIS_Open_Search_Premature_Ledger" name="SearchMIS" time="0.0">
    <skipped/>
  </testcase> <!-- SearchMIS -->
  <testcase classname="CBS_Branch_CoreBankingService_MIS.MIS_Calculator" name="MISCalculator" time="0.0">
    <skipped/>
  </testcase> <!-- MISCalculator -->
  <testcase classname="CBS_Branch_CoreBankingService_MIS.MIS_Open_Search_Premature_Ledger" name="PreMaturity" time="0.0">
    <skipped/>
  </testcase> <!-- PreMaturity -->
  <testcase classname="CBS_Branch_Loan_GoldLoan.Loan_Clousure_EMI_Type" name="Loan_Clousure_EMI_Type_Actions" time="0.0">
    <skipped/>
  </testcase> <!-- Loan_Clousure_EMI_Type_Actions -->
  <testcase classname="CBS_Branch_Transactions.MIS_Interest_Pay" name="MISInterestPay" time="0.0">
    <skipped/>
  </testcase> <!-- MISInterestPay -->
  <testcase classname="CBS_Branch_CoreBankingService_MIS.MIS_Renewal" name="MISRenewal" time="0.0">
    <skipped/>
  </testcase> <!-- MISRenewal -->
  <testcase classname="CBS_Branch_CoreBankingService_MIS.MIS_Open_Search_Premature_Ledger" name="acceptPreMaturityVoucher" time="0.002">
    <skipped/>
  </testcase> <!-- acceptPreMaturityVoucher -->
  <testcase classname="CBS_Branch_CoreBankingService_MIS.MIS_Calculator" name="calculation2" time="0.0">
    <skipped/>
  </testcase> <!-- calculation2 -->
  <testcase classname="CBS_Branch_CoreBankingService_MIS.MIS_Open_Search_Premature_Ledger" name="MISledger" time="0.0">
    <skipped/>
  </testcase> <!-- MISledger -->
  <testcase classname="CBS_Branch_CoreBankingService_MIS.MIS_PayMaturity" name="MISpayMaturity" time="0.0">
    <skipped/>
  </testcase> <!-- MISpayMaturity -->
  <testcase classname="CBS_Branch_CoreBankingService_MIS.MIS_PayMaturity" name="acceptVoucher" time="0.0">
    <skipped/>
  </testcase> <!-- acceptVoucher -->
  <testcase classname="CBS_Branch_CoreBankingService_MIS.MIS_PayMaturity" name="MISledger" time="0.0">
    <skipped/>
  </testcase> <!-- MISledger -->
  <testcase classname="CBS_Branch_CoreBankingService_OD.OD_Ledger" name="ODLedger" time="0.0">
    <skipped/>
  </testcase> <!-- ODLedger -->
  <testcase classname="CBS_Branch_Loan_LoanReports.Overdue_Report" name="OverdueReport" time="0.0">
    <skipped/>
  </testcase> <!-- OverdueReport -->
  <testcase classname="CBS_Branch_CoreBankingService_RD.Pay_Maturity" name="PayMaturity" time="0.0">
    <skipped/>
  </testcase> <!-- PayMaturity -->
  <testcase classname="CBS_Branch_CoreBankingService_SharePayment.Nominee_To_Share_Associate" name="NomineeToShareAssociate" time="0.0">
    <skipped/>
  </testcase> <!-- NomineeToShareAssociate -->
  <testcase classname="CBS_Branch_CoreBankingService_FD.FD_PayMaturity" name="PayMaturity" time="0.0">
    <skipped/>
  </testcase> <!-- PayMaturity -->
  <testcase classname="CBS_Branch_CoreBankingService_FD.FD_PayMaturity" name="vocherAccept" time="0.0">
    <skipped/>
  </testcase> <!-- vocherAccept -->
  <testcase classname="CBS_Branch_CoreBankingService_RD.Pay_Maturity" name="voucherAccept" time="0.0">
    <skipped/>
  </testcase> <!-- voucherAccept -->
  <testcase classname="CBS_Branch_CoreBankingService_FD.FD_PayMaturity" name="checkReport" time="0.0">
    <skipped/>
  </testcase> <!-- checkReport -->
  <testcase classname="CBS_Branch_Loan_IndividualLoan.Pending_Loan_For_Approval" name="Pending_Loan_For_Approval_Navigation" time="0.0">
    <skipped/>
  </testcase> <!-- Pending_Loan_For_Approval_Navigation -->
  <testcase classname="CBS_Branch_CoreBankingService_RD.Pay_Maturity" name="checkReport" time="0.0">
    <skipped/>
  </testcase> <!-- checkReport -->
  <testcase classname="CBS_Branch_Loan_IndividualLoan.Pending_Loan_For_Approval" name="Pending_Loan_For_Approval_Actions" time="0.0">
    <skipped/>
  </testcase> <!-- Pending_Loan_For_Approval_Actions -->
  <testcase classname="CBS_Branch_Loan_IndividualLoan.Pending_Loan_For_Approval" name="ApplicationInfo" time="0.0">
    <skipped/>
  </testcase> <!-- ApplicationInfo -->
  <testcase classname="CBS_Branch_Loan_IndividualLoan.Pending_Loan_For_Approval" name="Co_Application" time="0.0">
    <skipped/>
  </testcase> <!-- Co_Application -->
  <testcase classname="CBS_Branch_Loan_IndividualLoan.Pending_Loan_For_Approval" name="uploadDocument" time="0.0">
    <skipped/>
  </testcase> <!-- uploadDocument -->
  <testcase classname="CBS_Branch_Loan_IndividualLoan.Pending_Loan_For_Approval" name="PDC_NACH_Details1" time="0.0">
    <skipped/>
  </testcase> <!-- PDC_NACH_Details1 -->
  <testcase classname="CBS_Branch_Loan_IndividualLoan.Pending_Loan_For_Approval" name="Bank_Account" time="0.0">
    <skipped/>
  </testcase> <!-- Bank_Account -->
  <testcase classname="CBS_Branch_Loan_IndividualLoan.Pending_Loan_For_Approval" name="ExistingLoan" time="0.0">
    <skipped/>
  </testcase> <!-- ExistingLoan -->
  <testcase classname="CBS_Branch_CoreBankingServices_PigmyDeposit.Pigmy_Open_Search_PreMature_Ledger" name="Pigmy_AccountOpening" time="0.0">
    <skipped/>
  </testcase> <!-- Pigmy_AccountOpening -->
  <testcase classname="CBS_Branch_CoreBankingServices_PigmyDeposit.Pigmy_Open_Search_PreMature_Ledger" name="renewalPigmy" time="0.0">
    <skipped/>
  </testcase> <!-- renewalPigmy -->
  <testcase classname="CBS_Branch_Loan_IndividualLoan.Pending_Loan_For_Approval" name="CreditCardDetails" time="0.0">
    <skipped/>
  </testcase> <!-- CreditCardDetails -->
  <testcase classname="CBS_Branch_CoreBankingServices_PigmyDeposit.Pigmy_Open_Search_PreMature_Ledger" name="viewPigmy" time="0.0">
    <skipped/>
  </testcase> <!-- viewPigmy -->
  <testcase classname="CBS_Branch_CoreBankingServices_PigmyDeposit.Pigmy_Open_Search_PreMature_Ledger" name="acceptPreMaturityVoucher" time="0.0">
    <skipped/>
  </testcase> <!-- acceptPreMaturityVoucher -->
  <testcase classname="CBS_Branch_CoreBankingServices_PigmyDeposit.Pigmy_Open_Search_PreMature_Ledger" name="pigmyLedger" time="0.0">
    <skipped/>
  </testcase> <!-- pigmyLedger -->
  <testcase classname="CBS_Branch_Loan_IndividualLoan.Pending_Loan_For_Approval" name="ReferenceDetails" time="0.0">
    <skipped/>
  </testcase> <!-- ReferenceDetails -->
  <testcase classname="CBS_Branch_Loan_IndividualLoan.Pending_Loan_For_Approval" name="collateralDetails" time="0.0">
    <skipped/>
  </testcase> <!-- collateralDetails -->
  <testcase classname="CBS_Branch_Loan_IndividualLoan.Pending_Loan_For_Approval" name="insuranceDetails" time="0.0">
    <skipped/>
  </testcase> <!-- insuranceDetails -->
  <testcase classname="CBS_Branch_Loan_IndividualLoan.Pending_Loan_For_Approval" name="vehicalDetails" time="0.0">
    <skipped/>
  </testcase> <!-- vehicalDetails -->
  <testcase classname="CBS_Branch_Loan_IndividualLoan.Pending_Loan_For_Approval" name="CIBILVerfication" time="0.0">
    <skipped/>
  </testcase> <!-- CIBILVerfication -->
  <testcase classname="CBS_Branch_Loan_IndividualLoan.Pending_Loan_For_Approval" name="AddressVerification" time="0.0">
    <skipped/>
  </testcase> <!-- AddressVerification -->
  <testcase classname="CBS_Branch_Loan_IndividualLoan.Pending_Loan_For_Approval" name="DocumentVerification" time="0.0">
    <skipped/>
  </testcase> <!-- DocumentVerification -->
  <testcase classname="CBS_Branch_Loan_IndividualLoan.Pending_Loan_For_Approval" name="printDouments" time="0.0">
    <skipped/>
  </testcase> <!-- printDouments -->
  <testcase classname="CBS_Branch_Loan_IndividualLoan.Pending_Loan_For_Approval" name="PaymentSetting" time="0.0">
    <skipped/>
  </testcase> <!-- PaymentSetting -->
  <testcase classname="CBS_Branch_Loan_IndividualLoan.Pending_Loan_For_Approval" name="addProductDetails" time="0.0">
    <skipped/>
  </testcase> <!-- addProductDetails -->
  <testcase classname="CBS_Branch_CoreBankingServices_PigmyDeposit.Pigmy_Calculator" name="Pigmy_Calculator_Navigation" time="0.0">
    <skipped/>
  </testcase> <!-- Pigmy_Calculator_Navigation -->
  <testcase classname="CBS_Branch_Loan_IndividualLoan.Pending_Loan_For_Approval" name="NavigateToAdmin" time="0.0">
    <skipped/>
  </testcase> <!-- NavigateToAdmin -->
  <testcase classname="CBS_Branch_Loan_IndividualLoan.Pending_Loan_For_Approval" name="ApprovePendingLoan" time="0.0">
    <skipped/>
  </testcase> <!-- ApprovePendingLoan -->
  <testcase classname="CBS_Branch_CoreBankingServices_PigmyDeposit.Pigmy_Calculator" name="pigmyCalculations" time="0.0">
    <skipped/>
  </testcase> <!-- pigmyCalculations -->
  <testcase classname="CBS_Branch_CoreBankingService_RD.RD_Installment_Enquiry" name="RDInstallmentEnquiry" time="0.0">
    <skipped/>
  </testcase> <!-- RDInstallmentEnquiry -->
  <testcase classname="CBS_Branch_CoreBankingService_RD.RDOpen_Search_Prematured_Ledger" name="RDOpening" time="0.0">
    <skipped/>
  </testcase> <!-- RDOpening -->
  <testcase classname="CBS_Branch_Loan_GoldLoan.Receive_EMI_Payment" name="Receive_EMI_Payment_Navigation" time="0.0">
    <skipped/>
  </testcase> <!-- Receive_EMI_Payment_Navigation -->
  <testcase classname="CBS_Branch_Loan_GoldLoan.Receive_EMI_Payment" name="Receive_EMI_Payment_Actions" time="0.0">
    <skipped/>
  </testcase> <!-- Receive_EMI_Payment_Actions -->
  <testcase classname="CBS_Branch_Transactions.Renewals" name="RenewalsActions_ForTransactionModule" time="0.0">
    <skipped/>
  </testcase> <!-- RenewalsActions_ForTransactionModule -->
  <testcase classname="CBS_Branch_Transactions.Renewals" name="Renewals_Actions" time="0.0">
    <skipped/>
  </testcase> <!-- Renewals_Actions -->
  <testcase classname="CBS_Branch_Loan_GoldLoan.Repayment_Schedule" name="Repayment_Schedule_Navigation" time="0.0">
    <skipped/>
  </testcase> <!-- Repayment_Schedule_Navigation -->
  <testcase classname="CBS_Branch_CoreBankingService_RD.RD_Calculator" name="RD_Calculator_Actions" time="0.0">
    <skipped/>
  </testcase> <!-- RD_Calculator_Actions -->
  <testcase classname="CBS_Branch_CoreBankingService_RD.RD_Calculator" name="Calculations" time="0.0">
    <skipped/>
  </testcase> <!-- Calculations -->
  <testcase classname="CBS_Branch_Loan_GoldLoan.Repayment_Schedule" name="Repayment_Schedule_Actions" time="0.0">
    <skipped/>
  </testcase> <!-- Repayment_Schedule_Actions -->
  <testcase classname="CBS_Branch_CoreBankingService_SavingAccount.SB_AccountOpening" name="SB_Account" time="0.0">
    <skipped/>
  </testcase> <!-- SB_Account -->
  <testcase classname="CBS_Branch_CoreBankingService_SavingAccount.SB_AccountOpening" name="SearchSB" time="0.0">
    <skipped/>
  </testcase> <!-- SearchSB -->
  <testcase classname="CBS_Branch_CoreBankingService_CurrentAccount.Search_Current_Account" name="Search_Current_AC" time="0.0">
    <skipped/>
  </testcase> <!-- Search_Current_AC -->
  <testcase classname="CBS_Branch_CoreBankingService_SavingAccount.SB_Calulator" name="SB_Calculator_Deposit" time="0.0">
    <skipped/>
  </testcase> <!-- SB_Calculator_Deposit -->
  <testcase classname="CBS_Branch_CoreBankingService_LoanOnDeposit.Search_LD_Accounts" name="Search_LD_Account" time="0.0">
    <skipped/>
  </testcase> <!-- Search_LD_Account -->
  <testcase classname="CBS_Branch_CoreBankingService_SavingAccount.SB_Calulator" name="calculator_Withdraw" time="0.0">
    <skipped/>
  </testcase> <!-- calculator_Withdraw -->
  <testcase classname="CBS_Branch_CoreBankingService_SavingAccount.SB_Calulator" name="calculations" time="0.0">
    <skipped/>
  </testcase> <!-- calculations -->
  <testcase classname="CBS_Branch_CoreBankingService_SavingAccount.SB_Calulator" name="clearAll" time="0.0">
    <skipped/>
  </testcase> <!-- clearAll -->
  <testcase classname="CBS_Branch_CoreBankingService_SavingAccount.Search_SB_Accounts" name="Search_SBAccount" time="0.0">
    <skipped/>
  </testcase> <!-- Search_SBAccount -->
  <testcase classname="CBS_Branch_Transactions.FeedBack" name="ServiceFeedback" time="0.0">
    <skipped/>
  </testcase> <!-- ServiceFeedback -->
  <testcase classname="CBS_Branch_Transactions.TodaysEMIPaymentCollection" name="TodaysEMIPayment" time="0.0">
    <skipped/>
  </testcase> <!-- TodaysEMIPayment -->
  <testcase classname="CBS_Branch_Loan_GoldLoan.View_GoldLoan_ApplicationsAutoCheckingOnly" name="ViewGoldLoanApplications_Navigation" time="0.0">
    <skipped/>
  </testcase> <!-- ViewGoldLoanApplications_Navigation -->
  <testcase classname="CBS_Branch_Loan_GoldLoan.View_GoldLoan_ApplicationsAutoCheckingOnly" name="ViewGoldLoanApplications_actions" time="0.0">
    <skipped/>
  </testcase> <!-- ViewGoldLoanApplications_actions -->
  <testcase classname="CBS_Branch_Loan_IndividualLoan.View_Applied_Loan" name="ViewAppliedLoan" time="0.0">
    <skipped/>
  </testcase> <!-- ViewAppliedLoan -->
  <testcase classname="CBS_Branch_Loan_GoldLoan.View_GoldLoan_ApplicationsAutoCheckingOnly" name="LoanReport_ApplicationForm" time="0.0">
    <skipped/>
  </testcase> <!-- LoanReport_ApplicationForm -->
  <testcase classname="CBS_Branch_Loan_GoldLoan.View_Gold_Loan_Details" name="View_Gold_Loan_Details_Navigation" time="0.001">
    <skipped/>
  </testcase> <!-- View_Gold_Loan_Details_Navigation -->
  <testcase classname="CBS_Branch_Loan_GoldLoan.View_GoldLoan_ApplicationsAutoCheckingOnly" name="LoanReport_AddItemsInfo" time="0.0">
    <skipped/>
  </testcase> <!-- LoanReport_AddItemsInfo -->
  <testcase classname="CBS_Branch_Loan_GoldLoan.View_Gold_Loan_Details" name="View_Gold_Loan_Details_Actions" time="0.0">
    <skipped/>
  </testcase> <!-- View_Gold_Loan_Details_Actions -->
  <testcase classname="CBS_Branch_Loan_GoldLoan.View_GoldLoan_ApplicationsAutoCheckingOnly" name="LoanReport_SendForApproval" time="0.0">
    <skipped/>
  </testcase> <!-- LoanReport_SendForApproval -->
  <testcase classname="CBS_Branch_Loan_IndividualLoan.View_Loan" name="View_Loan_Navigation" time="0.0">
    <skipped/>
  </testcase> <!-- View_Loan_Navigation -->
  <testcase classname="CBS_Branch_CoreBankingService_SavingAccount.Virtual_Account_Cycle" name="VirtualACRRequest" time="0.0">
    <skipped/>
  </testcase> <!-- VirtualACRRequest -->
  <testcase classname="CBS_Branch_CoreBankingService_SavingAccount.Virtual_Account_Cycle" name="virtualAccountRequest" time="0.0">
    <skipped/>
  </testcase> <!-- virtualAccountRequest -->
  <testcase classname="CBS_Branch_CoreBankingService_SavingAccount.Virtual_Account_Cycle" name="virtualACStatus" time="0.0">
    <skipped/>
  </testcase> <!-- virtualACStatus -->
  <testcase classname="CBS_Branch_Transactions.Voucher_Approval" name="VoucherApproveforTransactionModule" time="0.0">
    <skipped/>
  </testcase> <!-- VoucherApproveforTransactionModule -->
  <testcase classname="CBS_Branch_Transactions.Voucher_Approval" name="VoucherApprove" time="0.0">
    <skipped/>
  </testcase> <!-- VoucherApprove -->
  <testcase classname="CBS_Branch_CoreBankingService_SavingAccount.Approval_Virtual_Account" name="VirtualAccount" time="0.0">
    <skipped/>
  </testcase> <!-- VirtualAccount -->
  <testcase classname="CBS_Branch_Agent.Agent_Report" name="agentReport" time="0.0">
    <skipped/>
  </testcase> <!-- agentReport -->
  <testcase classname="CBS_Branch_Agent.Agent_Target" name="agentTarget" time="0.0">
    <skipped/>
  </testcase> <!-- agentTarget -->
  <testcase classname="CBS_Branch_CoreBankingService_OD.Add_OD_Account_Amount" name="addODAccountAmount" time="0.0">
    <skipped/>
  </testcase> <!-- addODAccountAmount -->
  <testcase classname="CBS_Branch_Transactions.Auto_Debit" name="autoDebit" time="0.0">
    <skipped/>
  </testcase> <!-- autoDebit -->
  <testcase classname="CBS_Branch_Transactions.Bulk_Deposit" name="bulkDeposit" time="0.0">
    <skipped/>
  </testcase> <!-- bulkDeposit -->
  <testcase classname="CBS_Branch_CoreBankingService_SavingAccount.SB_Ledger" name="checkSBLedger" time="0.0">
    <skipped/>
  </testcase> <!-- checkSBLedger -->
  <testcase classname="CBS_Branch_Agent.Collection_Sheet_Report" name="collectionSheetReport" time="0.0">
    <skipped/>
  </testcase> <!-- collectionSheetReport -->
  <testcase classname="CBS_Branch_Transactions.Complaint_HelpRequest" name="complaintHelpRequest" time="0.0">
    <skipped/>
  </testcase> <!-- complaintHelpRequest -->
  <testcase classname="CBS_Branch_Loan_GoldLoan.Create_GoldLoan_FlatROI" name="createGoldLoan_FlatROI" time="0.0">
    <skipped/>
  </testcase> <!-- createGoldLoan_FlatROI -->
  <testcase classname="CBS_Branch_Loan_GoldLoan.Create_GoldLoan_ReducingROI" name="createGoldLoan_FlatROI" time="0.0">
    <skipped/>
  </testcase> <!-- createGoldLoan_FlatROI -->
  <testcase classname="CBS_Branch_CoreBankingService_SavingAccount.SB_OpeningANDSearchANDLedger" name="createSBAccount" time="0.0">
    <skipped/>
  </testcase> <!-- createSBAccount -->
  <testcase classname="CBS_Branch_CustomerEnrollment.CreateANDView_Group" name="createGroup" time="0.0">
    <skipped/>
  </testcase> <!-- createGroup -->
  <testcase classname="CBS_Branch_CustomerEnrollment.CreateANDView_Group" name="viewGoup" time="0.0">
    <skipped/>
  </testcase> <!-- viewGoup -->
  <testcase classname="CBS_Branch_CoreBankingService_CurrentAccount.CAOpening_View_Ledger_FLOW" name="currentAccountOpening" time="0.0">
    <skipped/>
  </testcase> <!-- currentAccountOpening -->
  <testcase classname="CBS_Branch_CoreBankingService_CurrentAccount.CAOpening_View_Ledger_FLOW" name="ViewAccount" time="0.0">
    <skipped/>
  </testcase> <!-- ViewAccount -->
  <testcase classname="CBS_Branch_CoreBankingService_CurrentAccount.CAOpening_View_Ledger_FLOW" name="addFund" time="0.0">
    <skipped/>
  </testcase> <!-- addFund -->
  <testcase classname="CBS_Branch_CoreBankingService_CurrentAccount.CAOpening_View_Ledger_FLOW" name="viewCALedger" time="0.0">
    <skipped/>
  </testcase> <!-- viewCALedger -->
  <testcase classname="CBS_Branch_CoreBankingService_CurrentAccount.CAOpening_View_Ledger_FLOW" name="closedAccount" time="0.0">
    <skipped/>
  </testcase> <!-- closedAccount -->
  <testcase classname="CBS_Branch_CoreBankingService_CurrentAccount.Current_Ledger" name="currentLedger" time="0.0">
    <skipped/>
  </testcase> <!-- currentLedger -->
  <testcase classname="CBS_Branch_CoreBankingService_CurrentAccount.Current_Account_Opening" name="currentAccountOpening" time="0.0">
    <skipped/>
  </testcase> <!-- currentAccountOpening -->
  <testcase classname="CBS_Branch_Loan_IndividualLoan.Disburse_Loan" name="disburseLoan" time="0.0">
    <skipped/>
  </testcase> <!-- disburseLoan -->
  <testcase classname="CBS_Branch_Loan_IndividualLoan.Disburse_Loan" name="approveVoucher" time="0.0">
    <skipped/>
  </testcase> <!-- approveVoucher -->
  <testcase classname="CBS_Branch_Transactions.Fund_Deposit" name="fundDeposit" time="0.0">
    <skipped/>
  </testcase> <!-- fundDeposit -->
  <testcase classname="CBS_Branch_Transactions.Fund_Deposit" name="approveVoucher" time="0.0">
    <skipped/>
  </testcase> <!-- approveVoucher -->
  <testcase classname="CBS_Branch_Transactions.Fund_Deposit" name="fundDeposit_ForBalanceCheckAfterDeposit" time="0.0">
    <skipped/>
  </testcase> <!-- fundDeposit_ForBalanceCheckAfterDeposit -->
  <testcase classname="CBS_Branch_Transactions.Fund_Deposit_InternalTransfer" name="fundDeposit_ForBalanceCheck1" time="0.0">
    <skipped/>
  </testcase> <!-- fundDeposit_ForBalanceCheck1 -->
  <testcase classname="CBS_Branch_Transactions.Fund_Deposit_InternalTransfer" name="Fund_Deposit_IT" time="0.0">
    <skipped/>
  </testcase> <!-- Fund_Deposit_IT -->
  <testcase classname="CBS_Branch_CustomerEnrollment.CustomerPremission" name="customerPermission" time="0.0">
    <skipped/>
  </testcase> <!-- customerPermission -->
  <testcase classname="CBS_Branch_TransactionReports.Cheque_Recouncillation_Report" name="fundWithdrawalByCheque" time="0.0">
    <skipped/>
  </testcase> <!-- fundWithdrawalByCheque -->
  <testcase classname="CBS_Branch_TransactionReports.Cheque_Recouncillation_Report" name="ChequeRecouncillation" time="0.0">
    <skipped/>
  </testcase> <!-- ChequeRecouncillation -->
  <testcase classname="CBS_Branch_CoreBankingServices_PigmyWithdraw.Installment_Enquiry" name="installmentEnquiry" time="0.0">
    <skipped/>
  </testcase> <!-- installmentEnquiry -->
  <testcase classname="CBS_Branch_Transactions.Interest_Plan_Setup" name="interestPlanSetup" time="0.0">
    <skipped/>
  </testcase> <!-- interestPlanSetup -->
  <testcase classname="CBS_Branch_Transactions.Internally_Transfer" name="internallyTransfer" time="0.0">
    <skipped/>
  </testcase> <!-- internallyTransfer -->
  <testcase classname="CBS_Branch_Loan_LoanReports.Loan_Account_Details" name="loanAccountDetails" time="0.001">
    <skipped/>
  </testcase> <!-- loanAccountDetails -->
  <testcase classname="CBS_Branch_CoreBankingService_LoanOnDeposit.Loan_Disburse" name="loanDisburse" time="0.0">
    <skipped/>
  </testcase> <!-- loanDisburse -->
  <testcase classname="CBS_Branch_CoreBankingService_LoanOnDeposit.LD_Ledger_Report" name="loanDisburse" time="0.0">
    <skipped/>
  </testcase> <!-- loanDisburse -->
  <testcase classname="CBS_Branch_Transactions.Fund_Deposit_InternalTransfer" name="checkRequestInVoucher" time="0.014">
    <skipped/>
  </testcase> <!-- checkRequestInVoucher -->
  <testcase classname="CBS_Branch_Transactions.Fund_Deposit_InternalTransfer" name="fundDeposit_ForBalanceCheck2" time="0.0">
    <skipped/>
  </testcase> <!-- fundDeposit_ForBalanceCheck2 -->
  <testcase classname="CBS_Branch_Loan_LoanReports.Loan_List" name="loanList" time="0.001">
    <skipped/>
  </testcase> <!-- loanList -->
  <testcase classname="CBS_Branch_CoreBankingServices_PigmyDeposit.multiple_Renewals" name="multipleRenewals" time="0.0">
    <skipped/>
  </testcase> <!-- multipleRenewals -->
  <testcase classname="CBS_Branch_Loan_LoanReports.Overdue_Interest" name="overdueReport" time="0.0">
    <skipped/>
  </testcase> <!-- overdueReport -->
  <testcase classname="CBS_Branch_Loan_IndividualLoan.Pending_Disbursal_Loan" name="pendingDisbursalLoan" time="0.0">
    <skipped/>
  </testcase> <!-- pendingDisbursalLoan -->
  <testcase classname="CBS_Branch_CoreBankingServices_PigmyDeposit.Pigmy_PayMaturity" name="pigmyMaturity" time="0.001">
    <skipped/>
  </testcase> <!-- pigmyMaturity -->
  <testcase classname="CBS_Branch_Agent.Notify_Agent" name="notifyAgent" time="0.0">
    <skipped/>
  </testcase> <!-- notifyAgent -->
  <testcase classname="CBS_Branch_CoreBankingServices_PigmyWithdraw.Pigmy_Withdraw_Closure" name="pigmyWithdrawClosure" time="0.0">
    <skipped/>
  </testcase> <!-- pigmyWithdrawClosure -->
  <testcase classname="CBS_Branch_CoreBankingServices_PigmyDeposit.Pigmy_PayMaturity" name="accpetMaturityVoucher" time="0.0">
    <skipped/>
  </testcase> <!-- accpetMaturityVoucher -->
  <testcase classname="CBS_Branch_CoreBankingServices_PigmyDeposit.Pigmy_PayMaturity" name="checkReport" time="0.0">
    <skipped/>
  </testcase> <!-- checkReport -->
  <testcase classname="CBS_Branch_CoreBankingServices_PigmyWithdraw.Pigmy_Withdraw_Ledger" name="pigmyWithdrawLedger" time="0.0">
    <skipped/>
  </testcase> <!-- pigmyWithdrawLedger -->
  <testcase classname="CBS_Branch_CoreBankingServices_PigmyWithdraw.Pigmy_Withdraw_Opening" name="pigmyWithdrawOpen" time="0.0">
    <skipped/>
  </testcase> <!-- pigmyWithdrawOpen -->
  <testcase classname="CBS_Branch_Transactions.RechargeStaff_E_Wallet" name="rechargeStaffEWallet" time="0.0">
    <skipped/>
  </testcase> <!-- rechargeStaffEWallet -->
  <testcase classname="CBS_Branch_Transactions.RechargeStaff_E_Wallet" name="VoucherApprove" time="0.0">
    <skipped/>
  </testcase> <!-- VoucherApprove -->
  <testcase classname="CBS_Branch_Transactions.RechargeStaff_E_Wallet" name="checkWallet" time="0.0">
    <skipped/>
  </testcase> <!-- checkWallet -->
  <testcase classname="CBS_Branch_TransactionReports.RenewalFrom_App" name="renewalFromApp" time="0.0">
    <skipped/>
  </testcase> <!-- renewalFromApp -->
  <testcase classname="CBS_Branch_CoreBankingService_SharePayment.Share_Deposit" name="shareDeposit" time="0.0">
    <skipped/>
  </testcase> <!-- shareDeposit -->
  <testcase classname="CBS_Branch_CoreBankingService_SharePayment.Share_Deposit" name="checkVoucher" time="0.0">
    <skipped/>
  </testcase> <!-- checkVoucher -->
  <testcase classname="CBS_Branch_CoreBankingService_SharePayment.Share_Deposit" name="viewShareReport" time="0.0">
    <skipped/>
  </testcase> <!-- viewShareReport -->
  <testcase classname="CBS_Branch_CoreBankingService_SharePayment.share_Payment" name="shareDepositNavigation" time="0.0">
    <skipped/>
  </testcase> <!-- shareDepositNavigation -->
  <testcase classname="CBS_Branch_CoreBankingService_SharePayment.share_Payment" name="checkVoucher" time="0.0">
    <skipped/>
  </testcase> <!-- checkVoucher -->
  <testcase classname="CBS_Branch_CoreBankingService_SharePayment.Share_Ledger" name="shareLedger" time="0.0">
    <skipped/>
  </testcase> <!-- shareLedger -->
  <testcase classname="CBS_Branch_CoreBankingService_SharePayment.share_Payment" name="viewShareReport" time="0.0">
    <skipped/>
  </testcase> <!-- viewShareReport -->
  <testcase classname="CBS_Branch_Transactions.Today_Deposit_Collection" name="todayDepositCollection" time="0.0">
    <skipped/>
  </testcase> <!-- todayDepositCollection -->
  <testcase classname="CBS_Branch_Transactions.Transaction_Receipt" name="transactionReceipt" time="0.0">
    <skipped/>
  </testcase> <!-- transactionReceipt -->
  <testcase classname="CBS_Branch_CoreBankingService_SharePayment.Share_Transfer" name="shareReport" time="0.0">
    <skipped/>
  </testcase> <!-- shareReport -->
  <testcase classname="CBS_Branch_TransactionReports.Transaction_Report" name="transactionReport" time="0.0">
    <skipped/>
  </testcase> <!-- transactionReport -->
  <testcase classname="CBS_Branch_TransactionReports.Transaction" name="transations" time="0.0">
    <skipped/>
  </testcase> <!-- transations -->
  <testcase classname="CBS_Branch_TransactionReports.Transaction" name="rejectTransactions" time="0.0">
    <skipped/>
  </testcase> <!-- rejectTransactions -->
  <testcase classname="CBS_Branch_CustomerEnrollment.Upload_Documents" name="uploadDoc" time="0.0">
    <skipped/>
  </testcase> <!-- uploadDoc -->
  <testcase classname="CBS_Branch_Loan_IndividualLoan.Upload_Documents" name="uploadDocuments" time="0.0">
    <skipped/>
  </testcase> <!-- uploadDocuments -->
  <testcase classname="CBS_Branch_Loan_IndividualLoan.Upload_Mandate" name="uploadMandate" time="0.0">
    <skipped/>
  </testcase> <!-- uploadMandate -->
  <testcase classname="CBS_Branch_Loan_IndividualLoan.Upload_NACH_File" name="uploadNACH" time="0.0">
    <skipped/>
  </testcase> <!-- uploadNACH -->
  <testcase classname="CBS_Branch_CoreBankingService_LoanOnDeposit.View_Deposit_Loan" name="viewAccount" time="0.0">
    <skipped/>
  </testcase> <!-- viewAccount -->
  <testcase classname="CBS_Branch_Agent.View_Agent" name="viewAgent" time="0.0">
    <skipped/>
  </testcase> <!-- viewAgent -->
  <testcase classname="CBS_Branch_Loan_GoldLoan.ViewGoldLoanApplication" name="viewGoldLoanApplication" time="0.0">
    <skipped/>
  </testcase> <!-- viewGoldLoanApplication -->
  <testcase classname="CBS_Branch_Loan_GoldLoan.ViewGoldLoanApplication" name="ApplicationInfo" time="0.0">
    <skipped/>
  </testcase> <!-- ApplicationInfo -->
  <testcase classname="CBS_Branch_Loan_GoldLoan.ViewGoldLoanApplication" name="AddItemsInfo" time="0.0">
    <skipped/>
  </testcase> <!-- AddItemsInfo -->
  <testcase classname="CBS_Branch_CustomerEnrollment.View_Customer_Enrollment" name="viewCustomer" time="0.0">
    <skipped/>
  </testcase> <!-- viewCustomer -->
  <testcase classname="CBS_Branch_Loan_GoldLoan.ViewGoldLoanApplication" name="SendForApproval" time="0.0">
    <skipped/>
  </testcase> <!-- SendForApproval -->
  <testcase classname="CBS_Branch_CoreBankingService_OD.View_OD_Account" name="viewODAccount" time="0.0">
    <skipped/>
  </testcase> <!-- viewODAccount -->
  <testcase classname="CBS_Branch_CoreBankingServices_PigmyWithdraw.View_Pigmy_Withdraw" name="viewPigmyWithdraw" time="0.0">
    <skipped/>
  </testcase> <!-- viewPigmyWithdraw -->
  <testcase classname="CBS_Branch_CoreBankingService_SharePayment.View_ShareReport" name="viewShareReport" time="0.0">
    <skipped/>
  </testcase> <!-- viewShareReport -->
  <testcase classname="CBS_Branch_Loan_IndividualLoan.View_NACH_File" name="view_Nach_File" time="0.0">
    <skipped/>
  </testcase> <!-- view_Nach_File -->
  <testcase classname="CBS_Branch_Transactions.EWallet_Report" name="walletapprove" time="0.001">
    <skipped/>
  </testcase> <!-- walletapprove -->
  <testcase classname="CBS_Branch_CoreBankingService_RD.RDOpen_Search_Prematured_Ledger" name="Calculations" time="0.0">
    <skipped/>
  </testcase> <!-- Calculations -->
  <testcase classname="CBS_Branch_Loan_GoldLoan.ViewGoldLoanApplication" name="checkApproval" time="0.025">
    <skipped/>
  </testcase> <!-- checkApproval -->
  <testcase classname="CBS_Branch_CoreBankingService_FD.FD_AccountOpening_Search_PreMatured_Ledger" name="FDcalculations" time="0.0">
    <skipped/>
  </testcase> <!-- FDcalculations -->
  <testcase classname="CBS_Branch_CoreBankingService_MIS.MIS_Open_Search_Premature_Ledger" name="MISCalculation" time="0.0">
    <skipped/>
  </testcase> <!-- MISCalculation -->
  <testcase classname="CBS_Branch_CoreBankingService_RD.RDOpen_Search_Prematured_Ledger" name="renewalRD" time="0.0">
    <skipped/>
  </testcase> <!-- renewalRD -->
  <testcase classname="CBS_Branch_CoreBankingService_MIS.MIS_Open_Search_Premature_Ledger" name="transferMoneyToFDAC" time="0.0">
    <skipped/>
  </testcase> <!-- transferMoneyToFDAC -->
  <testcase classname="CBS_Branch_CoreBankingService_RD.RDOpen_Search_Prematured_Ledger" name="ViewRD" time="0.0">
    <skipped/>
  </testcase> <!-- ViewRD -->
  <testcase classname="CBS_Branch_CoreBankingService_RD.RDOpen_Search_Prematured_Ledger" name="preMaturedRD" time="0.0">
    <skipped/>
  </testcase> <!-- preMaturedRD -->
  <testcase classname="CBS_Branch_CoreBankingService_MIS.MIS_Open_Search_Premature_Ledger" name="acceptTransferVoucher" time="0.0">
    <skipped/>
  </testcase> <!-- acceptTransferVoucher -->
  <testcase classname="CBS_Branch_CoreBankingService_RD.RDOpen_Search_Prematured_Ledger" name="RDAccountledger" time="0.0">
    <skipped/>
  </testcase> <!-- RDAccountledger -->
  <testcase classname="CBS_Branch_CoreBankingServices_PigmyDeposit.Pigmy_Open_Search_PreMature_Ledger" name="preMaturedPigmy" time="0.0">
    <skipped/>
  </testcase> <!-- preMaturedPigmy -->
  <testcase classname="CBS_Branch_CoreBankingService_RD.RDOpen_Search_Prematured_Ledger" name="PreMaturedVoucherApprove" time="0.0">
    <skipped/>
  </testcase> <!-- PreMaturedVoucherApprove -->
  <testcase classname="CBS_Branch_CoreBankingService_SavingAccount.SB_OpeningANDSearchANDLedger" name="searchSBAccount" time="0.0">
    <skipped/>
  </testcase> <!-- searchSBAccount -->
  <testcase classname="CBS_Branch_CoreBankingService_SavingAccount.SB_OpeningANDSearchANDLedger" name="addFund" time="0.0">
    <skipped/>
  </testcase> <!-- addFund -->
  <testcase classname="CBS_Branch_CoreBankingService_SavingAccount.SB_OpeningANDSearchANDLedger" name="viewSBLedger" time="0.0">
    <skipped/>
  </testcase> <!-- viewSBLedger -->
  <testcase classname="CBS_Branch_CoreBankingService_SavingAccount.SB_OpeningANDSearchANDLedger" name="CloseSBAccount" time="0.0">
    <skipped/>
  </testcase> <!-- CloseSBAccount -->
  <testcase classname="CBS_Branch_CoreBankingService_OD.OD_Account_OpeningANDView" name="OD_Opening" time="0.001">
    <skipped/>
  </testcase> <!-- OD_Opening -->
  <testcase classname="CBS_Branch_CoreBankingService_OD.OD_Account_OpeningANDView" name="viewAccount" time="0.0">
    <skipped/>
  </testcase> <!-- viewAccount -->
  <testcase classname="LoginBranch.BaseLoginForAllBranchModules" name="@AfterSuite exit" time="0.0">
    <ignored/>
  </testcase> <!-- @AfterSuite exit -->
  <testcase classname="LoginBranch.BaseLoginForAllBranchModules" name="@AfterSuite exit" time="0.0">
    <ignored/>
  </testcase> <!-- @AfterSuite exit -->
  <testcase classname="LoginBranch.BaseLoginForAllBranchModules" name="@AfterSuite exit" time="0.0">
    <ignored/>
  </testcase> <!-- @AfterSuite exit -->
  <testcase classname="LoginBranch.BaseLoginForAllBranchModules" name="@BeforeSuite login" time="0.0">
    <ignored/>
  </testcase> <!-- @BeforeSuite login -->
  <testcase classname="LoginBranch.BaseLoginForAllBranchModules" name="@AfterSuite exit" time="0.0">
    <ignored/>
  </testcase> <!-- @AfterSuite exit -->
  <testcase classname="LoginBranch.BaseLoginForAllBranchModules" name="@AfterSuite exit" time="0.0">
    <ignored/>
  </testcase> <!-- @AfterSuite exit -->
  <testcase classname="LoginBranch.BaseLoginForAllBranchModules" name="@BeforeSuite login" time="0.0">
    <ignored/>
  </testcase> <!-- @BeforeSuite login -->
  <testcase classname="LoginBranch.BaseLoginForAllBranchModules" name="@BeforeSuite login" time="0.0">
    <ignored/>
  </testcase> <!-- @BeforeSuite login -->
  <testcase classname="LoginBranch.BaseLoginForAllBranchModules" name="@BeforeSuite login" time="0.0">
    <ignored/>
  </testcase> <!-- @BeforeSuite login -->
  <testcase classname="LoginBranch.BaseLoginForAllBranchModules" name="@AfterSuite exit" time="0.0">
    <ignored/>
  </testcase> <!-- @AfterSuite exit -->
  <testcase classname="LoginBranch.BaseLoginForAllBranchModules" name="@AfterSuite exit" time="0.0">
    <ignored/>
  </testcase> <!-- @AfterSuite exit -->
  <testcase classname="LoginBranch.BaseLoginForAllBranchModules" name="@BeforeSuite login" time="0.0">
    <ignored/>
  </testcase> <!-- @BeforeSuite login -->
  <testcase classname="LoginBranch.BaseLoginForAllBranchModules" name="@BeforeSuite login" time="0.0">
    <ignored/>
  </testcase> <!-- @BeforeSuite login -->
  <testcase classname="LoginBranch.BaseLoginForAllBranchModules" name="@AfterSuite exit" time="0.0">
    <ignored/>
  </testcase> <!-- @AfterSuite exit -->
  <testcase classname="LoginBranch.BaseLoginForAllBranchModules" name="@AfterSuite exit" time="0.0">
    <ignored/>
  </testcase> <!-- @AfterSuite exit -->
  <testcase classname="LoginBranch.BaseLoginForAllBranchModules" name="@AfterSuite exit" time="0.0">
    <ignored/>
  </testcase> <!-- @AfterSuite exit -->
  <testcase classname="LoginBranch.BaseLoginForAllBranchModules" name="@AfterSuite exit" time="0.0">
    <ignored/>
  </testcase> <!-- @AfterSuite exit -->
  <testcase classname="LoginBranch.BaseLoginForAllBranchModules" name="@BeforeSuite login" time="0.0">
    <ignored/>
  </testcase> <!-- @BeforeSuite login -->
  <testcase classname="LoginBranch.BaseLoginForAllBranchModules" name="@BeforeSuite login" time="0.0">
    <ignored/>
  </testcase> <!-- @BeforeSuite login -->
  <testcase classname="LoginBranch.BaseLoginForAllBranchModules" name="@AfterSuite exit" time="0.0">
    <ignored/>
  </testcase> <!-- @AfterSuite exit -->
  <testcase classname="LoginBranch.BaseLoginForAllBranchModules" name="@BeforeSuite login" time="0.0">
    <ignored/>
  </testcase> <!-- @BeforeSuite login -->
  <testcase classname="LoginBranch.BaseLoginForAllBranchModules" name="@AfterSuite exit" time="0.0">
    <ignored/>
  </testcase> <!-- @AfterSuite exit -->
  <testcase classname="LoginBranch.BaseLoginForAllBranchModules" name="@BeforeSuite login" time="0.0">
    <ignored/>
  </testcase> <!-- @BeforeSuite login -->
  <testcase classname="LoginBranch.BaseLoginForAllBranchModules" name="@BeforeSuite login" time="0.0">
    <ignored/>
  </testcase> <!-- @BeforeSuite login -->
  <testcase classname="LoginBranch.BaseLoginForAllBranchModules" name="@AfterSuite exit" time="0.0">
    <ignored/>
  </testcase> <!-- @AfterSuite exit -->
  <testcase classname="LoginBranch.BaseLoginForAllBranchModules" name="@AfterSuite exit" time="0.0">
    <ignored/>
  </testcase> <!-- @AfterSuite exit -->
  <testcase classname="LoginBranch.BaseLoginForAllBranchModules" name="@AfterSuite exit" time="0.0">
    <ignored/>
  </testcase> <!-- @AfterSuite exit -->
  <testcase classname="LoginBranch.BaseLoginForAllBranchModules" name="@AfterSuite exit" time="0.0">
    <ignored/>
  </testcase> <!-- @AfterSuite exit -->
  <testcase classname="LoginBranch.BaseLoginForAllBranchModules" name="@BeforeSuite login" time="0.0">
    <ignored/>
  </testcase> <!-- @BeforeSuite login -->
  <testcase classname="LoginBranch.BaseLoginForAllBranchModules" name="@AfterSuite exit" time="0.0">
    <ignored/>
  </testcase> <!-- @AfterSuite exit -->
  <testcase classname="LoginBranch.BaseLoginForAllBranchModules" name="@BeforeSuite login" time="0.0">
    <ignored/>
  </testcase> <!-- @BeforeSuite login -->
  <testcase classname="LoginBranch.BaseLoginForAllBranchModules" name="@BeforeSuite login" time="0.0">
    <ignored/>
  </testcase> <!-- @BeforeSuite login -->
  <testcase classname="LoginBranch.BaseLoginForAllBranchModules" name="@BeforeSuite login" time="0.0">
    <ignored/>
  </testcase> <!-- @BeforeSuite login -->
  <testcase classname="LoginBranch.BaseLoginForAllBranchModules" name="@BeforeSuite login" time="0.0">
    <ignored/>
  </testcase> <!-- @BeforeSuite login -->
  <testcase classname="LoginBranch.BaseLoginForAllBranchModules" name="@AfterSuite exit" time="0.0">
    <ignored/>
  </testcase> <!-- @AfterSuite exit -->
  <testcase classname="LoginBranch.BaseLoginForAllBranchModules" name="@BeforeSuite login" time="0.0">
    <ignored/>
  </testcase> <!-- @BeforeSuite login -->
  <testcase classname="LoginBranch.BaseLoginForAllBranchModules" name="@AfterSuite exit" time="0.0">
    <ignored/>
  </testcase> <!-- @AfterSuite exit -->
  <testcase classname="LoginBranch.BaseLoginForAllBranchModules" name="@AfterSuite exit" time="0.0">
    <ignored/>
  </testcase> <!-- @AfterSuite exit -->
  <testcase classname="LoginBranch.BaseLoginForAllBranchModules" name="@BeforeSuite login" time="0.0">
    <ignored/>
  </testcase> <!-- @BeforeSuite login -->
  <testcase classname="LoginBranch.BaseLoginForAllBranchModules" name="@BeforeSuite login" time="0.0">
    <ignored/>
  </testcase> <!-- @BeforeSuite login -->
  <testcase classname="LoginBranch.BaseLoginForAllBranchModules" name="@AfterSuite exit" time="0.0">
    <ignored/>
  </testcase> <!-- @AfterSuite exit -->
  <testcase classname="LoginBranch.BaseLoginForAllBranchModules" name="@AfterSuite exit" time="0.0">
    <ignored/>
  </testcase> <!-- @AfterSuite exit -->
  <testcase classname="LoginBranch.BaseLoginForAllBranchModules" name="@BeforeSuite login" time="0.0">
    <ignored/>
  </testcase> <!-- @BeforeSuite login -->
  <testcase classname="LoginBranch.BaseLoginForAllBranchModules" name="@AfterSuite exit" time="0.0">
    <ignored/>
  </testcase> <!-- @AfterSuite exit -->
  <testcase classname="LoginBranch.BaseLoginForAllBranchModules" name="@BeforeSuite login" time="0.0">
    <ignored/>
  </testcase> <!-- @BeforeSuite login -->
  <testcase classname="LoginBranch.BaseLoginForAllBranchModules" name="@BeforeSuite login" time="0.0">
    <ignored/>
  </testcase> <!-- @BeforeSuite login -->
  <testcase classname="LoginBranch.BaseLoginForAllBranchModules" name="@BeforeSuite login" time="0.0">
    <ignored/>
  </testcase> <!-- @BeforeSuite login -->
  <testcase classname="LoginBranch.BaseLoginForAllBranchModules" name="@BeforeSuite login" time="0.0">
    <ignored/>
  </testcase> <!-- @BeforeSuite login -->
  <testcase classname="LoginBranch.BaseLoginForAllBranchModules" name="@BeforeSuite login" time="0.0">
    <ignored/>
  </testcase> <!-- @BeforeSuite login -->
  <testcase classname="LoginBranch.BaseLoginForAllBranchModules" name="@AfterSuite exit" time="0.0">
    <ignored/>
  </testcase> <!-- @AfterSuite exit -->
  <testcase classname="LoginBranch.BaseLoginForAllBranchModules" name="@AfterSuite exit" time="0.0">
    <ignored/>
  </testcase> <!-- @AfterSuite exit -->
  <testcase classname="LoginBranch.BaseLoginForAllBranchModules" name="@BeforeSuite login" time="0.0">
    <ignored/>
  </testcase> <!-- @BeforeSuite login -->
  <testcase classname="LoginBranch.BaseLoginForAllBranchModules" name="@AfterSuite exit" time="0.0">
    <ignored/>
  </testcase> <!-- @AfterSuite exit -->
  <testcase classname="LoginBranch.BaseLoginForAllBranchModules" name="@AfterSuite exit" time="0.0">
    <ignored/>
  </testcase> <!-- @AfterSuite exit -->
  <testcase classname="LoginBranch.BaseLoginForAllBranchModules" name="@AfterSuite exit" time="0.0">
    <ignored/>
  </testcase> <!-- @AfterSuite exit -->
  <testcase classname="LoginBranch.BaseLoginForAllBranchModules" name="@AfterSuite exit" time="0.0">
    <ignored/>
  </testcase> <!-- @AfterSuite exit -->
  <testcase classname="LoginBranch.BaseLoginForAllBranchModules" name="@AfterSuite exit" time="0.0">
    <ignored/>
  </testcase> <!-- @AfterSuite exit -->
  <testcase classname="LoginBranch.BaseLoginForAllBranchModules" name="@BeforeSuite login" time="0.0">
    <ignored/>
  </testcase> <!-- @BeforeSuite login -->
  <testcase classname="LoginBranch.BaseLoginForAllBranchModules" name="@AfterSuite exit" time="0.0">
    <ignored/>
  </testcase> <!-- @AfterSuite exit -->
  <testcase classname="LoginBranch.BaseLoginForAllBranchModules" name="@AfterSuite exit" time="0.0">
    <ignored/>
  </testcase> <!-- @AfterSuite exit -->
  <testcase classname="LoginBranch.BaseLoginForAllBranchModules" name="@AfterSuite exit" time="0.0">
    <ignored/>
  </testcase> <!-- @AfterSuite exit -->
  <testcase classname="LoginBranch.BaseLoginForAllBranchModules" name="@AfterSuite exit" time="0.0">
    <ignored/>
  </testcase> <!-- @AfterSuite exit -->
  <testcase classname="LoginBranch.BaseLoginForAllBranchModules" name="@AfterSuite exit" time="0.0">
    <ignored/>
  </testcase> <!-- @AfterSuite exit -->
  <testcase classname="LoginBranch.BaseLoginForAllBranchModules" name="@AfterSuite exit" time="0.0">
    <ignored/>
  </testcase> <!-- @AfterSuite exit -->
  <testcase classname="LoginBranch.BaseLoginForAllBranchModules" name="@AfterSuite exit" time="0.0">
    <ignored/>
  </testcase> <!-- @AfterSuite exit -->
  <testcase classname="LoginBranch.BaseLoginForAllBranchModules" name="@BeforeSuite login" time="0.0">
    <ignored/>
  </testcase> <!-- @BeforeSuite login -->
  <testcase classname="LoginBranch.BaseLoginForAllBranchModules" name="@BeforeSuite login" time="0.0">
    <ignored/>
  </testcase> <!-- @BeforeSuite login -->
  <testcase classname="LoginBranch.BaseLoginForAllBranchModules" name="@AfterSuite exit" time="0.0">
    <ignored/>
  </testcase> <!-- @AfterSuite exit -->
  <testcase classname="LoginBranch.BaseLoginForAllBranchModules" name="@AfterSuite exit" time="0.0">
    <ignored/>
  </testcase> <!-- @AfterSuite exit -->
  <testcase classname="LoginBranch.BaseLoginForAllBranchModules" name="@BeforeSuite login" time="0.0">
    <ignored/>
  </testcase> <!-- @BeforeSuite login -->
  <testcase classname="LoginBranch.BaseLoginForAllBranchModules" name="@BeforeSuite login" time="0.0">
    <ignored/>
  </testcase> <!-- @BeforeSuite login -->
  <testcase classname="LoginBranch.BaseLoginForAllBranchModules" name="@BeforeSuite login" time="0.0">
    <ignored/>
  </testcase> <!-- @BeforeSuite login -->
  <testcase classname="LoginBranch.BaseLoginForAllBranchModules" name="@BeforeSuite login" time="0.0">
    <ignored/>
  </testcase> <!-- @BeforeSuite login -->
  <testcase classname="LoginBranch.BaseLoginForAllBranchModules" name="@AfterSuite exit" time="0.0">
    <ignored/>
  </testcase> <!-- @AfterSuite exit -->
  <testcase classname="LoginBranch.BaseLoginForAllBranchModules" name="@AfterSuite exit" time="0.0">
    <ignored/>
  </testcase> <!-- @AfterSuite exit -->
  <testcase classname="LoginBranch.BaseLoginForAllBranchModules" name="@AfterSuite exit" time="0.0">
    <ignored/>
  </testcase> <!-- @AfterSuite exit -->
  <testcase classname="LoginBranch.BaseLoginForAllBranchModules" name="@BeforeSuite login" time="0.0">
    <ignored/>
  </testcase> <!-- @BeforeSuite login -->
  <testcase classname="LoginBranch.BaseLoginForAllBranchModules" name="@BeforeSuite login" time="0.0">
    <ignored/>
  </testcase> <!-- @BeforeSuite login -->
  <testcase classname="LoginBranch.BaseLoginForAllBranchModules" name="@BeforeSuite login" time="0.0">
    <ignored/>
  </testcase> <!-- @BeforeSuite login -->
  <testcase classname="LoginBranch.BaseLoginForAllBranchModules" name="@AfterSuite exit" time="0.0">
    <ignored/>
  </testcase> <!-- @AfterSuite exit -->
  <testcase classname="LoginBranch.BaseLoginForAllBranchModules" name="@AfterSuite exit" time="0.0">
    <ignored/>
  </testcase> <!-- @AfterSuite exit -->
  <testcase classname="LoginBranch.BaseLoginForAllBranchModules" name="@BeforeSuite login" time="0.0">
    <ignored/>
  </testcase> <!-- @BeforeSuite login -->
  <testcase classname="LoginBranch.BaseLoginForAllBranchModules" name="@AfterSuite exit" time="0.0">
    <ignored/>
  </testcase> <!-- @AfterSuite exit -->
  <testcase classname="LoginBranch.BaseLoginForAllBranchModules" name="@AfterSuite exit" time="0.0">
    <ignored/>
  </testcase> <!-- @AfterSuite exit -->
  <testcase classname="LoginBranch.BaseLoginForAllBranchModules" name="@AfterSuite exit" time="0.0">
    <ignored/>
  </testcase> <!-- @AfterSuite exit -->
  <testcase classname="LoginBranch.BaseLoginForAllBranchModules" name="@AfterSuite exit" time="0.0">
    <ignored/>
  </testcase> <!-- @AfterSuite exit -->
  <testcase classname="LoginBranch.BaseLoginForAllBranchModules" name="@BeforeSuite login" time="0.0">
    <ignored/>
  </testcase> <!-- @BeforeSuite login -->
  <testcase classname="LoginBranch.BaseLoginForAllBranchModules" name="@BeforeSuite login" time="0.0">
    <ignored/>
  </testcase> <!-- @BeforeSuite login -->
  <testcase classname="LoginBranch.BaseLoginForAllBranchModules" name="@BeforeSuite login" time="0.0">
    <ignored/>
  </testcase> <!-- @BeforeSuite login -->
  <testcase classname="LoginBranch.BaseLoginForAllBranchModules" name="@BeforeSuite login" time="0.0">
    <ignored/>
  </testcase> <!-- @BeforeSuite login -->
  <testcase classname="LoginBranch.BaseLoginForAllBranchModules" name="@BeforeSuite login" time="0.0">
    <ignored/>
  </testcase> <!-- @BeforeSuite login -->
  <testcase classname="LoginBranch.BaseLoginForAllBranchModules" name="@BeforeSuite login" time="0.0">
    <ignored/>
  </testcase> <!-- @BeforeSuite login -->
  <testcase classname="LoginBranch.BaseLoginForAllBranchModules" name="@BeforeSuite login" time="0.0">
    <ignored/>
  </testcase> <!-- @BeforeSuite login -->
  <testcase classname="LoginBranch.BaseLoginForAllBranchModules" name="@BeforeSuite login" time="0.0">
    <ignored/>
  </testcase> <!-- @BeforeSuite login -->
  <testcase classname="LoginBranch.BaseLoginForAllBranchModules" name="@AfterSuite exit" time="0.0">
    <ignored/>
  </testcase> <!-- @AfterSuite exit -->
  <testcase classname="LoginBranch.BaseLoginForAllBranchModules" name="@AfterSuite exit" time="0.0">
    <ignored/>
  </testcase> <!-- @AfterSuite exit -->
  <testcase classname="LoginBranch.BaseLoginForAllBranchModules" name="@AfterSuite exit" time="0.0">
    <ignored/>
  </testcase> <!-- @AfterSuite exit -->
  <testcase classname="LoginBranch.BaseLoginForAllBranchModules" name="@AfterSuite exit" time="0.0">
    <ignored/>
  </testcase> <!-- @AfterSuite exit -->
  <testcase classname="LoginBranch.BaseLoginForAllBranchModules" name="@BeforeSuite login" time="0.0">
    <ignored/>
  </testcase> <!-- @BeforeSuite login -->
  <testcase classname="LoginBranch.BaseLoginForAllBranchModules" name="@AfterSuite exit" time="0.0">
    <ignored/>
  </testcase> <!-- @AfterSuite exit -->
  <testcase classname="LoginBranch.BaseLoginForAllBranchModules" name="@BeforeSuite login" time="0.0">
    <ignored/>
  </testcase> <!-- @BeforeSuite login -->
  <testcase classname="LoginBranch.BaseLoginForAllBranchModules" name="@AfterSuite exit" time="0.0">
    <ignored/>
  </testcase> <!-- @AfterSuite exit -->
  <testcase classname="LoginBranch.BaseLoginForAllBranchModules" name="@BeforeSuite login" time="0.0">
    <ignored/>
  </testcase> <!-- @BeforeSuite login -->
  <testcase classname="LoginBranch.BaseLoginForAllBranchModules" name="@BeforeSuite login" time="0.0">
    <ignored/>
  </testcase> <!-- @BeforeSuite login -->
  <testcase classname="LoginBranch.BaseLoginForAllBranchModules" name="@AfterSuite exit" time="0.0">
    <ignored/>
  </testcase> <!-- @AfterSuite exit -->
  <testcase classname="LoginBranch.BaseLoginForAllBranchModules" name="@BeforeSuite login" time="0.0">
    <ignored/>
  </testcase> <!-- @BeforeSuite login -->
  <testcase classname="LoginBranch.BaseLoginForAllBranchModules" name="@BeforeSuite login" time="0.0">
    <ignored/>
  </testcase> <!-- @BeforeSuite login -->
  <testcase classname="LoginBranch.BaseLoginForAllBranchModules" name="@BeforeSuite login" time="0.0">
    <ignored/>
  </testcase> <!-- @BeforeSuite login -->
  <testcase classname="LoginBranch.BaseLoginForAllBranchModules" name="@AfterSuite exit" time="0.0">
    <ignored/>
  </testcase> <!-- @AfterSuite exit -->
  <testcase classname="LoginBranch.BaseLoginForAllBranchModules" name="@BeforeSuite login" time="0.0">
    <ignored/>
  </testcase> <!-- @BeforeSuite login -->
  <testcase classname="LoginBranch.BaseLoginForAllBranchModules" name="@BeforeSuite login" time="0.0">
    <ignored/>
  </testcase> <!-- @BeforeSuite login -->
  <testcase classname="LoginBranch.BaseLoginForAllBranchModules" name="@BeforeSuite login" time="0.0">
    <ignored/>
  </testcase> <!-- @BeforeSuite login -->
  <testcase classname="LoginBranch.BaseLoginForAllBranchModules" name="@BeforeSuite login" time="0.0">
    <ignored/>
  </testcase> <!-- @BeforeSuite login -->
  <testcase classname="LoginBranch.BaseLoginForAllBranchModules" name="@AfterSuite exit" time="0.0">
    <ignored/>
  </testcase> <!-- @AfterSuite exit -->
  <testcase classname="LoginBranch.BaseLoginForAllBranchModules" name="@AfterSuite exit" time="0.0">
    <ignored/>
  </testcase> <!-- @AfterSuite exit -->
  <testcase classname="LoginBranch.BaseLoginForAllBranchModules" name="@AfterSuite exit" time="0.0">
    <ignored/>
  </testcase> <!-- @AfterSuite exit -->
  <testcase classname="LoginBranch.BaseLoginForAllBranchModules" name="@BeforeSuite login" time="0.0">
    <ignored/>
  </testcase> <!-- @BeforeSuite login -->
  <testcase classname="LoginBranch.BaseLoginForAllBranchModules" name="@AfterSuite exit" time="0.0">
    <ignored/>
  </testcase> <!-- @AfterSuite exit -->
  <testcase classname="LoginBranch.BaseLoginForAllBranchModules" name="@BeforeSuite login" time="0.0">
    <ignored/>
  </testcase> <!-- @BeforeSuite login -->
  <testcase classname="LoginBranch.BaseLoginForAllBranchModules" name="@AfterSuite exit" time="0.0">
    <ignored/>
  </testcase> <!-- @AfterSuite exit -->
  <testcase classname="LoginBranch.BaseLoginForAllBranchModules" name="@AfterSuite exit" time="0.0">
    <ignored/>
  </testcase> <!-- @AfterSuite exit -->
  <testcase classname="LoginBranch.BaseLoginForAllBranchModules" name="@AfterSuite exit" time="0.0">
    <ignored/>
  </testcase> <!-- @AfterSuite exit -->
  <testcase classname="LoginBranch.BaseLoginForAllBranchModules" name="@AfterSuite exit" time="0.0">
    <ignored/>
  </testcase> <!-- @AfterSuite exit -->
  <testcase classname="LoginBranch.BaseLoginForAllBranchModules" name="@AfterSuite exit" time="0.0">
    <ignored/>
  </testcase> <!-- @AfterSuite exit -->
  <testcase classname="LoginBranch.BaseLoginForAllBranchModules" name="@BeforeSuite login" time="0.0">
    <ignored/>
  </testcase> <!-- @BeforeSuite login -->
  <testcase classname="LoginBranch.BaseLoginForAllBranchModules" name="@BeforeSuite login" time="0.0">
    <ignored/>
  </testcase> <!-- @BeforeSuite login -->
  <testcase classname="LoginBranch.BaseLoginForAllBranchModules" name="@BeforeSuite login" time="0.0">
    <ignored/>
  </testcase> <!-- @BeforeSuite login -->
  <testcase classname="LoginBranch.BaseLoginForAllBranchModules" name="@BeforeSuite login" time="0.0">
    <ignored/>
  </testcase> <!-- @BeforeSuite login -->
  <testcase classname="LoginBranch.BaseLoginForAllBranchModules" name="@AfterSuite exit" time="0.0">
    <ignored/>
  </testcase> <!-- @AfterSuite exit -->
  <testcase classname="LoginBranch.BaseLoginForAllBranchModules" name="@AfterSuite exit" time="0.0">
    <ignored/>
  </testcase> <!-- @AfterSuite exit -->
  <testcase classname="LoginBranch.BaseLoginForAllBranchModules" name="@AfterSuite exit" time="0.0">
    <ignored/>
  </testcase> <!-- @AfterSuite exit -->
  <testcase classname="LoginBranch.BaseLoginForAllBranchModules" name="@AfterSuite exit" time="0.0">
    <ignored/>
  </testcase> <!-- @AfterSuite exit -->
  <testcase classname="LoginBranch.BaseLoginForAllBranchModules" name="@BeforeSuite login" time="0.0">
    <ignored/>
  </testcase> <!-- @BeforeSuite login -->
  <testcase classname="LoginBranch.BaseLoginForAllBranchModules" name="@BeforeSuite login" time="0.0">
    <ignored/>
  </testcase> <!-- @BeforeSuite login -->
  <testcase classname="LoginBranch.BaseLoginForAllBranchModules" name="@AfterSuite exit" time="0.0">
    <ignored/>
  </testcase> <!-- @AfterSuite exit -->
  <testcase classname="LoginBranch.BaseLoginForAllBranchModules" name="@AfterSuite exit" time="0.0">
    <ignored/>
  </testcase> <!-- @AfterSuite exit -->
  <testcase classname="LoginBranch.BaseLoginForAllBranchModules" name="@AfterSuite exit" time="0.0">
    <ignored/>
  </testcase> <!-- @AfterSuite exit -->
  <testcase classname="LoginBranch.BaseLoginForAllBranchModules" name="@BeforeSuite login" time="0.0">
    <ignored/>
  </testcase> <!-- @BeforeSuite login -->
  <testcase classname="LoginBranch.BaseLoginForAllBranchModules" name="@BeforeSuite login" time="0.0">
    <ignored/>
  </testcase> <!-- @BeforeSuite login -->
  <testcase classname="LoginBranch.BaseLoginForAllBranchModules" name="@BeforeSuite login" time="0.0">
    <ignored/>
  </testcase> <!-- @BeforeSuite login -->
  <testcase classname="LoginBranch.BaseLoginForAllBranchModules" name="@BeforeSuite login" time="0.0">
    <ignored/>
  </testcase> <!-- @BeforeSuite login -->
  <testcase classname="LoginBranch.BaseLoginForAllBranchModules" name="@BeforeSuite login" time="0.0">
    <ignored/>
  </testcase> <!-- @BeforeSuite login -->
  <testcase classname="LoginBranch.BaseLoginForAllBranchModules" name="@BeforeSuite login" time="0.0">
    <ignored/>
  </testcase> <!-- @BeforeSuite login -->
  <testcase classname="LoginBranch.BaseLoginForAllBranchModules" name="@AfterSuite exit" time="0.0">
    <ignored/>
  </testcase> <!-- @AfterSuite exit -->
  <testcase classname="LoginBranch.BaseLoginForAllBranchModules" name="@BeforeSuite login" time="0.0">
    <ignored/>
  </testcase> <!-- @BeforeSuite login -->
  <testcase classname="LoginBranch.BaseLoginForAllBranchModules" name="@BeforeSuite login" time="0.0">
    <ignored/>
  </testcase> <!-- @BeforeSuite login -->
  <testcase classname="LoginBranch.BaseLoginForAllBranchModules" name="@AfterSuite exit" time="0.0">
    <ignored/>
  </testcase> <!-- @AfterSuite exit -->
  <testcase classname="LoginBranch.BaseLoginForAllBranchModules" name="@AfterSuite exit" time="0.0">
    <ignored/>
  </testcase> <!-- @AfterSuite exit -->
  <testcase classname="LoginBranch.BaseLoginForAllBranchModules" name="@BeforeSuite login" time="0.0">
    <ignored/>
  </testcase> <!-- @BeforeSuite login -->
  <testcase classname="LoginBranch.BaseLoginForAllBranchModules" name="@BeforeSuite login" time="0.0">
    <ignored/>
  </testcase> <!-- @BeforeSuite login -->
  <testcase classname="LoginBranch.BaseLoginForAllBranchModules" name="@AfterSuite exit" time="0.0">
    <ignored/>
  </testcase> <!-- @AfterSuite exit -->
  <testcase classname="LoginBranch.BaseLoginForAllBranchModules" name="@BeforeSuite login" time="0.0">
    <ignored/>
  </testcase> <!-- @BeforeSuite login -->
  <testcase classname="LoginBranch.BaseLoginForAllBranchModules" name="@BeforeSuite login" time="0.0">
    <ignored/>
  </testcase> <!-- @BeforeSuite login -->
  <testcase classname="LoginBranch.BaseLoginForAllBranchModules" name="@AfterSuite exit" time="0.0">
    <ignored/>
  </testcase> <!-- @AfterSuite exit -->
  <testcase classname="LoginBranch.BaseLoginForAllBranchModules" name="@AfterSuite exit" time="0.0">
    <ignored/>
  </testcase> <!-- @AfterSuite exit -->
  <testcase classname="LoginBranch.BaseLoginForAllBranchModules" name="@BeforeSuite login" time="0.0">
    <ignored/>
  </testcase> <!-- @BeforeSuite login -->
  <testcase classname="LoginBranch.BaseLoginForAllBranchModules" name="@AfterSuite exit" time="0.0">
    <ignored/>
  </testcase> <!-- @AfterSuite exit -->
  <testcase classname="LoginBranch.BaseLoginForAllBranchModules" name="@BeforeSuite login" time="0.0">
    <ignored/>
  </testcase> <!-- @BeforeSuite login -->
  <testcase classname="LoginBranch.BaseLoginForAllBranchModules" name="@BeforeSuite login" time="0.0">
    <ignored/>
  </testcase> <!-- @BeforeSuite login -->
  <testcase classname="LoginBranch.BaseLoginForAllBranchModules" name="@AfterSuite exit" time="0.0">
    <ignored/>
  </testcase> <!-- @AfterSuite exit -->
  <testcase classname="LoginBranch.BaseLoginForAllBranchModules" name="@AfterSuite exit" time="0.0">
    <ignored/>
  </testcase> <!-- @AfterSuite exit -->
  <testcase classname="LoginBranch.BaseLoginForAllBranchModules" name="@BeforeSuite login" time="0.0">
    <ignored/>
  </testcase> <!-- @BeforeSuite login -->
  <testcase classname="LoginBranch.BaseLoginForAllBranchModules" name="@BeforeSuite login" time="0.0">
    <ignored/>
  </testcase> <!-- @BeforeSuite login -->
  <testcase classname="LoginBranch.BaseLoginForAllBranchModules" name="@BeforeSuite login" time="0.0">
    <ignored/>
  </testcase> <!-- @BeforeSuite login -->
  <testcase classname="LoginBranch.BaseLoginForAllBranchModules" name="@BeforeSuite login" time="0.0">
    <ignored/>
  </testcase> <!-- @BeforeSuite login -->
  <testcase classname="LoginBranch.BaseLoginForAllBranchModules" name="@BeforeSuite login" time="0.0">
    <ignored/>
  </testcase> <!-- @BeforeSuite login -->
  <testcase classname="LoginBranch.BaseLoginForAllBranchModules" name="@BeforeSuite login" time="0.0">
    <ignored/>
  </testcase> <!-- @BeforeSuite login -->
  <testcase classname="LoginBranch.BaseLoginForAllBranchModules" name="@AfterSuite exit" time="0.0">
    <ignored/>
  </testcase> <!-- @AfterSuite exit -->
  <testcase classname="LoginBranch.BaseLoginForAllBranchModules" name="@AfterSuite exit" time="0.0">
    <ignored/>
  </testcase> <!-- @AfterSuite exit -->
  <testcase classname="LoginBranch.BaseLoginForAllBranchModules" name="@BeforeSuite login" time="0.0">
    <ignored/>
  </testcase> <!-- @BeforeSuite login -->
  <testcase classname="LoginBranch.BaseLoginForAllBranchModules" name="@AfterSuite exit" time="0.0">
    <ignored/>
  </testcase> <!-- @AfterSuite exit -->
  <testcase classname="LoginBranch.BaseLoginForAllBranchModules" name="@AfterSuite exit" time="0.0">
    <ignored/>
  </testcase> <!-- @AfterSuite exit -->
  <testcase classname="LoginBranch.BaseLoginForAllBranchModules" name="@AfterSuite exit" time="0.0">
    <ignored/>
  </testcase> <!-- @AfterSuite exit -->
  <testcase classname="LoginBranch.BaseLoginForAllBranchModules" name="@BeforeSuite login" time="0.0">
    <ignored/>
  </testcase> <!-- @BeforeSuite login -->
  <testcase classname="LoginBranch.BaseLoginForAllBranchModules" name="@AfterSuite exit" time="0.0">
    <ignored/>
  </testcase> <!-- @AfterSuite exit -->
  <testcase classname="LoginBranch.BaseLoginForAllBranchModules" name="@AfterSuite exit" time="0.0">
    <ignored/>
  </testcase> <!-- @AfterSuite exit -->
  <testcase classname="LoginBranch.BaseLoginForAllBranchModules" name="@AfterSuite exit" time="0.0">
    <ignored/>
  </testcase> <!-- @AfterSuite exit -->
  <testcase classname="LoginBranch.BaseLoginForAllBranchModules" name="@BeforeSuite login" time="0.0">
    <ignored/>
  </testcase> <!-- @BeforeSuite login -->
  <testcase classname="LoginBranch.BaseLoginForAllBranchModules" name="@AfterSuite exit" time="0.0">
    <ignored/>
  </testcase> <!-- @AfterSuite exit -->
  <testcase classname="LoginBranch.BaseLoginForAllBranchModules" name="@BeforeSuite login" time="0.0">
    <ignored/>
  </testcase> <!-- @BeforeSuite login -->
  <testcase classname="LoginBranch.BaseLoginForAllBranchModules" name="@BeforeSuite login" time="0.0">
    <ignored/>
  </testcase> <!-- @BeforeSuite login -->
  <testcase classname="LoginBranch.BaseLoginForAllBranchModules" name="@BeforeSuite login" time="0.0">
    <ignored/>
  </testcase> <!-- @BeforeSuite login -->
  <testcase classname="LoginBranch.BaseLoginForAllBranchModules" name="@BeforeSuite login" time="0.0">
    <ignored/>
  </testcase> <!-- @BeforeSuite login -->
  <testcase classname="LoginBranch.BaseLoginForAllBranchModules" name="@BeforeSuite login" time="0.0">
    <ignored/>
  </testcase> <!-- @BeforeSuite login -->
  <testcase classname="LoginBranch.BaseLoginForAllBranchModules" name="@BeforeSuite login" time="0.0">
    <ignored/>
  </testcase> <!-- @BeforeSuite login -->
  <testcase classname="LoginBranch.BaseLoginForAllBranchModules" name="@BeforeSuite login" time="0.0">
    <ignored/>
  </testcase> <!-- @BeforeSuite login -->
  <testcase classname="LoginBranch.BaseLoginForAllBranchModules" name="@BeforeSuite login" time="0.0">
    <ignored/>
  </testcase> <!-- @BeforeSuite login -->
  <testcase classname="LoginBranch.BaseLoginForAllBranchModules" name="@BeforeSuite login" time="0.0">
    <ignored/>
  </testcase> <!-- @BeforeSuite login -->
  <testcase classname="LoginBranch.BaseLoginForAllBranchModules" name="@AfterSuite exit" time="0.0">
    <ignored/>
  </testcase> <!-- @AfterSuite exit -->
  <testcase classname="LoginBranch.BaseLoginForAllBranchModules" name="@AfterSuite exit" time="0.0">
    <ignored/>
  </testcase> <!-- @AfterSuite exit -->
  <testcase classname="LoginBranch.BaseLoginForAllBranchModules" name="@AfterSuite exit" time="0.0">
    <ignored/>
  </testcase> <!-- @AfterSuite exit -->
  <testcase classname="LoginBranch.BaseLoginForAllBranchModules" name="@BeforeSuite login" time="0.0">
    <ignored/>
  </testcase> <!-- @BeforeSuite login -->
  <testcase classname="LoginBranch.BaseLoginForAllBranchModules" name="@AfterSuite exit" time="0.0">
    <ignored/>
  </testcase> <!-- @AfterSuite exit -->
  <testcase classname="LoginBranch.BaseLoginForAllBranchModules" name="@AfterSuite exit" time="0.0">
    <ignored/>
  </testcase> <!-- @AfterSuite exit -->
  <testcase classname="LoginBranch.BaseLoginForAllBranchModules" name="@BeforeSuite login" time="0.0">
    <ignored/>
  </testcase> <!-- @BeforeSuite login -->
  <testcase classname="LoginBranch.BaseLoginForAllBranchModules" name="@BeforeSuite login" time="0.0">
    <ignored/>
  </testcase> <!-- @BeforeSuite login -->
  <testcase classname="LoginBranch.BaseLoginForAllBranchModules" name="@AfterSuite exit" time="0.0">
    <ignored/>
  </testcase> <!-- @AfterSuite exit -->
  <testcase classname="LoginBranch.BaseLoginForAllBranchModules" name="@AfterSuite exit" time="0.0">
    <ignored/>
  </testcase> <!-- @AfterSuite exit -->
  <testcase classname="LoginBranch.BaseLoginForAllBranchModules" name="@BeforeSuite login" time="0.0">
    <ignored/>
  </testcase> <!-- @BeforeSuite login -->
  <testcase classname="LoginBranch.BaseLoginForAllBranchModules" name="@AfterSuite exit" time="0.0">
    <ignored/>
  </testcase> <!-- @AfterSuite exit -->
  <testcase classname="LoginBranch.BaseLoginForAllBranchModules" name="@AfterSuite exit" time="0.0">
    <ignored/>
  </testcase> <!-- @AfterSuite exit -->
  <testcase classname="LoginBranch.BaseLoginForAllBranchModules" name="@AfterSuite exit" time="0.0">
    <ignored/>
  </testcase> <!-- @AfterSuite exit -->
  <testcase classname="LoginBranch.BaseLoginForAllBranchModules" name="@BeforeSuite login" time="0.0">
    <ignored/>
  </testcase> <!-- @BeforeSuite login -->
  <testcase classname="LoginBranch.BaseLoginForAllBranchModules" name="@BeforeSuite login" time="0.0">
    <ignored/>
  </testcase> <!-- @BeforeSuite login -->
  <testcase classname="LoginBranch.BaseLoginForAllBranchModules" name="@AfterSuite exit" time="0.0">
    <ignored/>
  </testcase> <!-- @AfterSuite exit -->
  <testcase classname="LoginBranch.BaseLoginForAllBranchModules" name="@AfterSuite exit" time="0.0">
    <ignored/>
  </testcase> <!-- @AfterSuite exit -->
  <testcase classname="LoginBranch.BaseLoginForAllBranchModules" name="@BeforeSuite login" time="0.0">
    <ignored/>
  </testcase> <!-- @BeforeSuite login -->
  <testcase classname="LoginBranch.BaseLoginForAllBranchModules" name="@AfterSuite exit" time="0.0">
    <ignored/>
  </testcase> <!-- @AfterSuite exit -->
  <testcase classname="LoginBranch.BaseLoginForAllBranchModules" name="@BeforeSuite login" time="0.0">
    <ignored/>
  </testcase> <!-- @BeforeSuite login -->
  <testcase classname="LoginBranch.BaseLoginForAllBranchModules" name="@BeforeSuite login" time="0.0">
    <ignored/>
  </testcase> <!-- @BeforeSuite login -->
  <testcase classname="LoginBranch.BaseLoginForAllBranchModules" name="@AfterSuite exit" time="0.0">
    <ignored/>
  </testcase> <!-- @AfterSuite exit -->
  <testcase classname="LoginBranch.BaseLoginForAllBranchModules" name="@BeforeSuite login" time="0.0">
    <ignored/>
  </testcase> <!-- @BeforeSuite login -->
  <testcase classname="LoginBranch.BaseLoginForAllBranchModules" name="@BeforeSuite login" time="0.0">
    <ignored/>
  </testcase> <!-- @BeforeSuite login -->
  <testcase classname="LoginBranch.BaseLoginForAllBranchModules" name="@BeforeSuite login" time="0.0">
    <ignored/>
  </testcase> <!-- @BeforeSuite login -->
  <testcase classname="LoginBranch.BaseLoginForAllBranchModules" name="@AfterSuite exit" time="0.0">
    <ignored/>
  </testcase> <!-- @AfterSuite exit -->
  <testcase classname="LoginBranch.BaseLoginForAllBranchModules" name="@AfterSuite exit" time="0.0">
    <ignored/>
  </testcase> <!-- @AfterSuite exit -->
  <testcase classname="LoginBranch.BaseLoginForAllBranchModules" name="@BeforeSuite login" time="0.0">
    <ignored/>
  </testcase> <!-- @BeforeSuite login -->
  <testcase classname="LoginBranch.BaseLoginForAllBranchModules" name="@BeforeSuite login" time="0.0">
    <ignored/>
  </testcase> <!-- @BeforeSuite login -->
  <testcase classname="LoginBranch.BaseLoginForAllBranchModules" name="@AfterSuite exit" time="0.0">
    <ignored/>
  </testcase> <!-- @AfterSuite exit -->
  <testcase classname="LoginBranch.BaseLoginForAllBranchModules" name="@BeforeSuite login" time="0.0">
    <ignored/>
  </testcase> <!-- @BeforeSuite login -->
  <testcase classname="LoginBranch.BaseLoginForAllBranchModules" name="@AfterSuite exit" time="0.0">
    <ignored/>
  </testcase> <!-- @AfterSuite exit -->
  <testcase classname="LoginBranch.BaseLoginForAllBranchModules" name="@BeforeSuite login" time="0.0">
    <ignored/>
  </testcase> <!-- @BeforeSuite login -->
  <testcase classname="LoginBranch.BaseLoginForAllBranchModules" name="@BeforeSuite login" time="0.0">
    <ignored/>
  </testcase> <!-- @BeforeSuite login -->
  <testcase classname="LoginBranch.BaseLoginForAllBranchModules" name="@AfterSuite exit" time="0.0">
    <ignored/>
  </testcase> <!-- @AfterSuite exit -->
  <testcase classname="LoginBranch.BaseLoginForAllBranchModules" name="@BeforeSuite login" time="0.0">
    <ignored/>
  </testcase> <!-- @BeforeSuite login -->
  <testcase classname="LoginBranch.BaseLoginForAllBranchModules" name="@BeforeSuite login" time="0.0">
    <ignored/>
  </testcase> <!-- @BeforeSuite login -->
  <testcase classname="LoginBranch.BaseLoginForAllBranchModules" name="@AfterSuite exit" time="0.0">
    <ignored/>
  </testcase> <!-- @AfterSuite exit -->
  <testcase classname="LoginBranch.BaseLoginForAllBranchModules" name="@AfterSuite exit" time="0.0">
    <ignored/>
  </testcase> <!-- @AfterSuite exit -->
  <testcase classname="LoginBranch.BaseLoginForAllBranchModules" name="@BeforeSuite login" time="0.0">
    <ignored/>
  </testcase> <!-- @BeforeSuite login -->
  <testcase classname="LoginBranch.BaseLoginForAllBranchModules" name="@BeforeSuite login" time="0.0">
    <ignored/>
  </testcase> <!-- @BeforeSuite login -->
  <testcase classname="LoginBranch.BaseLoginForAllBranchModules" name="@AfterSuite exit" time="0.0">
    <ignored/>
  </testcase> <!-- @AfterSuite exit -->
  <testcase classname="LoginBranch.BaseLoginForAllBranchModules" name="@BeforeSuite login" time="0.0">
    <ignored/>
  </testcase> <!-- @BeforeSuite login -->
  <testcase classname="LoginBranch.BaseLoginForAllBranchModules" name="@BeforeSuite login" time="0.0">
    <ignored/>
  </testcase> <!-- @BeforeSuite login -->
  <testcase classname="LoginBranch.BaseLoginForAllBranchModules" name="@AfterSuite exit" time="0.0">
    <ignored/>
  </testcase> <!-- @AfterSuite exit -->
  <testcase classname="LoginBranch.BaseLoginForAllBranchModules" name="@AfterSuite exit" time="0.0">
    <ignored/>
  </testcase> <!-- @AfterSuite exit -->
  <testcase classname="LoginBranch.BaseLoginForAllBranchModules" name="@AfterSuite exit" time="0.0">
    <ignored/>
  </testcase> <!-- @AfterSuite exit -->
  <testcase classname="LoginBranch.BaseLoginForAllBranchModules" name="@AfterSuite exit" time="0.0">
    <ignored/>
  </testcase> <!-- @AfterSuite exit -->
  <testcase classname="LoginBranch.BaseLoginForAllBranchModules" name="@BeforeSuite login" time="0.0">
    <ignored/>
  </testcase> <!-- @BeforeSuite login -->
  <testcase classname="LoginBranch.BaseLoginForAllBranchModules" name="@AfterSuite exit" time="0.0">
    <ignored/>
  </testcase> <!-- @AfterSuite exit -->
  <testcase classname="LoginBranch.BaseLoginForAllBranchModules" name="@AfterSuite exit" time="0.0">
    <ignored/>
  </testcase> <!-- @AfterSuite exit -->
  <testcase classname="LoginBranch.BaseLoginForAllBranchModules" name="@AfterSuite exit" time="0.0">
    <ignored/>
  </testcase> <!-- @AfterSuite exit -->
  <testcase classname="LoginBranch.BaseLoginForAllBranchModules" name="@BeforeSuite login" time="0.0">
    <ignored/>
  </testcase> <!-- @BeforeSuite login -->
  <testcase classname="LoginBranch.BaseLoginForAllBranchModules" name="@AfterSuite exit" time="0.0">
    <ignored/>
  </testcase> <!-- @AfterSuite exit -->
  <testcase classname="LoginBranch.BaseLoginForAllBranchModules" name="@AfterSuite exit" time="0.0">
    <ignored/>
  </testcase> <!-- @AfterSuite exit -->
  <testcase classname="LoginBranch.BaseLoginForAllBranchModules" name="@BeforeSuite login" time="0.0">
    <ignored/>
  </testcase> <!-- @BeforeSuite login -->
  <testcase classname="LoginBranch.BaseLoginForAllBranchModules" name="@AfterSuite exit" time="0.0">
    <ignored/>
  </testcase> <!-- @AfterSuite exit -->
</testsuite> <!-- BranchParallelTest -->
