<?xml version="1.0" encoding="UTF-8"?>
<!-- Generated by org.testng.reporters.JUnitReportReporter -->
<testsuite hostname="DESKTOP-B2BGAG6" failures="0" tests="2" name="CBS_Admin_ManageBranch.CreateANDViewServiceCenterUser" time="43.897" errors="0" timestamp="2025-06-21T15:36:04 IST" skipped="0">
  <testcase classname="CBS_Admin_ManageBranch.CreateANDViewServiceCenterUser" name="AddServiceCenterUser" time="31.776"/>
  <testcase classname="CBS_Admin_ManageBranch.CreateANDViewServiceCenterUser" name="viewServiceCenterUser" time="12.121"/>
</testsuite> <!-- CBS_Admin_ManageBranch.CreateANDViewServiceCenterUser -->
