<?xml version="1.0" encoding="UTF-8"?>
<!-- Generated by org.testng.reporters.JUnitReportReporter -->
<testsuite hostname="DESKTOP-B2BGAG6" failures="0" tests="3" name="CBS_Admin_HRModule.CreateRankANDRankMaster" time="60.886" errors="0" timestamp="2025-06-21T10:38:25 IST" skipped="0">
  <testcase classname="CBS_Admin_HRModule.CreateRankANDRankMaster" name="navigation" time="3.212"/>
  <testcase classname="CBS_Admin_HRModule.CreateRankANDRankMaster" name="rankMaster" time="23.824"/>
  <testcase classname="CBS_Admin_HRModule.CreateRankANDRankMaster" name="manipulateRankORDesignation" time="33.850"/>
</testsuite> <!-- CBS_Admin_HRModule.CreateRankANDRankMaster -->
