<?xml version="1.0" encoding="UTF-8"?>
<!-- Generated by org.testng.reporters.JUnitReportReporter -->
<testsuite hostname="DESKTOP-B2BGAG6" failures="0" tests="4" name="CBS_Admin_BankingMaster.Loan_On_Deposit_Parameter" time="90.649" errors="0" timestamp="2025-11-21T19:30:26 IST" skipped="0">
  <testcase classname="CBS_Admin_BankingMaster.Loan_On_Deposit_Parameter" name="loanOnDepositForFD" time="22.425"/>
  <testcase classname="CBS_Admin_BankingMaster.Loan_On_Deposit_Parameter" name="loanOnDepositForPigmy" time="21.432"/>
  <testcase classname="CBS_Admin_BankingMaster.Loan_On_Deposit_Parameter" name="loanOnDepositForRD" time="23.609"/>
  <testcase classname="CBS_Admin_BankingMaster.Loan_On_Deposit_Parameter" name="loanOnDepositForMIS" time="23.183"/>
</testsuite> <!-- CBS_Admin_BankingMaster.Loan_On_Deposit_Parameter -->
