<?xml version="1.0" encoding="UTF-8"?>
<!-- Generated by org.testng.reporters.JUnitReportReporter -->
<testsuite hostname="DESKTOP-B2BGAG6" failures="0" tests="5" name="CBS_Admin_BankingMaster.Add_Prematurity_Slabs" time="110.557" errors="0" timestamp="2025-06-19T19:02:05 IST" skipped="0">
  <testcase classname="CBS_Admin_BankingMaster.Add_Prematurity_Slabs" name="navigation" time="6.285"/>
  <testcase classname="CBS_Admin_BankingMaster.Add_Prematurity_Slabs" name="addFDSlab" time="26.471"/>
  <testcase classname="CBS_Admin_BankingMaster.Add_Prematurity_Slabs" name="addRDSlab" time="25.683"/>
  <testcase classname="CBS_Admin_BankingMaster.Add_Prematurity_Slabs" name="addMISSlab" time="26.475"/>
  <testcase classname="CBS_Admin_BankingMaster.Add_Prematurity_Slabs" name="addPIGMYSlab" time="25.643"/>
</testsuite> <!-- CBS_Admin_BankingMaster.Add_Prematurity_Slabs -->
