<?xml version="1.0" encoding="UTF-8"?>
<!-- Generated by org.testng.reporters.JUnitReportReporter -->
<testsuite hostname="DESKTOP-B2BGAG6" failures="0" tests="3" name="CBS_Admin_BankingMaster.Service_Deduction" time="73.719" errors="0" timestamp="2025-11-24T13:24:23 IST" skipped="0">
  <testcase classname="CBS_Admin_BankingMaster.Service_Deduction" name="serviceDeduction_NEFT" time="24.736"/>
  <testcase classname="CBS_Admin_BankingMaster.Service_Deduction" name="serviceDeduction_IMPS" time="24.597"/>
  <testcase classname="CBS_Admin_BankingMaster.Service_Deduction" name="serviceDeduction_RTGS" time="24.386"/>
</testsuite> <!-- CBS_Admin_BankingMaster.Service_Deduction -->
