<?xml version="1.0" encoding="UTF-8"?>
<!-- Generated by org.testng.reporters.JUnitReportReporter -->
<testsuite hostname="DESKTOP-B2BGAG6" failures="0" tests="2" name="CBS_Admin_BankingMaster.Share_Parameter" time="53.231" errors="0" timestamp="2025-11-21T11:39:00 IST" skipped="0">
  <testcase classname="CBS_Admin_BankingMaster.Share_Parameter" name="addShareHolderParameters" time="28.492"/>
  <testcase classname="CBS_Admin_BankingMaster.Share_Parameter" name="addOrdinaryMemberParameters" time="24.739"/>
</testsuite> <!-- CBS_Admin_BankingMaster.Share_Parameter -->
