<?xml version="1.0" encoding="UTF-8"?>
<!-- Generated by org.testng.reporters.JUnitReportReporter -->
<testsuite hostname="DESKTOP-B2BGAG6" failures="0" tests="2" name="CBS_Admin_BankingMaster.Fee_Parameter" time="43.923" errors="0" timestamp="2025-11-21T11:57:13 IST" skipped="0">
  <testcase classname="CBS_Admin_BankingMaster.Fee_Parameter" name="feeParameterForShareHolder" time="22.799"/>
  <testcase classname="CBS_Admin_BankingMaster.Fee_Parameter" name="feeParameterForOrdinaryMember" time="21.124"/>
</testsuite> <!-- CBS_Admin_BankingMaster.Fee_Parameter -->
