<?xml version="1.0" encoding="UTF-8"?>
<!-- Generated by org.testng.reporters.JUnitReportReporter -->
<testsuite hostname="DESKTOP-B2BGAG6" failures="0" tests="3" name="CBS_Admin_BankingMaster.Late_Fee_Parameter" time="27.271" errors="0" timestamp="2025-11-24T14:06:06 IST" skipped="0">
  <testcase classname="CBS_Admin_BankingMaster.Late_Fee_Parameter" name="LateFeeParameterDaily" time="9.084"/>
  <testcase classname="CBS_Admin_BankingMaster.Late_Fee_Parameter" name="LateFeeParameterMonthly" time="8.797"/>
  <testcase classname="CBS_Admin_BankingMaster.Late_Fee_Parameter" name="LateFeeParameterYearly" time="9.390"/>
</testsuite> <!-- CBS_Admin_BankingMaster.Late_Fee_Parameter -->
