<?xml version="1.0" encoding="UTF-8"?>
<!-- Generated by org.testng.reporters.JUnitXMLReporter -->
<testsuite ignored="0" hostname="DESKTOP-DF4USC7" failures="0" tests="3" name="Test" time="25.088" errors="0" timestamp="2026-02-04T16:06:00 IST">
  <testcase classname="enterIntoSiteTest.forgotPasswordPageTest" name="callforgotPassword" time="13.885"/>
  <testcase classname="enterIntoSiteTest.RegistrationPageTest" name="callRegistrationPage" time="12.68"/>
  <testcase classname="enterIntoSiteTest.LoginPageTest" name="callLoginMethod" time="12.193"/>
</testsuite> <!-- Test -->
