<?xml version="1.0" encoding="UTF-8"?>
<!-- Generated by org.testng.reporters.JUnitReportReporter -->
<testsuite hostname="DESKTOP-DF4USC7" failures="0" tests="3" name="SelenumCode.dataProviderCode" time="15.182" errors="0" timestamp="2026-01-30T18:37:14 IST" skipped="0">
  <testcase classname="SelenumCode.dataProviderCode" name="SignUp" time="4.959"/>
  <testcase classname="SelenumCode.dataProviderCode" name="SignUp" time="5.252"/>
  <testcase classname="SelenumCode.dataProviderCode" name="SignUp" time="4.971"/>
</testsuite> <!-- SelenumCode.dataProviderCode -->
