<?xml version="1.0" encoding="UTF-8"?>
<!-- Generated by org.testng.reporters.JUnitReportReporter -->
<testsuite hostname="DESKTOP-DF4USC7" failures="0" tests="2" name="SelenumCode.BookStoreApplication" time="24.442" errors="0" timestamp="2025-12-30T20:14:40 IST" skipped="0">
  <testcase classname="SelenumCode.BookStoreApplication" name="register" time="21.622"/>
  <testcase classname="SelenumCode.BookStoreApplication" name="logIn" time="2.820"/>
</testsuite> <!-- SelenumCode.BookStoreApplication -->
