<?xml version="1.0" encoding="UTF-8"?>
<!-- Generated by org.testng.reporters.JUnitReportReporter -->
<testsuite hostname="DESKTOP-B2BGAG6" failures="0" tests="2" name="com.AutomationCBS.Practice.Scroll2000Pixels" time="12.848" errors="0" timestamp="2025-11-24T16:17:04 IST" skipped="0">
  <testcase classname="com.AutomationCBS.Practice.Scroll2000Pixels" name="login" time="7.771"/>
  <testcase classname="com.AutomationCBS.Practice.Scroll2000Pixels" name="scrollpage" time="5.077"/>
</testsuite> <!-- com.AutomationCBS.Practice.Scroll2000Pixels -->
