<?xml version="1.0" encoding="UTF-8"?>
<!-- Generated by org.testng.reporters.JUnitReportReporter -->
<testsuite hostname="DESKTOP-B2BGAG6" failures="0" tests="2" name="com.AutomationCBS.Practice.test2" time="55.902" errors="0" timestamp="2025-06-14T12:48:44 IST" skipped="0">
  <testcase classname="com.AutomationCBS.Practice.test2" name="setup" time="20.868"/>
  <testcase classname="com.AutomationCBS.Practice.test2" name="login" time="35.034"/>
</testsuite> <!-- com.AutomationCBS.Practice.test2 -->
