<?xml version="1.0" encoding="UTF-8"?>
<!-- Generated by org.testng.reporters.JUnitReportReporter -->
<testsuite hostname="DESKTOP-B2BGAG6" failures="0" tests="2" name="com.AutomationCBS.Practice.SeleniumChecking404ErrorCode" time="5.146" errors="0" timestamp="2025-10-28T20:01:00 IST" skipped="0">
  <testcase classname="com.AutomationCBS.Practice.SeleniumChecking404ErrorCode" name="login" time="4.982"/>
  <testcase classname="com.AutomationCBS.Practice.SeleniumChecking404ErrorCode" name="checkErrorThroughAssert" time="0.164"/>
</testsuite> <!-- com.AutomationCBS.Practice.SeleniumChecking404ErrorCode -->
