<?xml version="1.0" encoding="UTF-8"?>
<testng-results ignored="0" total="1" passed="1" failed="0" skipped="0">
  <reporter-output>
  </reporter-output>
  <suite started-at="2025-11-24T14:19:51 IST" name="Default suite" finished-at="2025-11-24T14:20:06 IST" duration-ms="15928">
    <groups>
    </groups>
    <test started-at="2025-11-24T14:19:51 IST" name="Default test" finished-at="2025-11-24T14:20:06 IST" duration-ms="15928">
      <class name="CBS_Admin_BankingMaster.Add_Service_Charges">
        <test-method is-config="true" signature="setup()[pri:0, instance:CBS_Admin_BankingMaster.Add_Service_Charges@5fd4f8f5]" started-at="2025-11-24T14:19:37 IST" name="setup" finished-at="2025-11-24T14:19:51 IST" duration-ms="13611" status="PASS">
          <reporter-output>
          </reporter-output>
        </test-method> <!-- setup -->
        <test-method signature="AddServiceCharges()[pri:1, instance:CBS_Admin_BankingMaster.Add_Service_Charges@5fd4f8f5]" started-at="2025-11-24T14:19:51 IST" name="AddServiceCharges" finished-at="2025-11-24T14:20:06 IST" duration-ms="15808" status="PASS">
          <reporter-output>
          </reporter-output>
        </test-method> <!-- AddServiceCharges -->
        <test-method is-config="true" signature="exit()[pri:0, instance:CBS_Admin_BankingMaster.Add_Service_Charges@5fd4f8f5]" started-at="2025-11-24T14:20:07 IST" name="exit" finished-at="2025-11-24T14:20:07 IST" duration-ms="567" status="PASS">
          <reporter-output>
          </reporter-output>
        </test-method> <!-- exit -->
      </class> <!-- CBS_Admin_BankingMaster.Add_Service_Charges -->
    </test> <!-- Default test -->
  </suite> <!-- Default suite -->
</testng-results>
